<?xml version="1.0" encoding="UTF-8"?>
<testsuite xmlns:xsi="http://www.w3.org/2001/XMLSchema-instance" xsi:noNamespaceSchemaLocation="https://maven.apache.org/surefire/maven-surefire-plugin/xsd/surefire-test-report-3.0.xsd" version="3.0" name="top.testeru.member.MemberDakaTest" time="64.132" tests="1" errors="0" skipped="0" failures="0">
  <properties>
[...]
</properties>
  <testcase name="daka" classname="top.testeru.member.MemberDakaTest" time="58.837">
    <system-out><![CDATA[[debug] &amp#27;[35m[HTTP]&amp#27;[39m Request idempotency key: c3f8a2a5-d400-40ba-bf00-305e40e35dd4
&amp#27;[35m[HTTP]&amp#27;[39m &amp#27;[37m-->&amp#27;[39m &amp#27;[37mPOST&amp#27;[39m &amp#27;[37m/wd/hub/session&amp#27;[39m
&amp#27;[35m[HTTP]&amp#27;[39m &amp#27;[90m{"capabilities":{"firstMatch":[{}],"alwaysMatch":{"appium:appActivity":".launch.LaunchSplashActivity","appium:appPackage":"com.tencent.wework","appium:autoGrantPermissions":true,"appium:automationName":"UiAutomator2","appium:deviceName":"8c5f5f92","appium:newCommandTimeout":300000,"appium:noReset":true,"appium:platformVersion":"13.0.0","appium:printPageSourceOnFindFailure":true,"appium:udid":"8c5f5f92","platformName":"ANDROID"}}}&amp#27;[39m
[debug] &amp#27;[35m[W3C]&amp#27;[39m Calling AppiumDriver.createSession() with args: [null,null,{"firstMatch":[{}],"alwaysMatch":{"appium:appActivity":".launch.LaunchSplashActivity","appium:appPackage":"com.tencent.wework","appium:autoGrantPermissions":true,"appium:automationName":"UiAutomator2","appium:deviceName":"8c5f5f92","appium:newCommandTimeout":300000,"appium:noReset":true,"appium:platformVersion":"13.0.0","appium:printPageSourceOnFindFailure":true,"appium:udid":"8c5f5f92","platformName":"ANDROID"}}]
[debug] &amp#27;[35m[BaseDriver]&amp#27;[39m Event 'newSessionRequested' logged at 1685236633139 (09:17:13 GMT+0800 (China Standard Time))
&amp#27;[35m[Appium]&amp#27;[39m Appium v1.22.3 creating new AndroidUiautomator2Driver (v1.70.1) session
[debug] &amp#27;[35m[BaseDriver]&amp#27;[39m Creating session with W3C capabilities: {
[debug] &amp#27;[35m[BaseDriver]&amp#27;[39m   "alwaysMatch": {
[debug] &amp#27;[35m[BaseDriver]&amp#27;[39m     "platformName": "ANDROID",
[debug] &amp#27;[35m[BaseDriver]&amp#27;[39m     "appium:appActivity": ".launch.LaunchSplashActivity",
[debug] &amp#27;[35m[BaseDriver]&amp#27;[39m     "appium:appPackage": "com.tencent.wework",
[debug] &amp#27;[35m[BaseDriver]&amp#27;[39m     "appium:autoGrantPermissions": true,
[debug] &amp#27;[35m[BaseDriver]&amp#27;[39m     "appium:automationName": "UiAutomator2",
[debug] &amp#27;[35m[BaseDriver]&amp#27;[39m     "appium:deviceName": "8c5f5f92",
[debug] &amp#27;[35m[BaseDriver]&amp#27;[39m     "appium:newCommandTimeout": 300000,
[debug] &amp#27;[35m[BaseDriver]&amp#27;[39m     "appium:noReset": true,
[debug] &amp#27;[35m[BaseDriver]&amp#27;[39m     "appium:platformVersion": "13.0.0",
[debug] &amp#27;[35m[BaseDriver]&amp#27;[39m     "appium:printPageSourceOnFindFailure": true,
[debug] &amp#27;[35m[BaseDriver]&amp#27;[39m     "appium:udid": "8c5f5f92"
[debug] &amp#27;[35m[BaseDriver]&amp#27;[39m   },
[debug] &amp#27;[35m[BaseDriver]&amp#27;[39m   "firstMatch": [
[debug] &amp#27;[35m[BaseDriver]&amp#27;[39m     {}
[debug] &amp#27;[35m[BaseDriver]&amp#27;[39m   ]
[debug] &amp#27;[35m[BaseDriver]&amp#27;[39m }
&amp#27;[35m[BaseDriver]&amp#27;[39m Session created with session id: e26f0de1-bd1c-40d9-8b93-9fcbb6e07b12
&amp#27;[35m[UiAutomator2]&amp#27;[39m Starting 'com.tencent.wework' directly on the device
&amp#27;[35m[ADB]&amp#27;[39m Using 'adb' from '/Users/gaigai/Library/Android/sdk/platform-tools/adb'
[debug] &amp#27;[35m[ADB]&amp#27;[39m Running '/Users/gaigai/Library/Android/sdk/platform-tools/adb -P 5037 start-server'
&amp#27;[35m[AndroidDriver]&amp#27;[39m Retrieving device list
[debug] &amp#27;[35m[ADB]&amp#27;[39m Trying to find a connected android device
[debug] &amp#27;[35m[ADB]&amp#27;[39m Getting connected devices
[debug] &amp#27;[35m[ADB]&amp#27;[39m Connected devices: [{"udid":"8c5f5f92","state":"device"}]
&amp#27;[35m[AndroidDriver]&amp#27;[39m Using device: 8c5f5f92
&amp#27;[35m[ADB]&amp#27;[39m Using 'adb' from '/Users/gaigai/Library/Android/sdk/platform-tools/adb'
[debug] &amp#27;[35m[ADB]&amp#27;[39m Running '/Users/gaigai/Library/Android/sdk/platform-tools/adb -P 5037 start-server'
[debug] &amp#27;[35m[ADB]&amp#27;[39m Setting device id to 8c5f5f92
[debug] &amp#27;[35m[ADB]&amp#27;[39m Running '/Users/gaigai/Library/Android/sdk/platform-tools/adb -P 5037 -s 8c5f5f92 shell getprop ro.build.version.sdk'
[debug] &amp#27;[35m[ADB]&amp#27;[39m Current device property 'ro.build.version.sdk': 33
&amp#27;[35m[ADB]&amp#27;[39m Getting device platform version
[debug] &amp#27;[35m[ADB]&amp#27;[39m Running '/Users/gaigai/Library/Android/sdk/platform-tools/adb -P 5037 -s 8c5f5f92 shell getprop ro.build.version.release'
[debug] &amp#27;[35m[ADB]&amp#27;[39m Current device property 'ro.build.version.release': 13
[debug] &amp#27;[35m[ADB]&amp#27;[39m Device API level: 33
&amp#27;[35m[UiAutomator2]&amp#27;[39m Relaxing hidden api policy
[debug] &amp#27;[35m[ADB]&amp#27;[39m Running '/Users/gaigai/Library/Android/sdk/platform-tools/adb -P 5037 -s 8c5f5f92 shell 'settings put global hidden_api_policy_pre_p_apps 1;settings put global hidden_api_policy_p_apps 1;settings put global hidden_api_policy 1''
&amp#27;[35m[AndroidDriver]&amp#27;[39m No app sent in, not parsing package/activity
[debug] &amp#27;[35m[ADB]&amp#27;[39m Running '/Users/gaigai/Library/Android/sdk/platform-tools/adb -P 5037 -s 8c5f5f92 wait-for-device'
[debug] &amp#27;[35m[ADB]&amp#27;[39m Running '/Users/gaigai/Library/Android/sdk/platform-tools/adb -P 5037 -s 8c5f5f92 shell echo ping'
[debug] &amp#27;[35m[AndroidDriver]&amp#27;[39m Pushing settings apk to device...
[debug] &amp#27;[35m[ADB]&amp#27;[39m Getting install status for io.appium.settings
[debug] &amp#27;[35m[ADB]&amp#27;[39m Running '/Users/gaigai/Library/Android/sdk/platform-tools/adb -P 5037 -s 8c5f5f92 shell dumpsys package io.appium.settings'
[debug] &amp#27;[35m[ADB]&amp#27;[39m 'io.appium.settings' is installed
[debug] &amp#27;[35m[ADB]&amp#27;[39m Getting package info for 'io.appium.settings'
[debug] &amp#27;[35m[ADB]&amp#27;[39m Running '/Users/gaigai/Library/Android/sdk/platform-tools/adb -P 5037 -s 8c5f5f92 shell dumpsys package io.appium.settings'
[debug] &amp#27;[35m[ADB]&amp#27;[39m The version name of the installed 'io.appium.settings' is greater or equal to the application version name ('3.4.0' >= '3.4.0')
[debug] &amp#27;[35m[ADB]&amp#27;[39m There is no need to install/upgrade '/opt/homebrew/lib/node_modules/appium/node_modules/io.appium.settings/apks/settings_apk-debug.apk'
[debug] &amp#27;[35m[ADB]&amp#27;[39m Getting IDs of all 'io.appium.settings' processes
[debug] &amp#27;[35m[ADB]&amp#27;[39m Running '/Users/gaigai/Library/Android/sdk/platform-tools/adb -P 5037 -s 8c5f5f92 shell 'pgrep --help; echo $?''
[debug] &amp#27;[35m[ADB]&amp#27;[39m Running '/Users/gaigai/Library/Android/sdk/platform-tools/adb -P 5037 -s 8c5f5f92 shell pgrep -f \(\[\[:blank:\]\]\|\^\)io\.appium\.settings\(\[\[:blank:\]\]\|\$\)'
[debug] &amp#27;[35m[AndroidDriver]&amp#27;[39m io.appium.settings is already running. There is no need to reset its permissions.
[debug] &amp#27;[35m[ADB]&amp#27;[39m Running '/Users/gaigai/Library/Android/sdk/platform-tools/adb -P 5037 -s 8c5f5f92 shell appops set io.appium.settings android:mock_location allow'
[debug] &amp#27;[35m[Logcat]&amp#27;[39m Starting logs capture with command: /Users/gaigai/Library/Android/sdk/platform-tools/adb -P 5037 -s 8c5f5f92 logcat -v threadtime
[debug] &amp#27;[35m[UiAutomator2]&amp#27;[39m Forwarding UiAutomator2 Server port 6790 to local port 8201
[debug] &amp#27;[35m[ADB]&amp#27;[39m Forwarding system: 8201 to device: 6790
[debug] &amp#27;[35m[ADB]&amp#27;[39m Running '/Users/gaigai/Library/Android/sdk/platform-tools/adb -P 5037 -s 8c5f5f92 forward tcp:8201 tcp:6790'
[debug] &amp#27;[35m[ADB]&amp#27;[39m Getting install status for io.appium.uiautomator2.server
[debug] &amp#27;[35m[ADB]&amp#27;[39m Running '/Users/gaigai/Library/Android/sdk/platform-tools/adb -P 5037 -s 8c5f5f92 shell dumpsys package io.appium.uiautomator2.server'
[debug] &amp#27;[35m[ADB]&amp#27;[39m 'io.appium.uiautomator2.server' is installed
[debug] &amp#27;[35m[ADB]&amp#27;[39m Getting package info for 'io.appium.uiautomator2.server'
[debug] &amp#27;[35m[ADB]&amp#27;[39m Running '/Users/gaigai/Library/Android/sdk/platform-tools/adb -P 5037 -s 8c5f5f92 shell dumpsys package io.appium.uiautomator2.server'
[debug] &amp#27;[35m[ADB]&amp#27;[39m The version name of the installed 'io.appium.uiautomator2.server' is greater or equal to the application version name ('4.27.0' >= '4.27.0')
[debug] &amp#27;[35m[UiAutomator2]&amp#27;[39m io.appium.uiautomator2.server installation state: sameVersionInstalled
[debug] &amp#27;[35m[ADB]&amp#27;[39m Checking app cert for /opt/homebrew/lib/node_modules/appium/node_modules/appium-uiautomator2-server/apks/appium-uiautomator2-server-v4.27.0.apk
[debug] &amp#27;[35m[ADB]&amp#27;[39m Using the previously cached signature entry for 'appium-uiautomator2-server-v4.27.0.apk'
[debug] &amp#27;[35m[ADB]&amp#27;[39m sha256 hash did match for 'appium-uiautomator2-server-v4.27.0.apk'
[debug] &amp#27;[35m[ADB]&amp#27;[39m Getting install status for io.appium.uiautomator2.server.test
[debug] &amp#27;[35m[ADB]&amp#27;[39m Running '/Users/gaigai/Library/Android/sdk/platform-tools/adb -P 5037 -s 8c5f5f92 shell dumpsys package io.appium.uiautomator2.server.test'
[debug] &amp#27;[35m[ADB]&amp#27;[39m 'io.appium.uiautomator2.server.test' is installed
[debug] &amp#27;[35m[ADB]&amp#27;[39m Checking app cert for /opt/homebrew/lib/node_modules/appium/node_modules/appium-uiautomator2-server/apks/appium-uiautomator2-server-debug-androidTest.apk
[debug] &amp#27;[35m[ADB]&amp#27;[39m Using the previously cached signature entry for 'appium-uiautomator2-server-debug-androidTest.apk'
[debug] &amp#27;[35m[ADB]&amp#27;[39m sha256 hash did match for 'appium-uiautomator2-server-debug-androidTest.apk'
&amp#27;[35m[UiAutomator2]&amp#27;[39m Server packages are not going to be (re)installed
[debug] &amp#27;[35m[UiAutomator2]&amp#27;[39m Waiting up to 30000ms for services to be available
[debug] &amp#27;[35m[ADB]&amp#27;[39m Running '/Users/gaigai/Library/Android/sdk/platform-tools/adb -P 5037 -s 8c5f5f92 shell pm list instrumentation'
[debug] &amp#27;[35m[UiAutomator2]&amp#27;[39m Instrumentation target 'io.appium.uiautomator2.server.test/androidx.test.runner.AndroidJUnitRunner' is available
&amp#27;[35m[ADB]&amp#27;[39m Adding packages ["io.appium.settings","io.appium.uiautomator2.server","io.appium.uiautomator2.server.test"] to Doze whitelist
[debug] &amp#27;[35m[ADB]&amp#27;[39m Got the following command chunks to execute: [["dumpsys","deviceidle","whitelist","+io.appium.settings",";","dumpsys","deviceidle","whitelist","+io.appium.uiautomator2.server",";","dumpsys","deviceidle","whitelist","+io.appium.uiautomator2.server.test",";"]]
[debug] &amp#27;[35m[ADB]&amp#27;[39m Running '/Users/gaigai/Library/Android/sdk/platform-tools/adb -P 5037 -s 8c5f5f92 shell dumpsys deviceidle whitelist +io.appium.settings ; dumpsys deviceidle whitelist +io.appium.uiautomator2.server ; dumpsys deviceidle whitelist +io.appium.uiautomator2.server.test ;'
[debug] &amp#27;[35m[UiAutomator2]&amp#27;[39m No app capability. Assuming it is already on the device
[debug] &amp#27;[35m[UiAutomator2]&amp#27;[39m Performing shallow cleanup of automation leftovers
[debug] &amp#27;[35m[UiAutomator2]&amp#27;[39m The following obsolete sessions are still running: ["2e74e7b9-85a6-478f-8ae2-621a49ed711a"]
[debug] &amp#27;[35m[UiAutomator2]&amp#27;[39m Cleaning up 1 obsolete session
[debug] &amp#27;[35m[Instrumentation]&amp#27;[39m .
[debug] &amp#27;[35m[Instrumentation]&amp#27;[39m Time: 99.053
[debug] &amp#27;[35m[Instrumentation]&amp#27;[39m 
[debug] &amp#27;[35m[Instrumentation]&amp#27;[39m OK (1 test)
[debug] &amp#27;[35m[Instrumentation]&amp#27;[39m The process has exited with code 0
[debug] &amp#27;[35m[ADB]&amp#27;[39m Running '/Users/gaigai/Library/Android/sdk/platform-tools/adb -P 5037 -s 8c5f5f92 shell am force-stop io.appium.uiautomator2.server.test'
&amp#27;[35m[UiAutomator2]&amp#27;[39m Starting UIAutomator2 server 4.27.0
&amp#27;[35m[UiAutomator2]&amp#27;[39m Using UIAutomator2 server from '/opt/homebrew/lib/node_modules/appium/node_modules/appium-uiautomator2-server/apks/appium-uiautomator2-server-v4.27.0.apk' and test from '/opt/homebrew/lib/node_modules/appium/node_modules/appium-uiautomator2-server/apks/appium-uiautomator2-server-debug-androidTest.apk'
&amp#27;[35m[UiAutomator2]&amp#27;[39m Waiting up to 30000ms for UiAutomator2 to be online...
[debug] &amp#27;[35m[ADB]&amp#27;[39m Creating ADB subprocess with args: ["-P",5037,"-s","8c5f5f92","shell","am","instrument","-w","-e","disableAnalytics",true,"io.appium.uiautomator2.server.test/androidx.test.runner.AndroidJUnitRunner"]
[debug] &amp#27;[35m[WD Proxy]&amp#27;[39m Matched '/status' to command name 'getStatus'
[debug] &amp#27;[35m[WD Proxy]&amp#27;[39m Proxying [GET /status] to [GET http://127.0.0.1:8201/wd/hub/status] with no body
&amp#27;[35m[WD Proxy]&amp#27;[39m socket hang up
[debug] &amp#27;[35m[Instrumentation]&amp#27;[39m io.appium.uiautomator2.server.test.AppiumUiAutomator2Server:
[debug] &amp#27;[35m[WD Proxy]&amp#27;[39m Matched '/status' to command name 'getStatus'
[debug] &amp#27;[35m[WD Proxy]&amp#27;[39m Proxying [GET /status] to [GET http://127.0.0.1:8201/wd/hub/status] with no body
&amp#27;[35m[WD Proxy]&amp#27;[39m socket hang up
[debug] &amp#27;[35m[WD Proxy]&amp#27;[39m Matched '/status' to command name 'getStatus'
[debug] &amp#27;[35m[WD Proxy]&amp#27;[39m Proxying [GET /status] to [GET http://127.0.0.1:8201/wd/hub/status] with no body
[debug] &amp#27;[35m[WD Proxy]&amp#27;[39m Got response with status 200: {"sessionId":"None","value":{"message":"UiAutomator2 Server is ready to accept commands","ready":true}}
[debug] &amp#27;[35m[UiAutomator2]&amp#27;[39m The initialization of the instrumentation process took 2035ms
[debug] &amp#27;[35m[WD Proxy]&amp#27;[39m Matched '/session' to command name 'createSession'
[debug] &amp#27;[35m[WD Proxy]&amp#27;[39m Proxying [POST /session] to [POST http://127.0.0.1:8201/wd/hub/session] with body: {"capabilities":{"firstMatch":[{"platform":"LINUX","webStorageEnabled":false,"takesScreenshot":true,"javascriptEnabled":true,"databaseEnabled":false,"networkConnectionEnabled":true,"locationContextEnabled":false,"warnings":{},"desired":{"platformName":"ANDROID","appActivity":".launch.LaunchSplashActivity","appPackage":"com.tencent.wework","autoGrantPermissions":true,"automationName":"UiAutomator2","deviceName":"8c5f5f92","newCommandTimeout":300000,"noReset":true,"platformVersion":"13.0.0","printPageSourceOnFindFailure":true,"udid":"8c5f5f92"},"platformName":"ANDROID","appActivity":".launch.LaunchSplashActivity","appPackage":"com.tencent.wework","autoGrantPermissions":true,"automationName":"UiAutomator2","deviceName":"8c5f5f92","newCommandTimeout":300000,"noReset":true,"platformVersion":"13.0.0","printPageSourceOnFindFailure":true,"udid":"8c5f5f92","deviceUDID":"8c5f5f92"}],"alwaysMatch":{}}}
[debug] &amp#27;[35m[WD Proxy]&amp#27;[39m Got response with status 200: {"sessionId":"4cb2e25a-2bc2-42cc-8dee-3bc92c52b92f","value":{"capabilities":{"firstMatch":[{"platform":"LINUX","webStorageEnabled":false,"takesScreenshot":true,"javascriptEnabled":true,"databaseEnabled":false,"networkConnectionEnabled":true,"locationContextEnabled":false,"warnings":{},"desired":{"platformName":"ANDROID","appActivity":".launch.LaunchSplashActivity","appPackage":"com.tencent.wework","autoGrantPermissions":true,"automationName":"UiAutomator2","deviceName":"8c5f5f92","newCommandTimeout":300000,"noReset":true,"platformVersion":"13.0.0","printPageSourceOnFindFailure":true,"udid":"8c5f5f92"},"platformName":"ANDROID","appActivity":".launch.LaunchSplashActivity","appPackage":"com.tencent.wework","autoGrantPermissions":true,"automationName":"UiAutomator2","deviceName":"8c5f5f92","newCommandTimeout":300000,"noReset":true,"platformVersion":"13.0.0","printPageSourceOnFindFailure":true,"udid":"8c5f5f92","deviceUDID":"8c5f5f92"}],"alwaysMatch":{}},"sessionId":"4cb2e25a-2bc2-42cc-8dee-3bc92c52b92f"}}
&amp#27;[35m[WD Proxy]&amp#27;[39m Determined the downstream protocol as 'W3C'
[debug] &amp#27;[35m[WD Proxy]&amp#27;[39m Proxying [GET /appium/device/info] to [GET http://127.0.0.1:8201/wd/hub/session/4cb2e25a-2bc2-42cc-8dee-3bc92c52b92f/appium/device/info] with no body
[debug] &amp#27;[35m[WD Proxy]&amp#27;[39m Got response with status 200: {"sessionId":"4cb2e25a-2bc2-42cc-8dee-3bc92c52b92f","value":{"androidId":"c4541127625f3cc5","apiVersion":"33","bluetooth":{"state":"ON"},"brand":"Redmi","carrierName":"中国联通","displayDensity":440,"locale":"zh_CN","manufacturer":"Xiaomi","model":"M2012K11C","networks":[{"capabilities":{"SSID":null,"linkDownBandwidthKbps":6129,"linkUpstreamBandwidthKbps":6129,"networkCapabilities":"NET_CAPABILITY_IMS,NET_CAPABILITY_NOT_METERED,NET_CAPABILITY_TRUSTED,NET_CAPABILITY_NOT_VPN,NET_CAPABILITY_VALIDATED,NET_CAPABILITY_NOT_ROAMING,NET_CAPABILITY_FOREGROUND,NET_CAPABILITY_NOT_CONGESTED,NET_CAPABILITY_NOT_SUSPENDED","signalStrength":-2147483648,"transportTypes":"TRANSPORT_CELLULAR"},"detailedState":"CONNECTED","extraInfo":"ims","isAvailable":true,"isConnected":true,"isFailover":false,"isRoaming":false,"state":"CONNECTED","subtype":20,"subtypeName":"NR","type":0,"typeName":"MOBILE"},{"capabilities":{"SSID":null,"linkDownBandwidthKbps":148550,"linkUpstreamBandwidthKbps":60000,"networkCapabilities":"NET_CAPABILITY_IMS,NET...
[debug] &amp#27;[35m[ADB]&amp#27;[39m Running '/Users/gaigai/Library/Android/sdk/platform-tools/adb -P 5037 -s 8c5f5f92 shell dumpsys window'
&amp#27;[35m[AndroidDriver]&amp#27;[39m Screen already unlocked, doing nothing
&amp#27;[35m[UiAutomator2]&amp#27;[39m Starting 'com.tencent.wework/.launch.LaunchSplashActivity and waiting for 'com.tencent.wework/.launch.LaunchSplashActivity'
[debug] &amp#27;[35m[ADB]&amp#27;[39m Running '/Users/gaigai/Library/Android/sdk/platform-tools/adb -P 5037 -s 8c5f5f92 shell am start -W -n com.tencent.wework/.launch.LaunchSplashActivity -S -a android.intent.action.MAIN -c android.intent.category.LAUNCHER -f 0x10200000'
[debug] &amp#27;[35m[WD Proxy]&amp#27;[39m Proxying [GET /appium/device/pixel_ratio] to [GET http://127.0.0.1:8201/wd/hub/session/4cb2e25a-2bc2-42cc-8dee-3bc92c52b92f/appium/device/pixel_ratio] with no body
[debug] &amp#27;[35m[WD Proxy]&amp#27;[39m Got response with status 200: {"sessionId":"4cb2e25a-2bc2-42cc-8dee-3bc92c52b92f","value":2.75}
[debug] &amp#27;[35m[WD Proxy]&amp#27;[39m Matched '/appium/device/system_bars' to command name 'getSystemBars'
[debug] &amp#27;[35m[WD Proxy]&amp#27;[39m Proxying [GET /appium/device/system_bars] to [GET http://127.0.0.1:8201/wd/hub/session/4cb2e25a-2bc2-42cc-8dee-3bc92c52b92f/appium/device/system_bars] with no body
[debug] &amp#27;[35m[WD Proxy]&amp#27;[39m Got response with status 200: {"sessionId":"4cb2e25a-2bc2-42cc-8dee-3bc92c52b92f","value":{"statusBar":80}}
[debug] &amp#27;[35m[WD Proxy]&amp#27;[39m Matched '/window/current/size' to command name 'getWindowSize'
[debug] &amp#27;[35m[WD Proxy]&amp#27;[39m Proxying [GET /window/current/size] to [GET http://127.0.0.1:8201/wd/hub/session/4cb2e25a-2bc2-42cc-8dee-3bc92c52b92f/window/current/size] with no body
[debug] &amp#27;[35m[WD Proxy]&amp#27;[39m Got response with status 200: {"sessionId":"4cb2e25a-2bc2-42cc-8dee-3bc92c52b92f","value":{"height":2276,"width":1080}}
&amp#27;[35m[Appium]&amp#27;[39m New AndroidUiautomator2Driver session created successfully, session e26f0de1-bd1c-40d9-8b93-9fcbb6e07b12 added to master session list
[debug] &amp#27;[35m[BaseDriver]&amp#27;[39m Event 'newSessionStarted' logged at 1685236638338 (09:17:18 GMT+0800 (China Standard Time))
[debug] &amp#27;[35m[W3C (e26f0de1)]&amp#27;[39m Cached the protocol value 'W3C' for the new session e26f0de1-bd1c-40d9-8b93-9fcbb6e07b12
[debug] &amp#27;[35m[W3C (e26f0de1)]&amp#27;[39m Responding to client with driver.createSession() result: {"capabilities":{"platform":"LINUX","webStorageEnabled":false,"takesScreenshot":true,"javascriptEnabled":true,"databaseEnabled":false,"networkConnectionEnabled":true,"locationContextEnabled":false,"warnings":{},"desired":{"platformName":"ANDROID","appActivity":".launch.LaunchSplashActivity","appPackage":"com.tencent.wework","autoGrantPermissions":true,"automationName":"UiAutomator2","deviceName":"8c5f5f92","newCommandTimeout":300000,"noReset":true,"platformVersion":"13.0.0","printPageSourceOnFindFailure":true,"udid":"8c5f5f92"},"platformName":"ANDROID","appActivity":".launch.LaunchSplashActivity","appPackage":"com.tencent.wework","autoGrantPermissions":true,"automationName":"UiAutomator2","deviceName":"8c5f5f92","newCommandTimeout":300000,"noReset":true,"platformVersion":"13","printPageSourceOnFindFailure":true,"udid":"8c5f5f92","deviceUDID":"8c5f5f92","deviceApiLevel":33,"deviceScreenSize":"1080x2400","deviceScreenDensity":440,"deviceModel":"M2012K11C","deviceManufacturer":"Xiaomi","pixelRatio":2.75,"stat...
&amp#27;[35m[HTTP]&amp#27;[39m &amp#27;[37m<-- POST /wd/hub/session &amp#27;[39m&amp#27;[32m200&amp#27;[39m &amp#27;[90m5201 ms - 1159&amp#27;[39m
&amp#27;[35m[HTTP]&amp#27;[39m &amp#27;[90m&amp#27;[39m
&amp#27;[35m[HTTP]&amp#27;[39m &amp#27;[37m-->&amp#27;[39m &amp#27;[37mPOST&amp#27;[39m &amp#27;[37m/wd/hub/session/e26f0de1-bd1c-40d9-8b93-9fcbb6e07b12/timeouts&amp#27;[39m
&amp#27;[35m[HTTP]&amp#27;[39m &amp#27;[90m{"implicit":20000}&amp#27;[39m
[debug] &amp#27;[35m[W3C (e26f0de1)]&amp#27;[39m Calling AppiumDriver.timeouts() with args: [null,null,null,null,20000,"e26f0de1-bd1c-40d9-8b93-9fcbb6e07b12"]
[debug] &amp#27;[35m[BaseDriver]&amp#27;[39m W3C timeout argument: {"implicit":20000}}
[debug] &amp#27;[35m[BaseDriver]&amp#27;[39m Set implicit wait to 20000ms
[debug] &amp#27;[35m[W3C (e26f0de1)]&amp#27;[39m Responding to client with driver.timeouts() result: null
&amp#27;[35m[HTTP]&amp#27;[39m &amp#27;[37m<-- POST /wd/hub/session/e26f0de1-bd1c-40d9-8b93-9fcbb6e07b12/timeouts &amp#27;[39m&amp#27;[32m200&amp#27;[39m &amp#27;[90m1 ms - 14&amp#27;[39m
&amp#27;[35m[HTTP]&amp#27;[39m &amp#27;[90m&amp#27;[39m
&amp#27;[35m[HTTP]&amp#27;[39m &amp#27;[37m-->&amp#27;[39m &amp#27;[37mPOST&amp#27;[39m &amp#27;[37m/wd/hub/session/e26f0de1-bd1c-40d9-8b93-9fcbb6e07b12/element&amp#27;[39m
&amp#27;[35m[HTTP]&amp#27;[39m &amp#27;[90m{"using":"xpath","value":"//*[@text=\"工作台\"]"}&amp#27;[39m
[debug] &amp#27;[35m[W3C (e26f0de1)]&amp#27;[39m Calling AppiumDriver.findElement() with args: ["xpath","//*[@text=\"工作台\"]","e26f0de1-bd1c-40d9-8b93-9fcbb6e07b12"]
[debug] &amp#27;[35m[BaseDriver]&amp#27;[39m Valid locator strategies for this request: xpath, id, class name, accessibility id, css selector, -android uiautomator
[debug] &amp#27;[35m[BaseDriver]&amp#27;[39m Waiting up to 20000 ms for condition
[debug] &amp#27;[35m[WD Proxy]&amp#27;[39m Matched '/element' to command name 'findElement'
[debug] &amp#27;[35m[WD Proxy]&amp#27;[39m Proxying [POST /element] to [POST http://127.0.0.1:8201/wd/hub/session/4cb2e25a-2bc2-42cc-8dee-3bc92c52b92f/element] with body: {"strategy":"xpath","selector":"//*[@text=\"工作台\"]","context":"","multiple":false}
[debug] &amp#27;[35m[WD Proxy]&amp#27;[39m Got response with status 200: {"sessionId":"4cb2e25a-2bc2-42cc-8dee-3bc92c52b92f","value":{"ELEMENT":"00000000-0000-0acb-ffff-ffff000000d2","element-6066-11e4-a52e-4f735466cecf":"00000000-0000-0acb-ffff-ffff000000d2"}}
[debug] &amp#27;[35m[W3C (e26f0de1)]&amp#27;[39m Responding to client with driver.findElement() result: {"element-6066-11e4-a52e-4f735466cecf":"00000000-0000-0acb-ffff-ffff000000d2","ELEMENT":"00000000-0000-0acb-ffff-ffff000000d2"}
&amp#27;[35m[HTTP]&amp#27;[39m &amp#27;[37m<-- POST /wd/hub/session/e26f0de1-bd1c-40d9-8b93-9fcbb6e07b12/element &amp#27;[39m&amp#27;[32m200&amp#27;[39m &amp#27;[90m2597 ms - 137&amp#27;[39m
&amp#27;[35m[HTTP]&amp#27;[39m &amp#27;[90m&amp#27;[39m
2023-05-28 09:17:20  &amp#27;[34m&amp#27;[0;39mINFO  &amp#27;[35m[main]&amp#27;[0;39m &amp#27;[33mtop.testeru.page.AppBasePage.find(AppBasePage.java:105)&amp#27;[0;39m -- 元素定位：By.xpath: //*[@text="工作台"]
&amp#27;[35m[HTTP]&amp#27;[39m &amp#27;[37m-->&amp#27;[39m &amp#27;[37mGET&amp#27;[39m &amp#27;[37m/wd/hub/session/e26f0de1-bd1c-40d9-8b93-9fcbb6e07b12/screenshot&amp#27;[39m
&amp#27;[35m[HTTP]&amp#27;[39m &amp#27;[90m{}&amp#27;[39m
[debug] &amp#27;[35m[W3C (e26f0de1)]&amp#27;[39m Calling AppiumDriver.getScreenshot() with args: ["e26f0de1-bd1c-40d9-8b93-9fcbb6e07b12"]
[debug] &amp#27;[35m[WD Proxy]&amp#27;[39m Matched '/screenshot' to command name 'getScreenshot'
[debug] &amp#27;[35m[WD Proxy]&amp#27;[39m Proxying [GET /screenshot] to [GET http://127.0.0.1:8201/wd/hub/session/4cb2e25a-2bc2-42cc-8dee-3bc92c52b92f/screenshot] with no body
[debug] &amp#27;[35m[WD Proxy]&amp#27;[39m Got response with status 200: {"sessionId":"4cb2e25a-2bc2-42cc-8dee-3bc92c52b92f","value":"iVBORw0KGgoAAAANSUhEUgAABDgAAAlgCAYAAABtGofVAAAAAXNSR0IArs4c6QAAAARzQklUCAgI\nCHwIZIgAACAASURBVHic7N13fFv1uT/wz9FetiRvO94rxs4gziaLhCZACAl7rxYo7Y+2QAuFUnpL\nKaXthcuFFnpbRltWIECYJUBCGEmAJCTOnh7xiPeQl2TJGuf3h7xky7ZsS7bkfN6vF69Wx2fJX8U6\n5znP93mEhfd9I4KIiIiIiIiIKIRJJvoEiIiIiIiIiIjGigEOIiIiIiIiIgp5DHAQERERERERUchj\ngIOIiIiIiIiIQh4DHEREREREREQU8hjgICIiIiIiIqKQxwAHEREREREREYU8BjiIiIiIiIiIKOQx\nwEFEREREREREIY8BDiIiIiIiIiIKeQxwEBEREREREVHIY4CDiIiIiIiIiEIeAxxEREREREREFPIY\n4CAiIiIiIiKikMcABxERERERERGFPAY4iIiIiIiIiCjkMcBBRERERERERCGPAQ4iIiIiIiIiCnkM\ncBARERERERFRyGOAg4iIiIiIiIhCHgMcRERERERERBTyGOAgIiIiIiIiopDHAAcRERERERERhTwG\nOIiIiIiIiIgo5DHAQUREREREREQhjwEOIiIiIiIiIgp5DHAQERERERERUchjgIOIiIiIiIiIQh4D\nHEREREREREQU8hjgICIiIiIiIqKQxwAHEREREREREYU8BjiIiIiIiIiIKOQxwEFEREREREREIU82\n0ScQTFbMiERarLrn9aHSNuwubBm34z96QzYkAnCwtA3fnmhGWV3HuB2bAkcQgLzkMExL1iHWoESs\nQYHa5k5Um2w4VNaGYxXtg26rVkhxfn4UDpe1o6jaPI5nTURERKEu1qBEYpQKcqmAigYrKhutE31K\n5GccYyJPDHD0MS/bgEU5hp7X...
[debug] &amp#27;[35m[W3C (e26f0de1)]&amp#27;[39m Responding to client with driver.getScreenshot() result: "iVBORw0KGgoAAAANSUhEUgAABDgAAAlgCAYAAABtGofVAAAAAXNSR0IArs4c6QAAAARzQklUCAgI\nCHwIZIgAACAASURBVHic7N13fFv1uT/wz9FetiRvO94rxs4gziaLhCZACAl7rxYo7Y+2QAuFUnpL\nKaXthcuFFnpbRltWIECYJUBCGEmAJCTOnh7xiPeQl2TJGuf3h7xky7ZsS7bkfN6vF69Wx2fJX8U6\n5znP93mEhfd9I4KIiIiIiIiIKIRJJvoEiIiIiIiIiIjGigEOIiIiIiIiIgp5DHAQERERERERUchj\ngIOIiIiIiIiIQh4DHEREREREREQU8hjgICIiIiIiIqKQxwAHEREREREREYU8BjiIiIiIiIiIKOQx\nwEFEREREREREIY8BDiIiIiIiIiIKeQxwEBEREREREVHIY4CDiIiIiIiIiEIeAxxEREREREREFPIY\n4CAiIiIiIiKikMcABxERERERERGFPAY4iIiIiIiIiCjkMcBBRERERERERCGPAQ4iIiIiIiIiCnkM\ncBARERERERFRyGOAg4iIiIiIiIhCHgMcRERERERERBTyGOAgIiIiIiIiopDHAAcRERERERERhTwG\nOIiIiIiIiIgo5DHAQUREREREREQhjwEOIiIiIiIiIgp5DHAQERERERERUchjgIOIiIiIiIiIQh4D\nHEREREREREQU8hjgICIiIiIiIqKQxwAHEREREREREYU8BjiIiIiIiIiIKOQxwEFEREREREREIU82\n0ScQTFbMiERarLrn9aHSNuwubBm34z96QzYkAnCwtA3fnmhGWV3HuB2bAkcQgLzkMExL1iHWoESs\nQYHa5k5Um2w4VNaGYxXtg26rVkhxfn4UDpe1o6jaPI5nTURERKEu1qBEYpQKcqmAigYrKhutE31K\n5GccYyJPDHD0MS/bgEU5hp7XThfGLcAxdYoWM1LDIACYnhKGKxbF4da/HEKLxTEux6fAuPfSNCzM\nMUIhFT...
&amp#27;[35m[HTTP]&amp#27;[39m &amp#27;[37m<-- GET /wd/hub/session/e26f0de1-bd1c-40d9-8b93-9fcbb6e07b12/screenshot &amp#27;[39m&amp#27;[32m200&amp#27;[39m &amp#27;[90m273 ms - 427292&amp#27;[39m
&amp#27;[35m[HTTP]&amp#27;[39m &amp#27;[90m&amp#27;[39m
&amp#27;[35m[HTTP]&amp#27;[39m &amp#27;[37m-->&amp#27;[39m &amp#27;[37mGET&amp#27;[39m &amp#27;[37m/wd/hub/session/e26f0de1-bd1c-40d9-8b93-9fcbb6e07b12/element/00000000-0000-0acb-ffff-ffff000000d2/rect&amp#27;[39m
&amp#27;[35m[HTTP]&amp#27;[39m &amp#27;[90m{}&amp#27;[39m
&amp#27;[35m[W3C (e26f0de1)]&amp#27;[39m Driver proxy active, passing request on via HTTP proxy
[debug] &amp#27;[35m[WD Proxy]&amp#27;[39m Matched '/wd/hub/session/e26f0de1-bd1c-40d9-8b93-9fcbb6e07b12/element/00000000-0000-0acb-ffff-ffff000000d2/rect' to command name 'getElementRect'
[debug] &amp#27;[35m[WD Proxy]&amp#27;[39m Proxying [GET /wd/hub/session/e26f0de1-bd1c-40d9-8b93-9fcbb6e07b12/element/00000000-0000-0acb-ffff-ffff000000d2/rect] to [GET http://127.0.0.1:8201/wd/hub/session/4cb2e25a-2bc2-42cc-8dee-3bc92c52b92f/element/00000000-0000-0acb-ffff-ffff000000d2/rect] with no body
[debug] &amp#27;[35m[WD Proxy]&amp#27;[39m Got response with status 200: {"sessionId":"4cb2e25a-2bc2-42cc-8dee-3bc92c52b92f","value":{"height":51,"width":216,"x":648,"y":2225}}
&amp#27;[35m[WD Proxy]&amp#27;[39m Replacing sessionId 4cb2e25a-2bc2-42cc-8dee-3bc92c52b92f with e26f0de1-bd1c-40d9-8b93-9fcbb6e07b12
&amp#27;[35m[HTTP]&amp#27;[39m &amp#27;[37m<-- GET /wd/hub/session/e26f0de1-bd1c-40d9-8b93-9fcbb6e07b12/element/00000000-0000-0acb-ffff-ffff000000d2/rect &amp#27;[39m&amp#27;[32m200&amp#27;[39m &amp#27;[90m10 ms - 103&amp#27;[39m
&amp#27;[35m[HTTP]&amp#27;[39m &amp#27;[90m&amp#27;[39m
&amp#27;[35m[HTTP]&amp#27;[39m &amp#27;[37m-->&amp#27;[39m &amp#27;[37mGET&amp#27;[39m &amp#27;[37m/wd/hub/session/e26f0de1-bd1c-40d9-8b93-9fcbb6e07b12/element/00000000-0000-0acb-ffff-ffff000000d2/rect&amp#27;[39m
&amp#27;[35m[HTTP]&amp#27;[39m &amp#27;[90m{}&amp#27;[39m
&amp#27;[35m[W3C (e26f0de1)]&amp#27;[39m Driver proxy active, passing request on via HTTP proxy
[debug] &amp#27;[35m[WD Proxy]&amp#27;[39m Matched '/wd/hub/session/e26f0de1-bd1c-40d9-8b93-9fcbb6e07b12/element/00000000-0000-0acb-ffff-ffff000000d2/rect' to command name 'getElementRect'
[debug] &amp#27;[35m[WD Proxy]&amp#27;[39m Proxying [GET /wd/hub/session/e26f0de1-bd1c-40d9-8b93-9fcbb6e07b12/element/00000000-0000-0acb-ffff-ffff000000d2/rect] to [GET http://127.0.0.1:8201/wd/hub/session/4cb2e25a-2bc2-42cc-8dee-3bc92c52b92f/element/00000000-0000-0acb-ffff-ffff000000d2/rect] with no body
[debug] &amp#27;[35m[WD Proxy]&amp#27;[39m Got response with status 200: {"sessionId":"4cb2e25a-2bc2-42cc-8dee-3bc92c52b92f","value":{"height":51,"width":216,"x":648,"y":2225}}
&amp#27;[35m[WD Proxy]&amp#27;[39m Replacing sessionId 4cb2e25a-2bc2-42cc-8dee-3bc92c52b92f with e26f0de1-bd1c-40d9-8b93-9fcbb6e07b12
&amp#27;[35m[HTTP]&amp#27;[39m &amp#27;[37m<-- GET /wd/hub/session/e26f0de1-bd1c-40d9-8b93-9fcbb6e07b12/element/00000000-0000-0acb-ffff-ffff000000d2/rect &amp#27;[39m&amp#27;[32m200&amp#27;[39m &amp#27;[90m5 ms - 103&amp#27;[39m
&amp#27;[35m[HTTP]&amp#27;[39m &amp#27;[90m&amp#27;[39m
2023-05-28 09:17:21  &amp#27;[34m&amp#27;[0;39mINFO  &amp#27;[35m[main]&amp#27;[0;39m &amp#27;[33mtop.testeru.page.AppBasePage.ElementScreenBase(AppBasePage.java:211)&amp#27;[0;39m -- location=$(648, 2225) size=$(216, 51) x=$648 y=$2225 width=$216 height=$51
&amp#27;[35m[HTTP]&amp#27;[39m &amp#27;[37m-->&amp#27;[39m &amp#27;[37mPOST&amp#27;[39m &amp#27;[37m/wd/hub/session/e26f0de1-bd1c-40d9-8b93-9fcbb6e07b12/element/00000000-0000-0acb-ffff-ffff000000d2/click&amp#27;[39m
&amp#27;[35m[HTTP]&amp#27;[39m &amp#27;[90m{"id":"00000000-0000-0acb-ffff-ffff000000d2"}&amp#27;[39m
[debug] &amp#27;[35m[W3C (e26f0de1)]&amp#27;[39m Calling AppiumDriver.click() with args: ["00000000-0000-0acb-ffff-ffff000000d2","e26f0de1-bd1c-40d9-8b93-9fcbb6e07b12"]
[debug] &amp#27;[35m[WD Proxy]&amp#27;[39m Matched '/element/00000000-0000-0acb-ffff-ffff000000d2/click' to command name 'click'
[debug] &amp#27;[35m[WD Proxy]&amp#27;[39m Proxying [POST /element/00000000-0000-0acb-ffff-ffff000000d2/click] to [POST http://127.0.0.1:8201/wd/hub/session/4cb2e25a-2bc2-42cc-8dee-3bc92c52b92f/element/00000000-0000-0acb-ffff-ffff000000d2/click] with body: {"element":"00000000-0000-0acb-ffff-ffff000000d2"}
[debug] &amp#27;[35m[WD Proxy]&amp#27;[39m Got response with status 200: {"sessionId":"4cb2e25a-2bc2-42cc-8dee-3bc92c52b92f","value":null}
[debug] &amp#27;[35m[W3C (e26f0de1)]&amp#27;[39m Responding to client with driver.click() result: null
&amp#27;[35m[HTTP]&amp#27;[39m &amp#27;[37m<-- POST /wd/hub/session/e26f0de1-bd1c-40d9-8b93-9fcbb6e07b12/element/00000000-0000-0acb-ffff-ffff000000d2/click &amp#27;[39m&amp#27;[32m200&amp#27;[39m &amp#27;[90m41 ms - 14&amp#27;[39m
&amp#27;[35m[HTTP]&amp#27;[39m &amp#27;[90m&amp#27;[39m
&amp#27;[35m[HTTP]&amp#27;[39m &amp#27;[37m-->&amp#27;[39m &amp#27;[37mGET&amp#27;[39m &amp#27;[37m/wd/hub/session/e26f0de1-bd1c-40d9-8b93-9fcbb6e07b12/source&amp#27;[39m
&amp#27;[35m[HTTP]&amp#27;[39m &amp#27;[90m{}&amp#27;[39m
&amp#27;[35m[W3C (e26f0de1)]&amp#27;[39m Driver proxy active, passing request on via HTTP proxy
[debug] &amp#27;[35m[WD Proxy]&amp#27;[39m Matched '/wd/hub/session/e26f0de1-bd1c-40d9-8b93-9fcbb6e07b12/source' to command name 'getPageSource'
[debug] &amp#27;[35m[WD Proxy]&amp#27;[39m Proxying [GET /wd/hub/session/e26f0de1-bd1c-40d9-8b93-9fcbb6e07b12/source] to [GET http://127.0.0.1:8201/wd/hub/session/4cb2e25a-2bc2-42cc-8dee-3bc92c52b92f/source] with no body
[debug] &amp#27;[35m[WD Proxy]&amp#27;[39m Got response with status 200: {"sessionId":"4cb2e25a-2bc2-42cc-8dee-3bc92c52b92f","value":"<?xml version='1.0' encoding='UTF-8' standalone='yes' ?>\r\n<hierarchy index=\"0\" class=\"hierarchy\" rotation=\"0\" width=\"1080\" height=\"2276\">\r\n  <android.widget.FrameLayout index=\"0\" package=\"com.tencent.wework\" class=\"android.widget.FrameLayout\" text=\"\" checkable=\"false\" checked=\"false\" clickable=\"false\" enabled=\"true\" focusable=\"false\" focused=\"false\" long-clickable=\"false\" password=\"false\" scrollable=\"false\" selected=\"false\" bounds=\"[0,0][1080,2276]\" displayed=\"true\">\r\n    <android.widget.LinearLayout index=\"0\" package=\"com.tencent.wework\" class=\"android.widget.LinearLayout\" text=\"\" checkable=\"false\" checked=\"false\" clickable=\"false\" enabled=\"true\" focusable=\"false\" focused=\"false\" long-clickable=\"false\" password=\"false\" scrollable=\"false\" selected=\"false\" bounds=\"[0,0][1080,2276]\" displayed=\"true\">\r\n      <android.widget.FrameLayout index=\"0\" package=\"com.tencent...
&amp#27;[35m[WD Proxy]&amp#27;[39m Replacing sessionId 4cb2e25a-2bc2-42cc-8dee-3bc92c52b92f with e26f0de1-bd1c-40d9-8b93-9fcbb6e07b12
&amp#27;[35m[HTTP]&amp#27;[39m &amp#27;[37m<-- GET /wd/hub/session/e26f0de1-bd1c-40d9-8b93-9fcbb6e07b12/source &amp#27;[39m&amp#27;[32m200&amp#27;[39m &amp#27;[90m225 ms - 13056&amp#27;[39m
&amp#27;[35m[HTTP]&amp#27;[39m &amp#27;[90m&amp#27;[39m
&amp#27;[35m[HTTP]&amp#27;[39m &amp#27;[37m-->&amp#27;[39m &amp#27;[37mGET&amp#27;[39m &amp#27;[37m/wd/hub/session/e26f0de1-bd1c-40d9-8b93-9fcbb6e07b12/source&amp#27;[39m
&amp#27;[35m[HTTP]&amp#27;[39m &amp#27;[90m{}&amp#27;[39m
&amp#27;[35m[W3C (e26f0de1)]&amp#27;[39m Driver proxy active, passing request on via HTTP proxy
[debug] &amp#27;[35m[WD Proxy]&amp#27;[39m Matched '/wd/hub/session/e26f0de1-bd1c-40d9-8b93-9fcbb6e07b12/source' to command name 'getPageSource'
[debug] &amp#27;[35m[WD Proxy]&amp#27;[39m Proxying [GET /wd/hub/session/e26f0de1-bd1c-40d9-8b93-9fcbb6e07b12/source] to [GET http://127.0.0.1:8201/wd/hub/session/4cb2e25a-2bc2-42cc-8dee-3bc92c52b92f/source] with no body
[debug] &amp#27;[35m[WD Proxy]&amp#27;[39m Got response with status 200: {"sessionId":"4cb2e25a-2bc2-42cc-8dee-3bc92c52b92f","value":"<?xml version='1.0' encoding='UTF-8' standalone='yes' ?>\r\n<hierarchy index=\"0\" class=\"hierarchy\" rotation=\"0\" width=\"1080\" height=\"2276\">\r\n  <android.widget.FrameLayout index=\"0\" package=\"com.tencent.wework\" class=\"android.widget.FrameLayout\" text=\"\" checkable=\"false\" checked=\"false\" clickable=\"false\" enabled=\"true\" focusable=\"false\" focused=\"false\" long-clickable=\"false\" password=\"false\" scrollable=\"false\" selected=\"false\" bounds=\"[0,0][1080,2276]\" displayed=\"true\">\r\n    <android.widget.LinearLayout index=\"0\" package=\"com.tencent.wework\" class=\"android.widget.LinearLayout\" text=\"\" checkable=\"false\" checked=\"false\" clickable=\"false\" enabled=\"true\" focusable=\"false\" focused=\"false\" long-clickable=\"false\" password=\"false\" scrollable=\"false\" selected=\"false\" bounds=\"[0,0][1080,2276]\" displayed=\"true\">\r\n      <android.widget.FrameLayout index=\"0\" package=\"com.tencent...
&amp#27;[35m[WD Proxy]&amp#27;[39m Replacing sessionId 4cb2e25a-2bc2-42cc-8dee-3bc92c52b92f with e26f0de1-bd1c-40d9-8b93-9fcbb6e07b12
&amp#27;[35m[HTTP]&amp#27;[39m &amp#27;[37m<-- GET /wd/hub/session/e26f0de1-bd1c-40d9-8b93-9fcbb6e07b12/source &amp#27;[39m&amp#27;[32m200&amp#27;[39m &amp#27;[90m131 ms - 73402&amp#27;[39m
&amp#27;[35m[HTTP]&amp#27;[39m &amp#27;[90m&amp#27;[39m
&amp#27;[35m[HTTP]&amp#27;[39m &amp#27;[37m-->&amp#27;[39m &amp#27;[37mPOST&amp#27;[39m &amp#27;[37m/wd/hub/session/e26f0de1-bd1c-40d9-8b93-9fcbb6e07b12/element&amp#27;[39m
&amp#27;[35m[HTTP]&amp#27;[39m &amp#27;[90m{"using":"css selector","value":"[text=\"打卡\"]"}&amp#27;[39m
[debug] &amp#27;[35m[W3C (e26f0de1)]&amp#27;[39m Calling AppiumDriver.findElement() with args: ["css selector","[text=\"打卡\"]","e26f0de1-bd1c-40d9-8b93-9fcbb6e07b12"]
[debug] &amp#27;[35m[BaseDriver]&amp#27;[39m Valid locator strategies for this request: xpath, id, class name, accessibility id, css selector, -android uiautomator
[debug] &amp#27;[35m[BaseDriver]&amp#27;[39m Waiting up to 20000 ms for condition
[debug] &amp#27;[35m[WD Proxy]&amp#27;[39m Matched '/element' to command name 'findElement'
[debug] &amp#27;[35m[WD Proxy]&amp#27;[39m Proxying [POST /element] to [POST http://127.0.0.1:8201/wd/hub/session/4cb2e25a-2bc2-42cc-8dee-3bc92c52b92f/element] with body: {"strategy":"-android uiautomator","selector":"new UiSelector().text(\"打卡\")","context":"","multiple":false}
&amp#27;[35m[WD Proxy]&amp#27;[39m Got response with status 404: {"sessionId":"4cb2e25a-2bc2-42cc-8dee-3bc92c52b92f","value":{"error":"no such element","message":"An element could not be located on the page using the given search parameters","stacktrace":"io.appium.uiautomator2.common.exceptions.ElementNotFoundException: An element could not be located on the page using the given search parameters\n\tat io.appium.uiautomator2.handler.FindElement.safeHandle(FindElement.java:70)\n\tat io.appium.uiautomator2.handler.request.SafeRequestHandler.handle(SafeRequestHandler.java:59)\n\tat io.appium.uiautomator2.server.AppiumServlet.handleRequest(AppiumServlet.java:266)\n\tat io.appium.uiautomator2.server.AppiumServlet.handleHttpRequest(AppiumServlet.java:260)\n\tat io.appium.uiautomator2.http.ServerHandler.channelRead(ServerHandler.java:68)\n\tat io.netty.channel.AbstractChannelHandlerContext.invokeChannelRead(AbstractChannelHandlerContext.java:366)\n\tat io.netty.channel.AbstractChannelHandlerContext.invokeChannelRead(AbstractChannelHandlerContext.java:352)\n\tat io.netty.chann...
[debug] &amp#27;[35m[W3C]&amp#27;[39m Matched W3C error code 'no such element' to NoSuchElementError
[debug] &amp#27;[35m[BaseDriver]&amp#27;[39m Waited for 49 ms so far
[debug] &amp#27;[35m[WD Proxy]&amp#27;[39m Matched '/element' to command name 'findElement'
[debug] &amp#27;[35m[WD Proxy]&amp#27;[39m Proxying [POST /element] to [POST http://127.0.0.1:8201/wd/hub/session/4cb2e25a-2bc2-42cc-8dee-3bc92c52b92f/element] with body: {"strategy":"-android uiautomator","selector":"new UiSelector().text(\"打卡\")","context":"","multiple":false}
&amp#27;[35m[WD Proxy]&amp#27;[39m Got response with status 404: {"sessionId":"4cb2e25a-2bc2-42cc-8dee-3bc92c52b92f","value":{"error":"no such element","message":"An element could not be located on the page using the given search parameters","stacktrace":"io.appium.uiautomator2.common.exceptions.ElementNotFoundException: An element could not be located on the page using the given search parameters\n\tat io.appium.uiautomator2.handler.FindElement.safeHandle(FindElement.java:70)\n\tat io.appium.uiautomator2.handler.request.SafeRequestHandler.handle(SafeRequestHandler.java:59)\n\tat io.appium.uiautomator2.server.AppiumServlet.handleRequest(AppiumServlet.java:266)\n\tat io.appium.uiautomator2.server.AppiumServlet.handleHttpRequest(AppiumServlet.java:260)\n\tat io.appium.uiautomator2.http.ServerHandler.channelRead(ServerHandler.java:68)\n\tat io.netty.channel.AbstractChannelHandlerContext.invokeChannelRead(AbstractChannelHandlerContext.java:366)\n\tat io.netty.channel.AbstractChannelHandlerContext.invokeChannelRead(AbstractChannelHandlerContext.java:352)\n\tat io.netty.chann...
[debug] &amp#27;[35m[W3C]&amp#27;[39m Matched W3C error code 'no such element' to NoSuchElementError
[debug] &amp#27;[35m[BaseDriver]&amp#27;[39m Waited for 605 ms so far
[debug] &amp#27;[35m[WD Proxy]&amp#27;[39m Matched '/element' to command name 'findElement'
[debug] &amp#27;[35m[WD Proxy]&amp#27;[39m Proxying [POST /element] to [POST http://127.0.0.1:8201/wd/hub/session/4cb2e25a-2bc2-42cc-8dee-3bc92c52b92f/element] with body: {"strategy":"-android uiautomator","selector":"new UiSelector().text(\"打卡\")","context":"","multiple":false}
&amp#27;[35m[WD Proxy]&amp#27;[39m Got response with status 404: {"sessionId":"4cb2e25a-2bc2-42cc-8dee-3bc92c52b92f","value":{"error":"no such element","message":"An element could not be located on the page using the given search parameters","stacktrace":"io.appium.uiautomator2.common.exceptions.ElementNotFoundException: An element could not be located on the page using the given search parameters\n\tat io.appium.uiautomator2.handler.FindElement.safeHandle(FindElement.java:70)\n\tat io.appium.uiautomator2.handler.request.SafeRequestHandler.handle(SafeRequestHandler.java:59)\n\tat io.appium.uiautomator2.server.AppiumServlet.handleRequest(AppiumServlet.java:266)\n\tat io.appium.uiautomator2.server.AppiumServlet.handleHttpRequest(AppiumServlet.java:260)\n\tat io.appium.uiautomator2.http.ServerHandler.channelRead(ServerHandler.java:68)\n\tat io.netty.channel.AbstractChannelHandlerContext.invokeChannelRead(AbstractChannelHandlerContext.java:366)\n\tat io.netty.channel.AbstractChannelHandlerContext.invokeChannelRead(AbstractChannelHandlerContext.java:352)\n\tat io.netty.chann...
[debug] &amp#27;[35m[W3C]&amp#27;[39m Matched W3C error code 'no such element' to NoSuchElementError
[debug] &amp#27;[35m[BaseDriver]&amp#27;[39m Waited for 1160 ms so far
[debug] &amp#27;[35m[WD Proxy]&amp#27;[39m Matched '/element' to command name 'findElement'
[debug] &amp#27;[35m[WD Proxy]&amp#27;[39m Proxying [POST /element] to [POST http://127.0.0.1:8201/wd/hub/session/4cb2e25a-2bc2-42cc-8dee-3bc92c52b92f/element] with body: {"strategy":"-android uiautomator","selector":"new UiSelector().text(\"打卡\")","context":"","multiple":false}
&amp#27;[35m[WD Proxy]&amp#27;[39m Got response with status 404: {"sessionId":"4cb2e25a-2bc2-42cc-8dee-3bc92c52b92f","value":{"error":"no such element","message":"An element could not be located on the page using the given search parameters","stacktrace":"io.appium.uiautomator2.common.exceptions.ElementNotFoundException: An element could not be located on the page using the given search parameters\n\tat io.appium.uiautomator2.handler.FindElement.safeHandle(FindElement.java:70)\n\tat io.appium.uiautomator2.handler.request.SafeRequestHandler.handle(SafeRequestHandler.java:59)\n\tat io.appium.uiautomator2.server.AppiumServlet.handleRequest(AppiumServlet.java:266)\n\tat io.appium.uiautomator2.server.AppiumServlet.handleHttpRequest(AppiumServlet.java:260)\n\tat io.appium.uiautomator2.http.ServerHandler.channelRead(ServerHandler.java:68)\n\tat io.netty.channel.AbstractChannelHandlerContext.invokeChannelRead(AbstractChannelHandlerContext.java:366)\n\tat io.netty.channel.AbstractChannelHandlerContext.invokeChannelRead(AbstractChannelHandlerContext.java:352)\n\tat io.netty.chann...
[debug] &amp#27;[35m[W3C]&amp#27;[39m Matched W3C error code 'no such element' to NoSuchElementError
[debug] &amp#27;[35m[BaseDriver]&amp#27;[39m Waited for 1715 ms so far
[debug] &amp#27;[35m[WD Proxy]&amp#27;[39m Matched '/element' to command name 'findElement'
[debug] &amp#27;[35m[WD Proxy]&amp#27;[39m Proxying [POST /element] to [POST http://127.0.0.1:8201/wd/hub/session/4cb2e25a-2bc2-42cc-8dee-3bc92c52b92f/element] with body: {"strategy":"-android uiautomator","selector":"new UiSelector().text(\"打卡\")","context":"","multiple":false}
&amp#27;[35m[WD Proxy]&amp#27;[39m Got response with status 404: {"sessionId":"4cb2e25a-2bc2-42cc-8dee-3bc92c52b92f","value":{"error":"no such element","message":"An element could not be located on the page using the given search parameters","stacktrace":"io.appium.uiautomator2.common.exceptions.ElementNotFoundException: An element could not be located on the page using the given search parameters\n\tat io.appium.uiautomator2.handler.FindElement.safeHandle(FindElement.java:70)\n\tat io.appium.uiautomator2.handler.request.SafeRequestHandler.handle(SafeRequestHandler.java:59)\n\tat io.appium.uiautomator2.server.AppiumServlet.handleRequest(AppiumServlet.java:266)\n\tat io.appium.uiautomator2.server.AppiumServlet.handleHttpRequest(AppiumServlet.java:260)\n\tat io.appium.uiautomator2.http.ServerHandler.channelRead(ServerHandler.java:68)\n\tat io.netty.channel.AbstractChannelHandlerContext.invokeChannelRead(AbstractChannelHandlerContext.java:366)\n\tat io.netty.channel.AbstractChannelHandlerContext.invokeChannelRead(AbstractChannelHandlerContext.java:352)\n\tat io.netty.chann...
[debug] &amp#27;[35m[W3C]&amp#27;[39m Matched W3C error code 'no such element' to NoSuchElementError
[debug] &amp#27;[35m[BaseDriver]&amp#27;[39m Waited for 2280 ms so far
[debug] &amp#27;[35m[WD Proxy]&amp#27;[39m Matched '/element' to command name 'findElement'
[debug] &amp#27;[35m[WD Proxy]&amp#27;[39m Proxying [POST /element] to [POST http://127.0.0.1:8201/wd/hub/session/4cb2e25a-2bc2-42cc-8dee-3bc92c52b92f/element] with body: {"strategy":"-android uiautomator","selector":"new UiSelector().text(\"打卡\")","context":"","multiple":false}
&amp#27;[35m[WD Proxy]&amp#27;[39m Got response with status 404: {"sessionId":"4cb2e25a-2bc2-42cc-8dee-3bc92c52b92f","value":{"error":"no such element","message":"An element could not be located on the page using the given search parameters","stacktrace":"io.appium.uiautomator2.common.exceptions.ElementNotFoundException: An element could not be located on the page using the given search parameters\n\tat io.appium.uiautomator2.handler.FindElement.safeHandle(FindElement.java:70)\n\tat io.appium.uiautomator2.handler.request.SafeRequestHandler.handle(SafeRequestHandler.java:59)\n\tat io.appium.uiautomator2.server.AppiumServlet.handleRequest(AppiumServlet.java:266)\n\tat io.appium.uiautomator2.server.AppiumServlet.handleHttpRequest(AppiumServlet.java:260)\n\tat io.appium.uiautomator2.http.ServerHandler.channelRead(ServerHandler.java:68)\n\tat io.netty.channel.AbstractChannelHandlerContext.invokeChannelRead(AbstractChannelHandlerContext.java:366)\n\tat io.netty.channel.AbstractChannelHandlerContext.invokeChannelRead(AbstractChannelHandlerContext.java:352)\n\tat io.netty.chann...
[debug] &amp#27;[35m[W3C]&amp#27;[39m Matched W3C error code 'no such element' to NoSuchElementError
[debug] &amp#27;[35m[BaseDriver]&amp#27;[39m Waited for 2836 ms so far
[debug] &amp#27;[35m[WD Proxy]&amp#27;[39m Matched '/element' to command name 'findElement'
[debug] &amp#27;[35m[WD Proxy]&amp#27;[39m Proxying [POST /element] to [POST http://127.0.0.1:8201/wd/hub/session/4cb2e25a-2bc2-42cc-8dee-3bc92c52b92f/element] with body: {"strategy":"-android uiautomator","selector":"new UiSelector().text(\"打卡\")","context":"","multiple":false}
&amp#27;[35m[WD Proxy]&amp#27;[39m Got response with status 404: {"sessionId":"4cb2e25a-2bc2-42cc-8dee-3bc92c52b92f","value":{"error":"no such element","message":"An element could not be located on the page using the given search parameters","stacktrace":"io.appium.uiautomator2.common.exceptions.ElementNotFoundException: An element could not be located on the page using the given search parameters\n\tat io.appium.uiautomator2.handler.FindElement.safeHandle(FindElement.java:70)\n\tat io.appium.uiautomator2.handler.request.SafeRequestHandler.handle(SafeRequestHandler.java:59)\n\tat io.appium.uiautomator2.server.AppiumServlet.handleRequest(AppiumServlet.java:266)\n\tat io.appium.uiautomator2.server.AppiumServlet.handleHttpRequest(AppiumServlet.java:260)\n\tat io.appium.uiautomator2.http.ServerHandler.channelRead(ServerHandler.java:68)\n\tat io.netty.channel.AbstractChannelHandlerContext.invokeChannelRead(AbstractChannelHandlerContext.java:366)\n\tat io.netty.channel.AbstractChannelHandlerContext.invokeChannelRead(AbstractChannelHandlerContext.java:352)\n\tat io.netty.chann...
[debug] &amp#27;[35m[W3C]&amp#27;[39m Matched W3C error code 'no such element' to NoSuchElementError
[debug] &amp#27;[35m[BaseDriver]&amp#27;[39m Waited for 3386 ms so far
[debug] &amp#27;[35m[WD Proxy]&amp#27;[39m Matched '/element' to command name 'findElement'
[debug] &amp#27;[35m[WD Proxy]&amp#27;[39m Proxying [POST /element] to [POST http://127.0.0.1:8201/wd/hub/session/4cb2e25a-2bc2-42cc-8dee-3bc92c52b92f/element] with body: {"strategy":"-android uiautomator","selector":"new UiSelector().text(\"打卡\")","context":"","multiple":false}
&amp#27;[35m[WD Proxy]&amp#27;[39m Got response with status 404: {"sessionId":"4cb2e25a-2bc2-42cc-8dee-3bc92c52b92f","value":{"error":"no such element","message":"An element could not be located on the page using the given search parameters","stacktrace":"io.appium.uiautomator2.common.exceptions.ElementNotFoundException: An element could not be located on the page using the given search parameters\n\tat io.appium.uiautomator2.handler.FindElement.safeHandle(FindElement.java:70)\n\tat io.appium.uiautomator2.handler.request.SafeRequestHandler.handle(SafeRequestHandler.java:59)\n\tat io.appium.uiautomator2.server.AppiumServlet.handleRequest(AppiumServlet.java:266)\n\tat io.appium.uiautomator2.server.AppiumServlet.handleHttpRequest(AppiumServlet.java:260)\n\tat io.appium.uiautomator2.http.ServerHandler.channelRead(ServerHandler.java:68)\n\tat io.netty.channel.AbstractChannelHandlerContext.invokeChannelRead(AbstractChannelHandlerContext.java:366)\n\tat io.netty.channel.AbstractChannelHandlerContext.invokeChannelRead(AbstractChannelHandlerContext.java:352)\n\tat io.netty.chann...
[debug] &amp#27;[35m[W3C]&amp#27;[39m Matched W3C error code 'no such element' to NoSuchElementError
[debug] &amp#27;[35m[BaseDriver]&amp#27;[39m Waited for 4527 ms so far
[debug] &amp#27;[35m[WD Proxy]&amp#27;[39m Matched '/element' to command name 'findElement'
[debug] &amp#27;[35m[WD Proxy]&amp#27;[39m Proxying [POST /element] to [POST http://127.0.0.1:8201/wd/hub/session/4cb2e25a-2bc2-42cc-8dee-3bc92c52b92f/element] with body: {"strategy":"-android uiautomator","selector":"new UiSelector().text(\"打卡\")","context":"","multiple":false}
&amp#27;[35m[WD Proxy]&amp#27;[39m Got response with status 404: {"sessionId":"4cb2e25a-2bc2-42cc-8dee-3bc92c52b92f","value":{"error":"no such element","message":"An element could not be located on the page using the given search parameters","stacktrace":"io.appium.uiautomator2.common.exceptions.ElementNotFoundException: An element could not be located on the page using the given search parameters\n\tat io.appium.uiautomator2.handler.FindElement.safeHandle(FindElement.java:70)\n\tat io.appium.uiautomator2.handler.request.SafeRequestHandler.handle(SafeRequestHandler.java:59)\n\tat io.appium.uiautomator2.server.AppiumServlet.handleRequest(AppiumServlet.java:266)\n\tat io.appium.uiautomator2.server.AppiumServlet.handleHttpRequest(AppiumServlet.java:260)\n\tat io.appium.uiautomator2.http.ServerHandler.channelRead(ServerHandler.java:68)\n\tat io.netty.channel.AbstractChannelHandlerContext.invokeChannelRead(AbstractChannelHandlerContext.java:366)\n\tat io.netty.channel.AbstractChannelHandlerContext.invokeChannelRead(AbstractChannelHandlerContext.java:352)\n\tat io.netty.chann...
[debug] &amp#27;[35m[W3C]&amp#27;[39m Matched W3C error code 'no such element' to NoSuchElementError
[debug] &amp#27;[35m[BaseDriver]&amp#27;[39m Waited for 5078 ms so far
[debug] &amp#27;[35m[WD Proxy]&amp#27;[39m Matched '/element' to command name 'findElement'
[debug] &amp#27;[35m[WD Proxy]&amp#27;[39m Proxying [POST /element] to [POST http://127.0.0.1:8201/wd/hub/session/4cb2e25a-2bc2-42cc-8dee-3bc92c52b92f/element] with body: {"strategy":"-android uiautomator","selector":"new UiSelector().text(\"打卡\")","context":"","multiple":false}
&amp#27;[35m[WD Proxy]&amp#27;[39m Got response with status 404: {"sessionId":"4cb2e25a-2bc2-42cc-8dee-3bc92c52b92f","value":{"error":"no such element","message":"An element could not be located on the page using the given search parameters","stacktrace":"io.appium.uiautomator2.common.exceptions.ElementNotFoundException: An element could not be located on the page using the given search parameters\n\tat io.appium.uiautomator2.handler.FindElement.safeHandle(FindElement.java:70)\n\tat io.appium.uiautomator2.handler.request.SafeRequestHandler.handle(SafeRequestHandler.java:59)\n\tat io.appium.uiautomator2.server.AppiumServlet.handleRequest(AppiumServlet.java:266)\n\tat io.appium.uiautomator2.server.AppiumServlet.handleHttpRequest(AppiumServlet.java:260)\n\tat io.appium.uiautomator2.http.ServerHandler.channelRead(ServerHandler.java:68)\n\tat io.netty.channel.AbstractChannelHandlerContext.invokeChannelRead(AbstractChannelHandlerContext.java:366)\n\tat io.netty.channel.AbstractChannelHandlerContext.invokeChannelRead(AbstractChannelHandlerContext.java:352)\n\tat io.netty.chann...
[debug] &amp#27;[35m[W3C]&amp#27;[39m Matched W3C error code 'no such element' to NoSuchElementError
[debug] &amp#27;[35m[BaseDriver]&amp#27;[39m Waited for 6229 ms so far
[debug] &amp#27;[35m[WD Proxy]&amp#27;[39m Matched '/element' to command name 'findElement'
[debug] &amp#27;[35m[WD Proxy]&amp#27;[39m Proxying [POST /element] to [POST http://127.0.0.1:8201/wd/hub/session/4cb2e25a-2bc2-42cc-8dee-3bc92c52b92f/element] with body: {"strategy":"-android uiautomator","selector":"new UiSelector().text(\"打卡\")","context":"","multiple":false}
&amp#27;[35m[WD Proxy]&amp#27;[39m Got response with status 404: {"sessionId":"4cb2e25a-2bc2-42cc-8dee-3bc92c52b92f","value":{"error":"no such element","message":"An element could not be located on the page using the given search parameters","stacktrace":"io.appium.uiautomator2.common.exceptions.ElementNotFoundException: An element could not be located on the page using the given search parameters\n\tat io.appium.uiautomator2.handler.FindElement.safeHandle(FindElement.java:70)\n\tat io.appium.uiautomator2.handler.request.SafeRequestHandler.handle(SafeRequestHandler.java:59)\n\tat io.appium.uiautomator2.server.AppiumServlet.handleRequest(AppiumServlet.java:266)\n\tat io.appium.uiautomator2.server.AppiumServlet.handleHttpRequest(AppiumServlet.java:260)\n\tat io.appium.uiautomator2.http.ServerHandler.channelRead(ServerHandler.java:68)\n\tat io.netty.channel.AbstractChannelHandlerContext.invokeChannelRead(AbstractChannelHandlerContext.java:366)\n\tat io.netty.channel.AbstractChannelHandlerContext.invokeChannelRead(AbstractChannelHandlerContext.java:352)\n\tat io.netty.chann...
[debug] &amp#27;[35m[W3C]&amp#27;[39m Matched W3C error code 'no such element' to NoSuchElementError
[debug] &amp#27;[35m[BaseDriver]&amp#27;[39m Waited for 6777 ms so far
[debug] &amp#27;[35m[WD Proxy]&amp#27;[39m Matched '/element' to command name 'findElement'
[debug] &amp#27;[35m[WD Proxy]&amp#27;[39m Proxying [POST /element] to [POST http://127.0.0.1:8201/wd/hub/session/4cb2e25a-2bc2-42cc-8dee-3bc92c52b92f/element] with body: {"strategy":"-android uiautomator","selector":"new UiSelector().text(\"打卡\")","context":"","multiple":false}
&amp#27;[35m[WD Proxy]&amp#27;[39m Got response with status 404: {"sessionId":"4cb2e25a-2bc2-42cc-8dee-3bc92c52b92f","value":{"error":"no such element","message":"An element could not be located on the page using the given search parameters","stacktrace":"io.appium.uiautomator2.common.exceptions.ElementNotFoundException: An element could not be located on the page using the given search parameters\n\tat io.appium.uiautomator2.handler.FindElement.safeHandle(FindElement.java:70)\n\tat io.appium.uiautomator2.handler.request.SafeRequestHandler.handle(SafeRequestHandler.java:59)\n\tat io.appium.uiautomator2.server.AppiumServlet.handleRequest(AppiumServlet.java:266)\n\tat io.appium.uiautomator2.server.AppiumServlet.handleHttpRequest(AppiumServlet.java:260)\n\tat io.appium.uiautomator2.http.ServerHandler.channelRead(ServerHandler.java:68)\n\tat io.netty.channel.AbstractChannelHandlerContext.invokeChannelRead(AbstractChannelHandlerContext.java:366)\n\tat io.netty.channel.AbstractChannelHandlerContext.invokeChannelRead(AbstractChannelHandlerContext.java:352)\n\tat io.netty.chann...
[debug] &amp#27;[35m[W3C]&amp#27;[39m Matched W3C error code 'no such element' to NoSuchElementError
[debug] &amp#27;[35m[BaseDriver]&amp#27;[39m Waited for 7330 ms so far
[debug] &amp#27;[35m[WD Proxy]&amp#27;[39m Matched '/element' to command name 'findElement'
[debug] &amp#27;[35m[WD Proxy]&amp#27;[39m Proxying [POST /element] to [POST http://127.0.0.1:8201/wd/hub/session/4cb2e25a-2bc2-42cc-8dee-3bc92c52b92f/element] with body: {"strategy":"-android uiautomator","selector":"new UiSelector().text(\"打卡\")","context":"","multiple":false}
&amp#27;[35m[WD Proxy]&amp#27;[39m Got response with status 404: {"sessionId":"4cb2e25a-2bc2-42cc-8dee-3bc92c52b92f","value":{"error":"no such element","message":"An element could not be located on the page using the given search parameters","stacktrace":"io.appium.uiautomator2.common.exceptions.ElementNotFoundException: An element could not be located on the page using the given search parameters\n\tat io.appium.uiautomator2.handler.FindElement.safeHandle(FindElement.java:70)\n\tat io.appium.uiautomator2.handler.request.SafeRequestHandler.handle(SafeRequestHandler.java:59)\n\tat io.appium.uiautomator2.server.AppiumServlet.handleRequest(AppiumServlet.java:266)\n\tat io.appium.uiautomator2.server.AppiumServlet.handleHttpRequest(AppiumServlet.java:260)\n\tat io.appium.uiautomator2.http.ServerHandler.channelRead(ServerHandler.java:68)\n\tat io.netty.channel.AbstractChannelHandlerContext.invokeChannelRead(AbstractChannelHandlerContext.java:366)\n\tat io.netty.channel.AbstractChannelHandlerContext.invokeChannelRead(AbstractChannelHandlerContext.java:352)\n\tat io.netty.chann...
[debug] &amp#27;[35m[W3C]&amp#27;[39m Matched W3C error code 'no such element' to NoSuchElementError
[debug] &amp#27;[35m[BaseDriver]&amp#27;[39m Waited for 7882 ms so far
[debug] &amp#27;[35m[WD Proxy]&amp#27;[39m Matched '/element' to command name 'findElement'
[debug] &amp#27;[35m[WD Proxy]&amp#27;[39m Proxying [POST /element] to [POST http://127.0.0.1:8201/wd/hub/session/4cb2e25a-2bc2-42cc-8dee-3bc92c52b92f/element] with body: {"strategy":"-android uiautomator","selector":"new UiSelector().text(\"打卡\")","context":"","multiple":false}
&amp#27;[35m[WD Proxy]&amp#27;[39m Got response with status 404: {"sessionId":"4cb2e25a-2bc2-42cc-8dee-3bc92c52b92f","value":{"error":"no such element","message":"An element could not be located on the page using the given search parameters","stacktrace":"io.appium.uiautomator2.common.exceptions.ElementNotFoundException: An element could not be located on the page using the given search parameters\n\tat io.appium.uiautomator2.handler.FindElement.safeHandle(FindElement.java:70)\n\tat io.appium.uiautomator2.handler.request.SafeRequestHandler.handle(SafeRequestHandler.java:59)\n\tat io.appium.uiautomator2.server.AppiumServlet.handleRequest(AppiumServlet.java:266)\n\tat io.appium.uiautomator2.server.AppiumServlet.handleHttpRequest(AppiumServlet.java:260)\n\tat io.appium.uiautomator2.http.ServerHandler.channelRead(ServerHandler.java:68)\n\tat io.netty.channel.AbstractChannelHandlerContext.invokeChannelRead(AbstractChannelHandlerContext.java:366)\n\tat io.netty.channel.AbstractChannelHandlerContext.invokeChannelRead(AbstractChannelHandlerContext.java:352)\n\tat io.netty.chann...
[debug] &amp#27;[35m[W3C]&amp#27;[39m Matched W3C error code 'no such element' to NoSuchElementError
[debug] &amp#27;[35m[BaseDriver]&amp#27;[39m Waited for 8434 ms so far
[debug] &amp#27;[35m[WD Proxy]&amp#27;[39m Matched '/element' to command name 'findElement'
[debug] &amp#27;[35m[WD Proxy]&amp#27;[39m Proxying [POST /element] to [POST http://127.0.0.1:8201/wd/hub/session/4cb2e25a-2bc2-42cc-8dee-3bc92c52b92f/element] with body: {"strategy":"-android uiautomator","selector":"new UiSelector().text(\"打卡\")","context":"","multiple":false}
&amp#27;[35m[WD Proxy]&amp#27;[39m Got response with status 404: {"sessionId":"4cb2e25a-2bc2-42cc-8dee-3bc92c52b92f","value":{"error":"no such element","message":"An element could not be located on the page using the given search parameters","stacktrace":"io.appium.uiautomator2.common.exceptions.ElementNotFoundException: An element could not be located on the page using the given search parameters\n\tat io.appium.uiautomator2.handler.FindElement.safeHandle(FindElement.java:70)\n\tat io.appium.uiautomator2.handler.request.SafeRequestHandler.handle(SafeRequestHandler.java:59)\n\tat io.appium.uiautomator2.server.AppiumServlet.handleRequest(AppiumServlet.java:266)\n\tat io.appium.uiautomator2.server.AppiumServlet.handleHttpRequest(AppiumServlet.java:260)\n\tat io.appium.uiautomator2.http.ServerHandler.channelRead(ServerHandler.java:68)\n\tat io.netty.channel.AbstractChannelHandlerContext.invokeChannelRead(AbstractChannelHandlerContext.java:366)\n\tat io.netty.channel.AbstractChannelHandlerContext.invokeChannelRead(AbstractChannelHandlerContext.java:352)\n\tat io.netty.chann...
[debug] &amp#27;[35m[W3C]&amp#27;[39m Matched W3C error code 'no such element' to NoSuchElementError
[debug] &amp#27;[35m[BaseDriver]&amp#27;[39m Waited for 8983 ms so far
[debug] &amp#27;[35m[WD Proxy]&amp#27;[39m Matched '/element' to command name 'findElement'
[debug] &amp#27;[35m[WD Proxy]&amp#27;[39m Proxying [POST /element] to [POST http://127.0.0.1:8201/wd/hub/session/4cb2e25a-2bc2-42cc-8dee-3bc92c52b92f/element] with body: {"strategy":"-android uiautomator","selector":"new UiSelector().text(\"打卡\")","context":"","multiple":false}
&amp#27;[35m[WD Proxy]&amp#27;[39m Got response with status 404: {"sessionId":"4cb2e25a-2bc2-42cc-8dee-3bc92c52b92f","value":{"error":"no such element","message":"An element could not be located on the page using the given search parameters","stacktrace":"io.appium.uiautomator2.common.exceptions.ElementNotFoundException: An element could not be located on the page using the given search parameters\n\tat io.appium.uiautomator2.handler.FindElement.safeHandle(FindElement.java:70)\n\tat io.appium.uiautomator2.handler.request.SafeRequestHandler.handle(SafeRequestHandler.java:59)\n\tat io.appium.uiautomator2.server.AppiumServlet.handleRequest(AppiumServlet.java:266)\n\tat io.appium.uiautomator2.server.AppiumServlet.handleHttpRequest(AppiumServlet.java:260)\n\tat io.appium.uiautomator2.http.ServerHandler.channelRead(ServerHandler.java:68)\n\tat io.netty.channel.AbstractChannelHandlerContext.invokeChannelRead(AbstractChannelHandlerContext.java:366)\n\tat io.netty.channel.AbstractChannelHandlerContext.invokeChannelRead(AbstractChannelHandlerContext.java:352)\n\tat io.netty.chann...
[debug] &amp#27;[35m[W3C]&amp#27;[39m Matched W3C error code 'no such element' to NoSuchElementError
[debug] &amp#27;[35m[BaseDriver]&amp#27;[39m Waited for 9537 ms so far
[debug] &amp#27;[35m[WD Proxy]&amp#27;[39m Matched '/element' to command name 'findElement'
[debug] &amp#27;[35m[WD Proxy]&amp#27;[39m Proxying [POST /element] to [POST http://127.0.0.1:8201/wd/hub/session/4cb2e25a-2bc2-42cc-8dee-3bc92c52b92f/element] with body: {"strategy":"-android uiautomator","selector":"new UiSelector().text(\"打卡\")","context":"","multiple":false}
&amp#27;[35m[WD Proxy]&amp#27;[39m Got response with status 404: {"sessionId":"4cb2e25a-2bc2-42cc-8dee-3bc92c52b92f","value":{"error":"no such element","message":"An element could not be located on the page using the given search parameters","stacktrace":"io.appium.uiautomator2.common.exceptions.ElementNotFoundException: An element could not be located on the page using the given search parameters\n\tat io.appium.uiautomator2.handler.FindElement.safeHandle(FindElement.java:70)\n\tat io.appium.uiautomator2.handler.request.SafeRequestHandler.handle(SafeRequestHandler.java:59)\n\tat io.appium.uiautomator2.server.AppiumServlet.handleRequest(AppiumServlet.java:266)\n\tat io.appium.uiautomator2.server.AppiumServlet.handleHttpRequest(AppiumServlet.java:260)\n\tat io.appium.uiautomator2.http.ServerHandler.channelRead(ServerHandler.java:68)\n\tat io.netty.channel.AbstractChannelHandlerContext.invokeChannelRead(AbstractChannelHandlerContext.java:366)\n\tat io.netty.channel.AbstractChannelHandlerContext.invokeChannelRead(AbstractChannelHandlerContext.java:352)\n\tat io.netty.chann...
[debug] &amp#27;[35m[W3C]&amp#27;[39m Matched W3C error code 'no such element' to NoSuchElementError
[debug] &amp#27;[35m[BaseDriver]&amp#27;[39m Waited for 10086 ms so far
[debug] &amp#27;[35m[WD Proxy]&amp#27;[39m Matched '/element' to command name 'findElement'
[debug] &amp#27;[35m[WD Proxy]&amp#27;[39m Proxying [POST /element] to [POST http://127.0.0.1:8201/wd/hub/session/4cb2e25a-2bc2-42cc-8dee-3bc92c52b92f/element] with body: {"strategy":"-android uiautomator","selector":"new UiSelector().text(\"打卡\")","context":"","multiple":false}
&amp#27;[35m[WD Proxy]&amp#27;[39m Got response with status 404: {"sessionId":"4cb2e25a-2bc2-42cc-8dee-3bc92c52b92f","value":{"error":"no such element","message":"An element could not be located on the page using the given search parameters","stacktrace":"io.appium.uiautomator2.common.exceptions.ElementNotFoundException: An element could not be located on the page using the given search parameters\n\tat io.appium.uiautomator2.handler.FindElement.safeHandle(FindElement.java:70)\n\tat io.appium.uiautomator2.handler.request.SafeRequestHandler.handle(SafeRequestHandler.java:59)\n\tat io.appium.uiautomator2.server.AppiumServlet.handleRequest(AppiumServlet.java:266)\n\tat io.appium.uiautomator2.server.AppiumServlet.handleHttpRequest(AppiumServlet.java:260)\n\tat io.appium.uiautomator2.http.ServerHandler.channelRead(ServerHandler.java:68)\n\tat io.netty.channel.AbstractChannelHandlerContext.invokeChannelRead(AbstractChannelHandlerContext.java:366)\n\tat io.netty.channel.AbstractChannelHandlerContext.invokeChannelRead(AbstractChannelHandlerContext.java:352)\n\tat io.netty.chann...
[debug] &amp#27;[35m[W3C]&amp#27;[39m Matched W3C error code 'no such element' to NoSuchElementError
[debug] &amp#27;[35m[BaseDriver]&amp#27;[39m Waited for 10639 ms so far
[debug] &amp#27;[35m[WD Proxy]&amp#27;[39m Matched '/element' to command name 'findElement'
[debug] &amp#27;[35m[WD Proxy]&amp#27;[39m Proxying [POST /element] to [POST http://127.0.0.1:8201/wd/hub/session/4cb2e25a-2bc2-42cc-8dee-3bc92c52b92f/element] with body: {"strategy":"-android uiautomator","selector":"new UiSelector().text(\"打卡\")","context":"","multiple":false}
&amp#27;[35m[WD Proxy]&amp#27;[39m Got response with status 404: {"sessionId":"4cb2e25a-2bc2-42cc-8dee-3bc92c52b92f","value":{"error":"no such element","message":"An element could not be located on the page using the given search parameters","stacktrace":"io.appium.uiautomator2.common.exceptions.ElementNotFoundException: An element could not be located on the page using the given search parameters\n\tat io.appium.uiautomator2.handler.FindElement.safeHandle(FindElement.java:70)\n\tat io.appium.uiautomator2.handler.request.SafeRequestHandler.handle(SafeRequestHandler.java:59)\n\tat io.appium.uiautomator2.server.AppiumServlet.handleRequest(AppiumServlet.java:266)\n\tat io.appium.uiautomator2.server.AppiumServlet.handleHttpRequest(AppiumServlet.java:260)\n\tat io.appium.uiautomator2.http.ServerHandler.channelRead(ServerHandler.java:68)\n\tat io.netty.channel.AbstractChannelHandlerContext.invokeChannelRead(AbstractChannelHandlerContext.java:366)\n\tat io.netty.channel.AbstractChannelHandlerContext.invokeChannelRead(AbstractChannelHandlerContext.java:352)\n\tat io.netty.chann...
[debug] &amp#27;[35m[W3C]&amp#27;[39m Matched W3C error code 'no such element' to NoSuchElementError
[debug] &amp#27;[35m[BaseDriver]&amp#27;[39m Waited for 11189 ms so far
[debug] &amp#27;[35m[WD Proxy]&amp#27;[39m Matched '/element' to command name 'findElement'
[debug] &amp#27;[35m[WD Proxy]&amp#27;[39m Proxying [POST /element] to [POST http://127.0.0.1:8201/wd/hub/session/4cb2e25a-2bc2-42cc-8dee-3bc92c52b92f/element] with body: {"strategy":"-android uiautomator","selector":"new UiSelector().text(\"打卡\")","context":"","multiple":false}
&amp#27;[35m[WD Proxy]&amp#27;[39m Got response with status 404: {"sessionId":"4cb2e25a-2bc2-42cc-8dee-3bc92c52b92f","value":{"error":"no such element","message":"An element could not be located on the page using the given search parameters","stacktrace":"io.appium.uiautomator2.common.exceptions.ElementNotFoundException: An element could not be located on the page using the given search parameters\n\tat io.appium.uiautomator2.handler.FindElement.safeHandle(FindElement.java:70)\n\tat io.appium.uiautomator2.handler.request.SafeRequestHandler.handle(SafeRequestHandler.java:59)\n\tat io.appium.uiautomator2.server.AppiumServlet.handleRequest(AppiumServlet.java:266)\n\tat io.appium.uiautomator2.server.AppiumServlet.handleHttpRequest(AppiumServlet.java:260)\n\tat io.appium.uiautomator2.http.ServerHandler.channelRead(ServerHandler.java:68)\n\tat io.netty.channel.AbstractChannelHandlerContext.invokeChannelRead(AbstractChannelHandlerContext.java:366)\n\tat io.netty.channel.AbstractChannelHandlerContext.invokeChannelRead(AbstractChannelHandlerContext.java:352)\n\tat io.netty.chann...
[debug] &amp#27;[35m[W3C]&amp#27;[39m Matched W3C error code 'no such element' to NoSuchElementError
[debug] &amp#27;[35m[BaseDriver]&amp#27;[39m Waited for 11745 ms so far
[debug] &amp#27;[35m[WD Proxy]&amp#27;[39m Matched '/element' to command name 'findElement'
[debug] &amp#27;[35m[WD Proxy]&amp#27;[39m Proxying [POST /element] to [POST http://127.0.0.1:8201/wd/hub/session/4cb2e25a-2bc2-42cc-8dee-3bc92c52b92f/element] with body: {"strategy":"-android uiautomator","selector":"new UiSelector().text(\"打卡\")","context":"","multiple":false}
&amp#27;[35m[WD Proxy]&amp#27;[39m Got response with status 404: {"sessionId":"4cb2e25a-2bc2-42cc-8dee-3bc92c52b92f","value":{"error":"no such element","message":"An element could not be located on the page using the given search parameters","stacktrace":"io.appium.uiautomator2.common.exceptions.ElementNotFoundException: An element could not be located on the page using the given search parameters\n\tat io.appium.uiautomator2.handler.FindElement.safeHandle(FindElement.java:70)\n\tat io.appium.uiautomator2.handler.request.SafeRequestHandler.handle(SafeRequestHandler.java:59)\n\tat io.appium.uiautomator2.server.AppiumServlet.handleRequest(AppiumServlet.java:266)\n\tat io.appium.uiautomator2.server.AppiumServlet.handleHttpRequest(AppiumServlet.java:260)\n\tat io.appium.uiautomator2.http.ServerHandler.channelRead(ServerHandler.java:68)\n\tat io.netty.channel.AbstractChannelHandlerContext.invokeChannelRead(AbstractChannelHandlerContext.java:366)\n\tat io.netty.channel.AbstractChannelHandlerContext.invokeChannelRead(AbstractChannelHandlerContext.java:352)\n\tat io.netty.chann...
[debug] &amp#27;[35m[W3C]&amp#27;[39m Matched W3C error code 'no such element' to NoSuchElementError
[debug] &amp#27;[35m[BaseDriver]&amp#27;[39m Waited for 12294 ms so far
[debug] &amp#27;[35m[WD Proxy]&amp#27;[39m Matched '/element' to command name 'findElement'
[debug] &amp#27;[35m[WD Proxy]&amp#27;[39m Proxying [POST /element] to [POST http://127.0.0.1:8201/wd/hub/session/4cb2e25a-2bc2-42cc-8dee-3bc92c52b92f/element] with body: {"strategy":"-android uiautomator","selector":"new UiSelector().text(\"打卡\")","context":"","multiple":false}
&amp#27;[35m[WD Proxy]&amp#27;[39m Got response with status 404: {"sessionId":"4cb2e25a-2bc2-42cc-8dee-3bc92c52b92f","value":{"error":"no such element","message":"An element could not be located on the page using the given search parameters","stacktrace":"io.appium.uiautomator2.common.exceptions.ElementNotFoundException: An element could not be located on the page using the given search parameters\n\tat io.appium.uiautomator2.handler.FindElement.safeHandle(FindElement.java:70)\n\tat io.appium.uiautomator2.handler.request.SafeRequestHandler.handle(SafeRequestHandler.java:59)\n\tat io.appium.uiautomator2.server.AppiumServlet.handleRequest(AppiumServlet.java:266)\n\tat io.appium.uiautomator2.server.AppiumServlet.handleHttpRequest(AppiumServlet.java:260)\n\tat io.appium.uiautomator2.http.ServerHandler.channelRead(ServerHandler.java:68)\n\tat io.netty.channel.AbstractChannelHandlerContext.invokeChannelRead(AbstractChannelHandlerContext.java:366)\n\tat io.netty.channel.AbstractChannelHandlerContext.invokeChannelRead(AbstractChannelHandlerContext.java:352)\n\tat io.netty.chann...
[debug] &amp#27;[35m[W3C]&amp#27;[39m Matched W3C error code 'no such element' to NoSuchElementError
[debug] &amp#27;[35m[BaseDriver]&amp#27;[39m Waited for 12842 ms so far
[debug] &amp#27;[35m[WD Proxy]&amp#27;[39m Matched '/element' to command name 'findElement'
[debug] &amp#27;[35m[WD Proxy]&amp#27;[39m Proxying [POST /element] to [POST http://127.0.0.1:8201/wd/hub/session/4cb2e25a-2bc2-42cc-8dee-3bc92c52b92f/element] with body: {"strategy":"-android uiautomator","selector":"new UiSelector().text(\"打卡\")","context":"","multiple":false}
&amp#27;[35m[WD Proxy]&amp#27;[39m Got response with status 404: {"sessionId":"4cb2e25a-2bc2-42cc-8dee-3bc92c52b92f","value":{"error":"no such element","message":"An element could not be located on the page using the given search parameters","stacktrace":"io.appium.uiautomator2.common.exceptions.ElementNotFoundException: An element could not be located on the page using the given search parameters\n\tat io.appium.uiautomator2.handler.FindElement.safeHandle(FindElement.java:70)\n\tat io.appium.uiautomator2.handler.request.SafeRequestHandler.handle(SafeRequestHandler.java:59)\n\tat io.appium.uiautomator2.server.AppiumServlet.handleRequest(AppiumServlet.java:266)\n\tat io.appium.uiautomator2.server.AppiumServlet.handleHttpRequest(AppiumServlet.java:260)\n\tat io.appium.uiautomator2.http.ServerHandler.channelRead(ServerHandler.java:68)\n\tat io.netty.channel.AbstractChannelHandlerContext.invokeChannelRead(AbstractChannelHandlerContext.java:366)\n\tat io.netty.channel.AbstractChannelHandlerContext.invokeChannelRead(AbstractChannelHandlerContext.java:352)\n\tat io.netty.chann...
[debug] &amp#27;[35m[W3C]&amp#27;[39m Matched W3C error code 'no such element' to NoSuchElementError
[debug] &amp#27;[35m[BaseDriver]&amp#27;[39m Waited for 13389 ms so far
[debug] &amp#27;[35m[WD Proxy]&amp#27;[39m Matched '/element' to command name 'findElement'
[debug] &amp#27;[35m[WD Proxy]&amp#27;[39m Proxying [POST /element] to [POST http://127.0.0.1:8201/wd/hub/session/4cb2e25a-2bc2-42cc-8dee-3bc92c52b92f/element] with body: {"strategy":"-android uiautomator","selector":"new UiSelector().text(\"打卡\")","context":"","multiple":false}
&amp#27;[35m[WD Proxy]&amp#27;[39m Got response with status 404: {"sessionId":"4cb2e25a-2bc2-42cc-8dee-3bc92c52b92f","value":{"error":"no such element","message":"An element could not be located on the page using the given search parameters","stacktrace":"io.appium.uiautomator2.common.exceptions.ElementNotFoundException: An element could not be located on the page using the given search parameters\n\tat io.appium.uiautomator2.handler.FindElement.safeHandle(FindElement.java:70)\n\tat io.appium.uiautomator2.handler.request.SafeRequestHandler.handle(SafeRequestHandler.java:59)\n\tat io.appium.uiautomator2.server.AppiumServlet.handleRequest(AppiumServlet.java:266)\n\tat io.appium.uiautomator2.server.AppiumServlet.handleHttpRequest(AppiumServlet.java:260)\n\tat io.appium.uiautomator2.http.ServerHandler.channelRead(ServerHandler.java:68)\n\tat io.netty.channel.AbstractChannelHandlerContext.invokeChannelRead(AbstractChannelHandlerContext.java:366)\n\tat io.netty.channel.AbstractChannelHandlerContext.invokeChannelRead(AbstractChannelHandlerContext.java:352)\n\tat io.netty.chann...
[debug] &amp#27;[35m[W3C]&amp#27;[39m Matched W3C error code 'no such element' to NoSuchElementError
[debug] &amp#27;[35m[BaseDriver]&amp#27;[39m Waited for 13939 ms so far
[debug] &amp#27;[35m[WD Proxy]&amp#27;[39m Matched '/element' to command name 'findElement'
[debug] &amp#27;[35m[WD Proxy]&amp#27;[39m Proxying [POST /element] to [POST http://127.0.0.1:8201/wd/hub/session/4cb2e25a-2bc2-42cc-8dee-3bc92c52b92f/element] with body: {"strategy":"-android uiautomator","selector":"new UiSelector().text(\"打卡\")","context":"","multiple":false}
&amp#27;[35m[WD Proxy]&amp#27;[39m Got response with status 404: {"sessionId":"4cb2e25a-2bc2-42cc-8dee-3bc92c52b92f","value":{"error":"no such element","message":"An element could not be located on the page using the given search parameters","stacktrace":"io.appium.uiautomator2.common.exceptions.ElementNotFoundException: An element could not be located on the page using the given search parameters\n\tat io.appium.uiautomator2.handler.FindElement.safeHandle(FindElement.java:70)\n\tat io.appium.uiautomator2.handler.request.SafeRequestHandler.handle(SafeRequestHandler.java:59)\n\tat io.appium.uiautomator2.server.AppiumServlet.handleRequest(AppiumServlet.java:266)\n\tat io.appium.uiautomator2.server.AppiumServlet.handleHttpRequest(AppiumServlet.java:260)\n\tat io.appium.uiautomator2.http.ServerHandler.channelRead(ServerHandler.java:68)\n\tat io.netty.channel.AbstractChannelHandlerContext.invokeChannelRead(AbstractChannelHandlerContext.java:366)\n\tat io.netty.channel.AbstractChannelHandlerContext.invokeChannelRead(AbstractChannelHandlerContext.java:352)\n\tat io.netty.chann...
[debug] &amp#27;[35m[W3C]&amp#27;[39m Matched W3C error code 'no such element' to NoSuchElementError
[debug] &amp#27;[35m[BaseDriver]&amp#27;[39m Waited for 14489 ms so far
[debug] &amp#27;[35m[WD Proxy]&amp#27;[39m Matched '/element' to command name 'findElement'
[debug] &amp#27;[35m[WD Proxy]&amp#27;[39m Proxying [POST /element] to [POST http://127.0.0.1:8201/wd/hub/session/4cb2e25a-2bc2-42cc-8dee-3bc92c52b92f/element] with body: {"strategy":"-android uiautomator","selector":"new UiSelector().text(\"打卡\")","context":"","multiple":false}
&amp#27;[35m[WD Proxy]&amp#27;[39m Got response with status 404: {"sessionId":"4cb2e25a-2bc2-42cc-8dee-3bc92c52b92f","value":{"error":"no such element","message":"An element could not be located on the page using the given search parameters","stacktrace":"io.appium.uiautomator2.common.exceptions.ElementNotFoundException: An element could not be located on the page using the given search parameters\n\tat io.appium.uiautomator2.handler.FindElement.safeHandle(FindElement.java:70)\n\tat io.appium.uiautomator2.handler.request.SafeRequestHandler.handle(SafeRequestHandler.java:59)\n\tat io.appium.uiautomator2.server.AppiumServlet.handleRequest(AppiumServlet.java:266)\n\tat io.appium.uiautomator2.server.AppiumServlet.handleHttpRequest(AppiumServlet.java:260)\n\tat io.appium.uiautomator2.http.ServerHandler.channelRead(ServerHandler.java:68)\n\tat io.netty.channel.AbstractChannelHandlerContext.invokeChannelRead(AbstractChannelHandlerContext.java:366)\n\tat io.netty.channel.AbstractChannelHandlerContext.invokeChannelRead(AbstractChannelHandlerContext.java:352)\n\tat io.netty.chann...
[debug] &amp#27;[35m[W3C]&amp#27;[39m Matched W3C error code 'no such element' to NoSuchElementError
[debug] &amp#27;[35m[BaseDriver]&amp#27;[39m Waited for 15038 ms so far
[debug] &amp#27;[35m[WD Proxy]&amp#27;[39m Matched '/element' to command name 'findElement'
[debug] &amp#27;[35m[WD Proxy]&amp#27;[39m Proxying [POST /element] to [POST http://127.0.0.1:8201/wd/hub/session/4cb2e25a-2bc2-42cc-8dee-3bc92c52b92f/element] with body: {"strategy":"-android uiautomator","selector":"new UiSelector().text(\"打卡\")","context":"","multiple":false}
[...]
&amp#27;[35m[HTTP]&amp#27;[39m &amp#27;[90m{}&amp#27;[39m
&amp#27;[35m[W3C (e26f0de1)]&amp#27;[39m Driver proxy active, passing request on via HTTP proxy
[debug] &amp#27;[35m[WD Proxy]&amp#27;[39m Matched '/wd/hub/session/e26f0de1-bd1c-40d9-8b93-9fcbb6e07b12/source' to command name 'getPageSource'
[debug] &amp#27;[35m[WD Proxy]&amp#27;[39m Proxying [GET /wd/hub/session/e26f0de1-bd1c-40d9-8b93-9fcbb6e07b12/source] to [GET http://127.0.0.1:8201/wd/hub/session/4cb2e25a-2bc2-42cc-8dee-3bc92c52b92f/source] with no body
[debug] &amp#27;[35m[WD Proxy]&amp#27;[39m Got response with status 200: {"sessionId":"4cb2e25a-2bc2-42cc-8dee-3bc92c52b92f","value":"<?xml version='1.0' encoding='UTF-8' standalone='yes' ?>\r\n<hierarchy index=\"0\" class=\"hierarchy\" rotation=\"0\" width=\"1080\" height=\"2276\">\r\n  <android.widget.FrameLayout index=\"0\" package=\"com.tencent.wework\" class=\"android.widget.FrameLayout\" text=\"\" checkable=\"false\" checked=\"false\" clickable=\"false\" enabled=\"true\" focusable=\"false\" focused=\"false\" long-clickable=\"false\" password=\"false\" scrollable=\"false\" selected=\"false\" bounds=\"[0,0][1080,2276]\" displayed=\"true\">\r\n    <android.widget.LinearLayout index=\"0\" package=\"com.tencent.wework\" class=\"android.widget.LinearLayout\" text=\"\" checkable=\"false\" checked=\"false\" clickable=\"false\" enabled=\"true\" focusable=\"false\" focused=\"false\" long-clickable=\"false\" password=\"false\" scrollable=\"false\" selected=\"false\" bounds=\"[0,0][1080,2276]\" displayed=\"true\">\r\n      <android.widget.FrameLayout index=\"0\" package=\"com.tencent...
&amp#27;[35m[WD Proxy]&amp#27;[39m Replacing sessionId 4cb2e25a-2bc2-42cc-8dee-3bc92c52b92f with e26f0de1-bd1c-40d9-8b93-9fcbb6e07b12
&amp#27;[35m[HTTP]&amp#27;[39m &amp#27;[37m<-- GET /wd/hub/session/e26f0de1-bd1c-40d9-8b93-9fcbb6e07b12/source &amp#27;[39m&amp#27;[32m200&amp#27;[39m &amp#27;[90m50 ms - 36538&amp#27;[39m
&amp#27;[35m[HTTP]&amp#27;[39m &amp#27;[90m&amp#27;[39m
&amp#27;[35m[HTTP]&amp#27;[39m &amp#27;[37m-->&amp#27;[39m &amp#27;[37mGET&amp#27;[39m &amp#27;[37m/wd/hub/session/e26f0de1-bd1c-40d9-8b93-9fcbb6e07b12/source&amp#27;[39m
&amp#27;[35m[HTTP]&amp#27;[39m &amp#27;[90m{}&amp#27;[39m
&amp#27;[35m[W3C (e26f0de1)]&amp#27;[39m Driver proxy active, passing request on via HTTP proxy
[debug] &amp#27;[35m[WD Proxy]&amp#27;[39m Matched '/wd/hub/session/e26f0de1-bd1c-40d9-8b93-9fcbb6e07b12/source' to command name 'getPageSource'
[debug] &amp#27;[35m[WD Proxy]&amp#27;[39m Proxying [GET /wd/hub/session/e26f0de1-bd1c-40d9-8b93-9fcbb6e07b12/source] to [GET http://127.0.0.1:8201/wd/hub/session/4cb2e25a-2bc2-42cc-8dee-3bc92c52b92f/source] with no body
[debug] &amp#27;[35m[WD Proxy]&amp#27;[39m Got response with status 200: {"sessionId":"4cb2e25a-2bc2-42cc-8dee-3bc92c52b92f","value":"<?xml version='1.0' encoding='UTF-8' standalone='yes' ?>\r\n<hierarchy index=\"0\" class=\"hierarchy\" rotation=\"0\" width=\"1080\" height=\"2276\">\r\n  <android.widget.FrameLayout index=\"0\" package=\"com.tencent.wework\" class=\"android.widget.FrameLayout\" text=\"\" checkable=\"false\" checked=\"false\" clickable=\"false\" enabled=\"true\" focusable=\"false\" focused=\"false\" long-clickable=\"false\" password=\"false\" scrollable=\"false\" selected=\"false\" bounds=\"[0,0][1080,2276]\" displayed=\"true\">\r\n    <android.widget.LinearLayout index=\"0\" package=\"com.tencent.wework\" class=\"android.widget.LinearLayout\" text=\"\" checkable=\"false\" checked=\"false\" clickable=\"false\" enabled=\"true\" focusable=\"false\" focused=\"false\" long-clickable=\"false\" password=\"false\" scrollable=\"false\" selected=\"false\" bounds=\"[0,0][1080,2276]\" displayed=\"true\">\r\n      <android.widget.FrameLayout index=\"0\" package=\"com.tencent...
&amp#27;[35m[WD Proxy]&amp#27;[39m Replacing sessionId 4cb2e25a-2bc2-42cc-8dee-3bc92c52b92f with e26f0de1-bd1c-40d9-8b93-9fcbb6e07b12
&amp#27;[35m[HTTP]&amp#27;[39m &amp#27;[37m<-- GET /wd/hub/session/e26f0de1-bd1c-40d9-8b93-9fcbb6e07b12/source &amp#27;[39m&amp#27;[32m200&amp#27;[39m &amp#27;[90m45 ms - 36538&amp#27;[39m
&amp#27;[35m[HTTP]&amp#27;[39m &amp#27;[90m&amp#27;[39m
&amp#27;[35m[HTTP]&amp#27;[39m &amp#27;[37m-->&amp#27;[39m &amp#27;[37mGET&amp#27;[39m &amp#27;[37m/wd/hub/session/e26f0de1-bd1c-40d9-8b93-9fcbb6e07b12/source&amp#27;[39m
&amp#27;[35m[HTTP]&amp#27;[39m &amp#27;[90m{}&amp#27;[39m
&amp#27;[35m[W3C (e26f0de1)]&amp#27;[39m Driver proxy active, passing request on via HTTP proxy
[debug] &amp#27;[35m[WD Proxy]&amp#27;[39m Matched '/wd/hub/session/e26f0de1-bd1c-40d9-8b93-9fcbb6e07b12/source' to command name 'getPageSource'
[debug] &amp#27;[35m[WD Proxy]&amp#27;[39m Proxying [GET /wd/hub/session/e26f0de1-bd1c-40d9-8b93-9fcbb6e07b12/source] to [GET http://127.0.0.1:8201/wd/hub/session/4cb2e25a-2bc2-42cc-8dee-3bc92c52b92f/source] with no body
[debug] &amp#27;[35m[WD Proxy]&amp#27;[39m Got response with status 200: {"sessionId":"4cb2e25a-2bc2-42cc-8dee-3bc92c52b92f","value":"<?xml version='1.0' encoding='UTF-8' standalone='yes' ?>\r\n<hierarchy index=\"0\" class=\"hierarchy\" rotation=\"0\" width=\"1080\" height=\"2276\">\r\n  <android.widget.FrameLayout index=\"0\" package=\"com.tencent.wework\" class=\"android.widget.FrameLayout\" text=\"\" checkable=\"false\" checked=\"false\" clickable=\"false\" enabled=\"true\" focusable=\"false\" focused=\"false\" long-clickable=\"false\" password=\"false\" scrollable=\"false\" selected=\"false\" bounds=\"[0,0][1080,2276]\" displayed=\"true\">\r\n    <android.widget.LinearLayout index=\"0\" package=\"com.tencent.wework\" class=\"android.widget.LinearLayout\" text=\"\" checkable=\"false\" checked=\"false\" clickable=\"false\" enabled=\"true\" focusable=\"false\" focused=\"false\" long-clickable=\"false\" password=\"false\" scrollable=\"false\" selected=\"false\" bounds=\"[0,0][1080,2276]\" displayed=\"true\">\r\n      <android.widget.FrameLayout index=\"0\" package=\"com.tencent...
&amp#27;[35m[WD Proxy]&amp#27;[39m Replacing sessionId 4cb2e25a-2bc2-42cc-8dee-3bc92c52b92f with e26f0de1-bd1c-40d9-8b93-9fcbb6e07b12
&amp#27;[35m[HTTP]&amp#27;[39m &amp#27;[37m<-- GET /wd/hub/session/e26f0de1-bd1c-40d9-8b93-9fcbb6e07b12/source &amp#27;[39m&amp#27;[32m200&amp#27;[39m &amp#27;[90m51 ms - 36564&amp#27;[39m
&amp#27;[35m[HTTP]&amp#27;[39m &amp#27;[90m&amp#27;[39m
&amp#27;[35m[HTTP]&amp#27;[39m &amp#27;[37m-->&amp#27;[39m &amp#27;[37mPOST&amp#27;[39m &amp#27;[37m/wd/hub/session/e26f0de1-bd1c-40d9-8b93-9fcbb6e07b12/elements&amp#27;[39m
&amp#27;[35m[HTTP]&amp#27;[39m &amp#27;[90m{"using":"xpath","value":"//*[contains(@text,\"班打卡\")]"}&amp#27;[39m
[debug] &amp#27;[35m[W3C (e26f0de1)]&amp#27;[39m Calling AppiumDriver.findElements() with args: ["xpath","//*[contains(@text,\"班打卡\")]","e26f0de1-bd1c-40d9-8b93-9fcbb6e07b12"]
[debug] &amp#27;[35m[BaseDriver]&amp#27;[39m Valid locator strategies for this request: xpath, id, class name, accessibility id, css selector, -android uiautomator
[debug] &amp#27;[35m[BaseDriver]&amp#27;[39m Waiting up to 20000 ms for condition
[debug] &amp#27;[35m[WD Proxy]&amp#27;[39m Matched '/elements' to command name 'findElements'
[debug] &amp#27;[35m[WD Proxy]&amp#27;[39m Proxying [POST /elements] to [POST http://127.0.0.1:8201/wd/hub/session/4cb2e25a-2bc2-42cc-8dee-3bc92c52b92f/elements] with body: {"strategy":"xpath","selector":"//*[contains(@text,\"班打卡\")]","context":"","multiple":true}
[debug] &amp#27;[35m[WD Proxy]&amp#27;[39m Got response with status 200: {"sessionId":"4cb2e25a-2bc2-42cc-8dee-3bc92c52b92f","value":[{"ELEMENT":"00000000-0000-0acc-ffff-ffff000005d8","element-6066-11e4-a52e-4f735466cecf":"00000000-0000-0acc-ffff-ffff000005d8"},{"ELEMENT":"00000000-0000-0acc-ffff-ffff00000645","element-6066-11e4-a52e-4f735466cecf":"00000000-0000-0acc-ffff-ffff00000645"}]}
[debug] &amp#27;[35m[W3C (e26f0de1)]&amp#27;[39m Responding to client with driver.findElements() result: [{"element-6066-11e4-a52e-4f735466cecf":"00000000-0000-0acc-ffff-ffff000005d8","ELEMENT":"00000000-0000-0acc-ffff-ffff000005d8"},{"element-6066-11e4-a52e-4f735466cecf":"00000000-0000-0acc-ffff-ffff00000645","ELEMENT":"00000000-0000-0acc-ffff-ffff00000645"}]
&amp#27;[35m[HTTP]&amp#27;[39m &amp#27;[37m<-- POST /wd/hub/session/e26f0de1-bd1c-40d9-8b93-9fcbb6e07b12/elements &amp#27;[39m&amp#27;[32m200&amp#27;[39m &amp#27;[90m40 ms - 267&amp#27;[39m
&amp#27;[35m[HTTP]&amp#27;[39m &amp#27;[90m&amp#27;[39m
&amp#27;[35m[HTTP]&amp#27;[39m &amp#27;[37m-->&amp#27;[39m &amp#27;[37mPOST&amp#27;[39m &amp#27;[37m/wd/hub/session/e26f0de1-bd1c-40d9-8b93-9fcbb6e07b12/element/00000000-0000-0acc-ffff-ffff00000645/click&amp#27;[39m
&amp#27;[35m[HTTP]&amp#27;[39m &amp#27;[90m{"id":"00000000-0000-0acc-ffff-ffff00000645"}&amp#27;[39m
[debug] &amp#27;[35m[W3C (e26f0de1)]&amp#27;[39m Calling AppiumDriver.click() with args: ["00000000-0000-0acc-ffff-ffff00000645","e26f0de1-bd1c-40d9-8b93-9fcbb6e07b12"]
[debug] &amp#27;[35m[WD Proxy]&amp#27;[39m Matched '/element/00000000-0000-0acc-ffff-ffff00000645/click' to command name 'click'
[debug] &amp#27;[35m[WD Proxy]&amp#27;[39m Proxying [POST /element/00000000-0000-0acc-ffff-ffff00000645/click] to [POST http://127.0.0.1:8201/wd/hub/session/4cb2e25a-2bc2-42cc-8dee-3bc92c52b92f/element/00000000-0000-0acc-ffff-ffff00000645/click] with body: {"element":"00000000-0000-0acc-ffff-ffff00000645"}
[debug] &amp#27;[35m[WD Proxy]&amp#27;[39m Got response with status 200: {"sessionId":"4cb2e25a-2bc2-42cc-8dee-3bc92c52b92f","value":null}
[debug] &amp#27;[35m[W3C (e26f0de1)]&amp#27;[39m Responding to client with driver.click() result: null
&amp#27;[35m[HTTP]&amp#27;[39m &amp#27;[37m<-- POST /wd/hub/session/e26f0de1-bd1c-40d9-8b93-9fcbb6e07b12/element/00000000-0000-0acc-ffff-ffff00000645/click &amp#27;[39m&amp#27;[32m200&amp#27;[39m &amp#27;[90m33 ms - 14&amp#27;[39m
&amp#27;[35m[HTTP]&amp#27;[39m &amp#27;[90m&amp#27;[39m
&amp#27;[35m[HTTP]&amp#27;[39m &amp#27;[37m-->&amp#27;[39m &amp#27;[37mPOST&amp#27;[39m &amp#27;[37m/wd/hub/session/e26f0de1-bd1c-40d9-8b93-9fcbb6e07b12/element&amp#27;[39m
&amp#27;[35m[HTTP]&amp#27;[39m &amp#27;[90m{"using":"xpath","value":"//android.view.View/following-sibling::*//*[@class=\"android.widget.TextView\"]"}&amp#27;[39m
[debug] &amp#27;[35m[W3C (e26f0de1)]&amp#27;[39m Calling AppiumDriver.findElement() with args: ["xpath","//android.view.View/following-sibling::*//*[@class=\"android.widget.TextView\"]","e26f0de1-bd1c-40d9-8b93-9fcbb6e07b12"]
[debug] &amp#27;[35m[BaseDriver]&amp#27;[39m Valid locator strategies for this request: xpath, id, class name, accessibility id, css selector, -android uiautomator
[debug] &amp#27;[35m[BaseDriver]&amp#27;[39m Waiting up to 20000 ms for condition
[debug] &amp#27;[35m[WD Proxy]&amp#27;[39m Matched '/element' to command name 'findElement'
[debug] &amp#27;[35m[WD Proxy]&amp#27;[39m Proxying [POST /element] to [POST http://127.0.0.1:8201/wd/hub/session/4cb2e25a-2bc2-42cc-8dee-3bc92c52b92f/element] with body: {"strategy":"xpath","selector":"//android.view.View/following-sibling::*//*[@class=\"android.widget.TextView\"]","context":"","multiple":false}
[debug] &amp#27;[35m[WD Proxy]&amp#27;[39m Got response with status 200: {"sessionId":"4cb2e25a-2bc2-42cc-8dee-3bc92c52b92f","value":{"ELEMENT":"00000000-0000-0acc-ffff-ffff00000655","element-6066-11e4-a52e-4f735466cecf":"00000000-0000-0acc-ffff-ffff00000655"}}
[debug] &amp#27;[35m[W3C (e26f0de1)]&amp#27;[39m Responding to client with driver.findElement() result: {"element-6066-11e4-a52e-4f735466cecf":"00000000-0000-0acc-ffff-ffff00000655","ELEMENT":"00000000-0000-0acc-ffff-ffff00000655"}
&amp#27;[35m[HTTP]&amp#27;[39m &amp#27;[37m<-- POST /wd/hub/session/e26f0de1-bd1c-40d9-8b93-9fcbb6e07b12/element &amp#27;[39m&amp#27;[32m200&amp#27;[39m &amp#27;[90m752 ms - 137&amp#27;[39m
&amp#27;[35m[HTTP]&amp#27;[39m &amp#27;[90m&amp#27;[39m
2023-05-28 09:18:16  &amp#27;[34m&amp#27;[0;39mINFO  &amp#27;[35m[main]&amp#27;[0;39m &amp#27;[33mtop.testeru.page.AppBasePage.find(AppBasePage.java:105)&amp#27;[0;39m -- 元素定位：By.xpath: //android.view.View/following-sibling::*//*[@class="android.widget.TextView"]
&amp#27;[35m[HTTP]&amp#27;[39m &amp#27;[37m-->&amp#27;[39m &amp#27;[37mGET&amp#27;[39m &amp#27;[37m/wd/hub/session/e26f0de1-bd1c-40d9-8b93-9fcbb6e07b12/screenshot&amp#27;[39m
&amp#27;[35m[HTTP]&amp#27;[39m &amp#27;[90m{}&amp#27;[39m
[debug] &amp#27;[35m[W3C (e26f0de1)]&amp#27;[39m Calling AppiumDriver.getScreenshot() with args: ["e26f0de1-bd1c-40d9-8b93-9fcbb6e07b12"]
[debug] &amp#27;[35m[WD Proxy]&amp#27;[39m Matched '/screenshot' to command name 'getScreenshot'
[debug] &amp#27;[35m[WD Proxy]&amp#27;[39m Proxying [GET /screenshot] to [GET http://127.0.0.1:8201/wd/hub/session/4cb2e25a-2bc2-42cc-8dee-3bc92c52b92f/screenshot] with no body
[debug] &amp#27;[35m[WD Proxy]&amp#27;[39m Got response with status 200: {"sessionId":"4cb2e25a-2bc2-42cc-8dee-3bc92c52b92f","value":"iVBORw0KGgoAAAANSUhEUgAABDgAAAlgCAYAAABtGofVAAAAAXNSR0IArs4c6QAAAARzQklUCAgI\nCHwIZIgAACAASURBVHic7N13eFvl3T7w+2gPD3nIO15xHBNnLxIggSQQIIQwUigbWlb5lRdoC4WX\nLtpCJ2W1lBcKtKyUFQgzEAgEskP2dBLHM957yNo6vz/kJUu2ZVm2dOz7c125rkg+On6U41jn3Od5\nvl9h4QPbRBARERERERERSZgs1AMgIiIiIiIiIhouBhxEREREREREJHkMOIiIiIiIiIhI8hhwEBER\nEREREZHkMeAgIiIiIiIiIsljwEFEREREREREkseAg4iIiIiIiIgkjwEHEREREREREUkeAw4iIiIi\nIiIikjwGHEREREREREQkeQw4iIiIiIiIiEjyGHAQERERERERkeQx4CAiIiIiIiIiyWPAQURERERE\nRESSx4CDiIiIiIiIiCSPAQcRERERERERSR4DDiIiIiIiIiKSPAYcRERERERERCR5DDiIiIiIiIiI\nSPIYcBARERERERGR5DHgICIiIiIiIiLJY8BBRERERERERJLHgIOIiIiIiIiIJI8BBxERERERERFJ\nHgMOIiIiIiIiIpI8BhxEREREREREJHkMOIiIiIiIiIhI8hhwEBEREREREZHkMeAgIiIiIiIiIslj\nwEFEREREREREkqcI9QDCydLpcchK1HY/PlTShl0nW0bt+z96Qy5kAnCwpA3bjzejtNY8at+bRo8g\nAPnpkZiaHoFEgxqJBhVqmm2oarLiUGkbjpW39/tarUqOC2fH43BpOwqrTKM4aiIiIpKaRIMaafEa\nKOUCyustqGiwhHpIFGQ8xkSeGHD0Mj/XgLPzDN2PnS6MWsAxOVWP6ZmREABMy4jE985Owq3PHEJL\nh2NUvj+NjvuvyMLCvBio5ILH...
[debug] &amp#27;[35m[W3C (e26f0de1)]&amp#27;[39m Responding to client with driver.getScreenshot() result: "iVBORw0KGgoAAAANSUhEUgAABDgAAAlgCAYAAABtGofVAAAAAXNSR0IArs4c6QAAAARzQklUCAgI\nCHwIZIgAACAASURBVHic7N13eFvl3T7w+2gPD3nIO15xHBNnLxIggSQQIIQwUigbWlb5lRdoC4WX\nLtpCJ2W1lBcKtKyUFQgzEAgEskP2dBLHM957yNo6vz/kJUu2ZVm2dOz7c125rkg+On6U41jn3Od5\nvl9h4QPbRBARERERERERSZgs1AMgIiIiIiIiIhouBhxEREREREREJHkMOIiIiIiIiIhI8hhwEBER\nEREREZHkMeAgIiIiIiIiIsljwEFEREREREREkseAg4iIiIiIiIgkjwEHEREREREREUkeAw4iIiIi\nIiIikjwGHEREREREREQkeQw4iIiIiIiIiEjyGHAQERERERERkeQx4CAiIiIiIiIiyWPAQURERERE\nRESSx4CDiIiIiIiIiCSPAQcRERERERERSR4DDiIiIiIiIiKSPAYcRERERERERCR5DDiIiIiIiIiI\nSPIYcBARERERERGR5DHgICIiIiIiIiLJY8BBRERERERERJLHgIOIiIiIiIiIJI8BBxERERERERFJ\nHgMOIiIiIiIiIpI8BhxEREREREREJHkMOIiIiIiIiIhI8hhwEBEREREREZHkMeAgIiIiIiIiIslj\nwEFEREREREREkqcI9QDCydLpcchK1HY/PlTShl0nW0bt+z96Qy5kAnCwpA3bjzejtNY8at+bRo8g\nAPnpkZiaHoFEgxqJBhVqmm2oarLiUGkbjpW39/tarUqOC2fH43BpOwqrTKM4aiIiIpKaRIMaafEa\nKOUCyustqGiwhHpIFGQ8xkSeGHD0Mj/XgLPzDN2PnS6MWsAxOVWP6ZmREABMy4jE985Owq3PHEJL\nh2NUvj+NjvuvyMLCvBio5ILH89Myev5uc4rYXtCEx98v9thGrZRhzf0zoeicd/Wb/57E3lOtIz1k\nIiIiSb...
&amp#27;[35m[HTTP]&amp#27;[39m &amp#27;[37m<-- GET /wd/hub/session/e26f0de1-bd1c-40d9-8b93-9fcbb6e07b12/screenshot &amp#27;[39m&amp#27;[32m200&amp#27;[39m &amp#27;[90m229 ms - 128804&amp#27;[39m
&amp#27;[35m[HTTP]&amp#27;[39m &amp#27;[90m&amp#27;[39m
&amp#27;[35m[HTTP]&amp#27;[39m &amp#27;[37m-->&amp#27;[39m &amp#27;[37mGET&amp#27;[39m &amp#27;[37m/wd/hub/session/e26f0de1-bd1c-40d9-8b93-9fcbb6e07b12/element/00000000-0000-0acc-ffff-ffff00000655/rect&amp#27;[39m
&amp#27;[35m[HTTP]&amp#27;[39m &amp#27;[90m{}&amp#27;[39m
&amp#27;[35m[W3C (e26f0de1)]&amp#27;[39m Driver proxy active, passing request on via HTTP proxy
[debug] &amp#27;[35m[WD Proxy]&amp#27;[39m Matched '/wd/hub/session/e26f0de1-bd1c-40d9-8b93-9fcbb6e07b12/element/00000000-0000-0acc-ffff-ffff00000655/rect' to command name 'getElementRect'
[debug] &amp#27;[35m[WD Proxy]&amp#27;[39m Proxying [GET /wd/hub/session/e26f0de1-bd1c-40d9-8b93-9fcbb6e07b12/element/00000000-0000-0acc-ffff-ffff00000655/rect] to [GET http://127.0.0.1:8201/wd/hub/session/4cb2e25a-2bc2-42cc-8dee-3bc92c52b92f/element/00000000-0000-0acc-ffff-ffff00000655/rect] with no body
[debug] &amp#27;[35m[WD Proxy]&amp#27;[39m Got response with status 200: {"sessionId":"4cb2e25a-2bc2-42cc-8dee-3bc92c52b92f","value":{"height":82,"width":275,"x":402,"y":813}}
&amp#27;[35m[WD Proxy]&amp#27;[39m Replacing sessionId 4cb2e25a-2bc2-42cc-8dee-3bc92c52b92f with e26f0de1-bd1c-40d9-8b93-9fcbb6e07b12
&amp#27;[35m[HTTP]&amp#27;[39m &amp#27;[37m<-- GET /wd/hub/session/e26f0de1-bd1c-40d9-8b93-9fcbb6e07b12/element/00000000-0000-0acc-ffff-ffff00000655/rect &amp#27;[39m&amp#27;[32m200&amp#27;[39m &amp#27;[90m10 ms - 102&amp#27;[39m
&amp#27;[35m[HTTP]&amp#27;[39m &amp#27;[90m&amp#27;[39m
&amp#27;[35m[HTTP]&amp#27;[39m &amp#27;[37m-->&amp#27;[39m &amp#27;[37mGET&amp#27;[39m &amp#27;[37m/wd/hub/session/e26f0de1-bd1c-40d9-8b93-9fcbb6e07b12/element/00000000-0000-0acc-ffff-ffff00000655/rect&amp#27;[39m
&amp#27;[35m[HTTP]&amp#27;[39m &amp#27;[90m{}&amp#27;[39m
&amp#27;[35m[W3C (e26f0de1)]&amp#27;[39m Driver proxy active, passing request on via HTTP proxy
[debug] &amp#27;[35m[WD Proxy]&amp#27;[39m Matched '/wd/hub/session/e26f0de1-bd1c-40d9-8b93-9fcbb6e07b12/element/00000000-0000-0acc-ffff-ffff00000655/rect' to command name 'getElementRect'
[debug] &amp#27;[35m[WD Proxy]&amp#27;[39m Proxying [GET /wd/hub/session/e26f0de1-bd1c-40d9-8b93-9fcbb6e07b12/element/00000000-0000-0acc-ffff-ffff00000655/rect] to [GET http://127.0.0.1:8201/wd/hub/session/4cb2e25a-2bc2-42cc-8dee-3bc92c52b92f/element/00000000-0000-0acc-ffff-ffff00000655/rect] with no body
[debug] &amp#27;[35m[WD Proxy]&amp#27;[39m Got response with status 200: {"sessionId":"4cb2e25a-2bc2-42cc-8dee-3bc92c52b92f","value":{"height":82,"width":275,"x":402,"y":813}}
&amp#27;[35m[WD Proxy]&amp#27;[39m Replacing sessionId 4cb2e25a-2bc2-42cc-8dee-3bc92c52b92f with e26f0de1-bd1c-40d9-8b93-9fcbb6e07b12
&amp#27;[35m[HTTP]&amp#27;[39m &amp#27;[37m<-- GET /wd/hub/session/e26f0de1-bd1c-40d9-8b93-9fcbb6e07b12/element/00000000-0000-0acc-ffff-ffff00000655/rect &amp#27;[39m&amp#27;[32m200&amp#27;[39m &amp#27;[90m5 ms - 102&amp#27;[39m
&amp#27;[35m[HTTP]&amp#27;[39m &amp#27;[90m&amp#27;[39m
2023-05-28 09:18:16  &amp#27;[34m&amp#27;[0;39mINFO  &amp#27;[35m[main]&amp#27;[0;39m &amp#27;[33mtop.testeru.page.AppBasePage.ElementScreenBase(AppBasePage.java:211)&amp#27;[0;39m -- location=$(402, 813) size=$(275, 82) x=$402 y=$813 width=$275 height=$82
&amp#27;[35m[HTTP]&amp#27;[39m &amp#27;[37m-->&amp#27;[39m &amp#27;[37mGET&amp#27;[39m &amp#27;[37m/wd/hub/session/e26f0de1-bd1c-40d9-8b93-9fcbb6e07b12/element/00000000-0000-0acc-ffff-ffff00000655/text&amp#27;[39m
&amp#27;[35m[HTTP]&amp#27;[39m &amp#27;[90m{}&amp#27;[39m
&amp#27;[35m[W3C (e26f0de1)]&amp#27;[39m Driver proxy active, passing request on via HTTP proxy
[debug] &amp#27;[35m[WD Proxy]&amp#27;[39m Matched '/wd/hub/session/e26f0de1-bd1c-40d9-8b93-9fcbb6e07b12/element/00000000-0000-0acc-ffff-ffff00000655/text' to command name 'getText'
[debug] &amp#27;[35m[WD Proxy]&amp#27;[39m Proxying [GET /wd/hub/session/e26f0de1-bd1c-40d9-8b93-9fcbb6e07b12/element/00000000-0000-0acc-ffff-ffff00000655/text] to [GET http://127.0.0.1:8201/wd/hub/session/4cb2e25a-2bc2-42cc-8dee-3bc92c52b92f/element/00000000-0000-0acc-ffff-ffff00000655/text] with no body
[debug] &amp#27;[35m[WD Proxy]&amp#27;[39m Got response with status 200: {"sessionId":"4cb2e25a-2bc2-42cc-8dee-3bc92c52b92f","value":"下班·正常"}
&amp#27;[35m[WD Proxy]&amp#27;[39m Replacing sessionId 4cb2e25a-2bc2-42cc-8dee-3bc92c52b92f with e26f0de1-bd1c-40d9-8b93-9fcbb6e07b12
&amp#27;[35m[HTTP]&amp#27;[39m &amp#27;[37m<-- GET /wd/hub/session/e26f0de1-bd1c-40d9-8b93-9fcbb6e07b12/element/00000000-0000-0acc-ffff-ffff00000655/text &amp#27;[39m&amp#27;[32m200&amp#27;[39m &amp#27;[90m10 ms - 77&amp#27;[39m
&amp#27;[35m[HTTP]&amp#27;[39m &amp#27;[90m&amp#27;[39m
]]></system-out>
  </testcase>
</testsuite>