<?xml version="1.0" encoding="UTF-8"?>
<testsuite xmlns:xsi="http://www.w3.org/2001/XMLSchema-instance" xsi:noNamespaceSchemaLocation="https://maven.apache.org/surefire/maven-surefire-plugin/xsd/surefire-test-report-3.0.xsd" version="3.0" name="top.testeru.member.AddMemberTest" time="100.277" tests="1" errors="0" skipped="0" failures="0">
  <properties>
[...]
</properties>
  <testcase name="editAdd" classname="top.testeru.member.AddMemberTest" time="94.419">
    <system-out><![CDATA[[debug] &amp#27;[35m[HTTP]&amp#27;[39m Request idempotency key: cf3f8e7b-1a2e-46c3-ab23-55472dd867b1
&amp#27;[35m[HTTP]&amp#27;[39m &amp#27;[37m-->&amp#27;[39m &amp#27;[37mPOST&amp#27;[39m &amp#27;[37m/wd/hub/session&amp#27;[39m
&amp#27;[35m[HTTP]&amp#27;[39m &amp#27;[90m{"capabilities":{"firstMatch":[{}],"alwaysMatch":{"appium:appActivity":".launch.LaunchSplashActivity","appium:appPackage":"com.tencent.wework","appium:autoGrantPermissions":true,"appium:automationName":"UiAutomator2","appium:deviceName":"8c5f5f92","appium:newCommandTimeout":300000,"appium:noReset":true,"appium:platformVersion":"13.0.0","appium:printPageSourceOnFindFailure":true,"appium:udid":"8c5f5f92","platformName":"ANDROID"}}}&amp#27;[39m
[debug] &amp#27;[35m[W3C]&amp#27;[39m Calling AppiumDriver.createSession() with args: [null,null,{"firstMatch":[{}],"alwaysMatch":{"appium:appActivity":".launch.LaunchSplashActivity","appium:appPackage":"com.tencent.wework","appium:autoGrantPermissions":true,"appium:automationName":"UiAutomator2","appium:deviceName":"8c5f5f92","appium:newCommandTimeout":300000,"appium:noReset":true,"appium:platformVersion":"13.0.0","appium:printPageSourceOnFindFailure":true,"appium:udid":"8c5f5f92","platformName":"ANDROID"}}]
[debug] &amp#27;[35m[BaseDriver]&amp#27;[39m Event 'newSessionRequested' logged at 1685236533495 (09:15:33 GMT+0800 (China Standard Time))
&amp#27;[35m[Appium]&amp#27;[39m Appium v1.22.3 creating new AndroidUiautomator2Driver (v1.70.1) session
[debug] &amp#27;[35m[BaseDriver]&amp#27;[39m Creating session with W3C capabilities: {
[debug] &amp#27;[35m[BaseDriver]&amp#27;[39m   "alwaysMatch": {
[debug] &amp#27;[35m[BaseDriver]&amp#27;[39m     "platformName": "ANDROID",
[debug] &amp#27;[35m[BaseDriver]&amp#27;[39m     "appium:appActivity": ".launch.LaunchSplashActivity",
[debug] &amp#27;[35m[BaseDriver]&amp#27;[39m     "appium:appPackage": "com.tencent.wework",
[debug] &amp#27;[35m[BaseDriver]&amp#27;[39m     "appium:autoGrantPermissions": true,
[debug] &amp#27;[35m[BaseDriver]&amp#27;[39m     "appium:automationName": "UiAutomator2",
[debug] &amp#27;[35m[BaseDriver]&amp#27;[39m     "appium:deviceName": "8c5f5f92",
[debug] &amp#27;[35m[BaseDriver]&amp#27;[39m     "appium:newCommandTimeout": 300000,
[debug] &amp#27;[35m[BaseDriver]&amp#27;[39m     "appium:noReset": true,
[debug] &amp#27;[35m[BaseDriver]&amp#27;[39m     "appium:platformVersion": "13.0.0",
[debug] &amp#27;[35m[BaseDriver]&amp#27;[39m     "appium:printPageSourceOnFindFailure": true,
[debug] &amp#27;[35m[BaseDriver]&amp#27;[39m     "appium:udid": "8c5f5f92"
[debug] &amp#27;[35m[BaseDriver]&amp#27;[39m   },
[debug] &amp#27;[35m[BaseDriver]&amp#27;[39m   "firstMatch": [
[debug] &amp#27;[35m[BaseDriver]&amp#27;[39m     {}
[debug] &amp#27;[35m[BaseDriver]&amp#27;[39m   ]
[debug] &amp#27;[35m[BaseDriver]&amp#27;[39m }
&amp#27;[35m[BaseDriver]&amp#27;[39m Session created with session id: da2896bd-438a-4f7f-9343-bd96e6f29722
&amp#27;[35m[UiAutomator2]&amp#27;[39m Starting 'com.tencent.wework' directly on the device
&amp#27;[35m[ADB]&amp#27;[39m Found 1 'build-tools' folders under '/Users/gaigai/Library/Android/sdk' (newest first):
&amp#27;[35m[ADB]&amp#27;[39m     /Users/gaigai/Library/Android/sdk/build-tools/33.0.2
&amp#27;[35m[ADB]&amp#27;[39m Using 'adb' from '/Users/gaigai/Library/Android/sdk/platform-tools/adb'
[debug] &amp#27;[35m[ADB]&amp#27;[39m Running '/Users/gaigai/Library/Android/sdk/platform-tools/adb -P 5037 start-server'
&amp#27;[35m[AndroidDriver]&amp#27;[39m Retrieving device list
[debug] &amp#27;[35m[ADB]&amp#27;[39m Trying to find a connected android device
[debug] &amp#27;[35m[ADB]&amp#27;[39m Getting connected devices
[debug] &amp#27;[35m[ADB]&amp#27;[39m Connected devices: [{"udid":"8c5f5f92","state":"device"}]
&amp#27;[35m[AndroidDriver]&amp#27;[39m Using device: 8c5f5f92
&amp#27;[35m[ADB]&amp#27;[39m Using 'adb' from '/Users/gaigai/Library/Android/sdk/platform-tools/adb'
[debug] &amp#27;[35m[ADB]&amp#27;[39m Running '/Users/gaigai/Library/Android/sdk/platform-tools/adb -P 5037 start-server'
[debug] &amp#27;[35m[ADB]&amp#27;[39m Setting device id to 8c5f5f92
[debug] &amp#27;[35m[ADB]&amp#27;[39m Running '/Users/gaigai/Library/Android/sdk/platform-tools/adb -P 5037 -s 8c5f5f92 shell getprop ro.build.version.sdk'
[debug] &amp#27;[35m[ADB]&amp#27;[39m Current device property 'ro.build.version.sdk': 33
&amp#27;[35m[ADB]&amp#27;[39m Getting device platform version
[debug] &amp#27;[35m[ADB]&amp#27;[39m Running '/Users/gaigai/Library/Android/sdk/platform-tools/adb -P 5037 -s 8c5f5f92 shell getprop ro.build.version.release'
[debug] &amp#27;[35m[ADB]&amp#27;[39m Current device property 'ro.build.version.release': 13
[debug] &amp#27;[35m[ADB]&amp#27;[39m Device API level: 33
&amp#27;[35m[UiAutomator2]&amp#27;[39m Relaxing hidden api policy
[debug] &amp#27;[35m[ADB]&amp#27;[39m Running '/Users/gaigai/Library/Android/sdk/platform-tools/adb -P 5037 -s 8c5f5f92 shell 'settings put global hidden_api_policy_pre_p_apps 1;settings put global hidden_api_policy_p_apps 1;settings put global hidden_api_policy 1''
&amp#27;[35m[AndroidDriver]&amp#27;[39m No app sent in, not parsing package/activity
[debug] &amp#27;[35m[ADB]&amp#27;[39m Running '/Users/gaigai/Library/Android/sdk/platform-tools/adb -P 5037 -s 8c5f5f92 wait-for-device'
[debug] &amp#27;[35m[ADB]&amp#27;[39m Running '/Users/gaigai/Library/Android/sdk/platform-tools/adb -P 5037 -s 8c5f5f92 shell echo ping'
[debug] &amp#27;[35m[AndroidDriver]&amp#27;[39m Pushing settings apk to device...
[debug] &amp#27;[35m[ADB]&amp#27;[39m Getting install status for io.appium.settings
[debug] &amp#27;[35m[ADB]&amp#27;[39m Running '/Users/gaigai/Library/Android/sdk/platform-tools/adb -P 5037 -s 8c5f5f92 shell dumpsys package io.appium.settings'
[debug] &amp#27;[35m[ADB]&amp#27;[39m 'io.appium.settings' is installed
[debug] &amp#27;[35m[ADB]&amp#27;[39m Getting package info for 'io.appium.settings'
[debug] &amp#27;[35m[ADB]&amp#27;[39m Running '/Users/gaigai/Library/Android/sdk/platform-tools/adb -P 5037 -s 8c5f5f92 shell dumpsys package io.appium.settings'
[debug] &amp#27;[35m[ADB]&amp#27;[39m The version name of the installed 'io.appium.settings' is greater or equal to the application version name ('3.4.0' >= '3.4.0')
[debug] &amp#27;[35m[ADB]&amp#27;[39m There is no need to install/upgrade '/opt/homebrew/lib/node_modules/appium/node_modules/io.appium.settings/apks/settings_apk-debug.apk'
[debug] &amp#27;[35m[ADB]&amp#27;[39m Getting IDs of all 'io.appium.settings' processes
[debug] &amp#27;[35m[ADB]&amp#27;[39m Running '/Users/gaigai/Library/Android/sdk/platform-tools/adb -P 5037 -s 8c5f5f92 shell 'pgrep --help; echo $?''
[debug] &amp#27;[35m[ADB]&amp#27;[39m Running '/Users/gaigai/Library/Android/sdk/platform-tools/adb -P 5037 -s 8c5f5f92 shell pgrep -f \(\[\[:blank:\]\]\|\^\)io\.appium\.settings\(\[\[:blank:\]\]\|\$\)'
[debug] &amp#27;[35m[AndroidDriver]&amp#27;[39m io.appium.settings is already running. There is no need to reset its permissions.
[debug] &amp#27;[35m[ADB]&amp#27;[39m Running '/Users/gaigai/Library/Android/sdk/platform-tools/adb -P 5037 -s 8c5f5f92 shell appops set io.appium.settings android:mock_location allow'
[debug] &amp#27;[35m[Logcat]&amp#27;[39m Starting logs capture with command: /Users/gaigai/Library/Android/sdk/platform-tools/adb -P 5037 -s 8c5f5f92 logcat -v threadtime
[debug] &amp#27;[35m[UiAutomator2]&amp#27;[39m Forwarding UiAutomator2 Server port 6790 to local port 8200
[debug] &amp#27;[35m[ADB]&amp#27;[39m Forwarding system: 8200 to device: 6790
[debug] &amp#27;[35m[ADB]&amp#27;[39m Running '/Users/gaigai/Library/Android/sdk/platform-tools/adb -P 5037 -s 8c5f5f92 forward tcp:8200 tcp:6790'
[debug] &amp#27;[35m[ADB]&amp#27;[39m Getting install status for io.appium.uiautomator2.server
[debug] &amp#27;[35m[ADB]&amp#27;[39m Running '/Users/gaigai/Library/Android/sdk/platform-tools/adb -P 5037 -s 8c5f5f92 shell dumpsys package io.appium.uiautomator2.server'
[debug] &amp#27;[35m[ADB]&amp#27;[39m 'io.appium.uiautomator2.server' is installed
[debug] &amp#27;[35m[ADB]&amp#27;[39m Getting package info for 'io.appium.uiautomator2.server'
[debug] &amp#27;[35m[ADB]&amp#27;[39m Running '/Users/gaigai/Library/Android/sdk/platform-tools/adb -P 5037 -s 8c5f5f92 shell dumpsys package io.appium.uiautomator2.server'
[debug] &amp#27;[35m[ADB]&amp#27;[39m The version name of the installed 'io.appium.uiautomator2.server' is greater or equal to the application version name ('4.27.0' >= '4.27.0')
[debug] &amp#27;[35m[UiAutomator2]&amp#27;[39m io.appium.uiautomator2.server installation state: sameVersionInstalled
[debug] &amp#27;[35m[ADB]&amp#27;[39m Checking app cert for /opt/homebrew/lib/node_modules/appium/node_modules/appium-uiautomator2-server/apks/appium-uiautomator2-server-v4.27.0.apk
&amp#27;[35m[ADB]&amp#27;[39m Using 'apksigner.jar' from '/Users/gaigai/Library/Android/sdk/build-tools/33.0.2/lib/apksigner.jar'
[debug] &amp#27;[35m[ADB]&amp#27;[39m Starting apksigner: /Library/Java/JavaVirtualMachines/jdk-11.jdk/Contents/Home/bin/java -Xmx1024M -Xss1m -jar /Users/gaigai/Library/Android/sdk/build-tools/33.0.2/lib/apksigner.jar verify --print-certs /opt/homebrew/lib/node_modules/appium/node_modules/appium-uiautomator2-server/apks/appium-uiautomator2-server-v4.27.0.apk
[debug] &amp#27;[35m[ADB]&amp#27;[39m apksigner stdout: Signer #1 certificate DN: EMAILADDRESS=android@android.com, CN=Android, OU=Android, O=Android, L=Mountain View, ST=California, C=US
[debug] &amp#27;[35m[ADB]&amp#27;[39m Signer #1 certificate SHA-256 digest: a40da80a59d170caa950cf15c18c454d47a39b26989d8b640ecd745ba71bf5dc
[debug] &amp#27;[35m[ADB]&amp#27;[39m Signer #1 certificate SHA-1 digest: 61ed377e85d386a8dfee6b864bd85b0bfaa5af81
[debug] &amp#27;[35m[ADB]&amp#27;[39m Signer #1 certificate MD5 digest: e89b158e4bcf988ebd09eb83f5378e87
[debug] &amp#27;[35m[ADB]&amp#27;[39m 
[debug] &amp#27;[35m[ADB]&amp#27;[39m sha256 hash did match for 'appium-uiautomator2-server-v4.27.0.apk'
&amp#27;[35m[ADB]&amp#27;[39m '/opt/homebrew/lib/node_modules/appium/node_modules/appium-uiautomator2-server/apks/appium-uiautomator2-server-v4.27.0.apk' is signed with the default certificate
[debug] &amp#27;[35m[ADB]&amp#27;[39m Getting install status for io.appium.uiautomator2.server.test
[debug] &amp#27;[35m[ADB]&amp#27;[39m Running '/Users/gaigai/Library/Android/sdk/platform-tools/adb -P 5037 -s 8c5f5f92 shell dumpsys package io.appium.uiautomator2.server.test'
[debug] &amp#27;[35m[ADB]&amp#27;[39m 'io.appium.uiautomator2.server.test' is installed
[debug] &amp#27;[35m[ADB]&amp#27;[39m Checking app cert for /opt/homebrew/lib/node_modules/appium/node_modules/appium-uiautomator2-server/apks/appium-uiautomator2-server-debug-androidTest.apk
[debug] &amp#27;[35m[ADB]&amp#27;[39m Starting apksigner: /Library/Java/JavaVirtualMachines/jdk-11.jdk/Contents/Home/bin/java -Xmx1024M -Xss1m -jar /Users/gaigai/Library/Android/sdk/build-tools/33.0.2/lib/apksigner.jar verify --print-certs /opt/homebrew/lib/node_modules/appium/node_modules/appium-uiautomator2-server/apks/appium-uiautomator2-server-debug-androidTest.apk
[debug] &amp#27;[35m[ADB]&amp#27;[39m apksigner stdout: Signer #1 certificate DN: EMAILADDRESS=android@android.com, CN=Android, OU=Android, O=Android, L=Mountain View, ST=California, C=US
[debug] &amp#27;[35m[ADB]&amp#27;[39m Signer #1 certificate SHA-256 digest: a40da80a59d170caa950cf15c18c454d47a39b26989d8b640ecd745ba71bf5dc
[debug] &amp#27;[35m[ADB]&amp#27;[39m Signer #1 certificate SHA-1 digest: 61ed377e85d386a8dfee6b864bd85b0bfaa5af81
[debug] &amp#27;[35m[ADB]&amp#27;[39m Signer #1 certificate MD5 digest: e89b158e4bcf988ebd09eb83f5378e87
[debug] &amp#27;[35m[ADB]&amp#27;[39m 
[debug] &amp#27;[35m[ADB]&amp#27;[39m sha256 hash did match for 'appium-uiautomator2-server-debug-androidTest.apk'
&amp#27;[35m[ADB]&amp#27;[39m '/opt/homebrew/lib/node_modules/appium/node_modules/appium-uiautomator2-server/apks/appium-uiautomator2-server-debug-androidTest.apk' is signed with the default certificate
&amp#27;[35m[UiAutomator2]&amp#27;[39m Server packages are not going to be (re)installed
[debug] &amp#27;[35m[UiAutomator2]&amp#27;[39m Waiting up to 30000ms for services to be available
[debug] &amp#27;[35m[ADB]&amp#27;[39m Running '/Users/gaigai/Library/Android/sdk/platform-tools/adb -P 5037 -s 8c5f5f92 shell pm list instrumentation'
[debug] &amp#27;[35m[UiAutomator2]&amp#27;[39m Instrumentation target 'io.appium.uiautomator2.server.test/androidx.test.runner.AndroidJUnitRunner' is available
&amp#27;[35m[ADB]&amp#27;[39m Adding packages ["io.appium.settings","io.appium.uiautomator2.server","io.appium.uiautomator2.server.test"] to Doze whitelist
[debug] &amp#27;[35m[ADB]&amp#27;[39m Got the following command chunks to execute: [["dumpsys","deviceidle","whitelist","+io.appium.settings",";","dumpsys","deviceidle","whitelist","+io.appium.uiautomator2.server",";","dumpsys","deviceidle","whitelist","+io.appium.uiautomator2.server.test",";"]]
[debug] &amp#27;[35m[ADB]&amp#27;[39m Running '/Users/gaigai/Library/Android/sdk/platform-tools/adb -P 5037 -s 8c5f5f92 shell dumpsys deviceidle whitelist +io.appium.settings ; dumpsys deviceidle whitelist +io.appium.uiautomator2.server ; dumpsys deviceidle whitelist +io.appium.uiautomator2.server.test ;'
[debug] &amp#27;[35m[UiAutomator2]&amp#27;[39m No app capability. Assuming it is already on the device
[debug] &amp#27;[35m[UiAutomator2]&amp#27;[39m Performing shallow cleanup of automation leftovers
[debug] &amp#27;[35m[UiAutomator2]&amp#27;[39m No obsolete sessions have been detected (socket hang up)
[debug] &amp#27;[35m[ADB]&amp#27;[39m Running '/Users/gaigai/Library/Android/sdk/platform-tools/adb -P 5037 -s 8c5f5f92 shell am force-stop io.appium.uiautomator2.server.test'
&amp#27;[35m[UiAutomator2]&amp#27;[39m Starting UIAutomator2 server 4.27.0
&amp#27;[35m[UiAutomator2]&amp#27;[39m Using UIAutomator2 server from '/opt/homebrew/lib/node_modules/appium/node_modules/appium-uiautomator2-server/apks/appium-uiautomator2-server-v4.27.0.apk' and test from '/opt/homebrew/lib/node_modules/appium/node_modules/appium-uiautomator2-server/apks/appium-uiautomator2-server-debug-androidTest.apk'
&amp#27;[35m[UiAutomator2]&amp#27;[39m Waiting up to 30000ms for UiAutomator2 to be online...
[debug] &amp#27;[35m[ADB]&amp#27;[39m Creating ADB subprocess with args: ["-P",5037,"-s","8c5f5f92","shell","am","instrument","-w","-e","disableAnalytics",true,"io.appium.uiautomator2.server.test/androidx.test.runner.AndroidJUnitRunner"]
[debug] &amp#27;[35m[WD Proxy]&amp#27;[39m Matched '/status' to command name 'getStatus'
[debug] &amp#27;[35m[WD Proxy]&amp#27;[39m Proxying [GET /status] to [GET http://127.0.0.1:8200/wd/hub/status] with no body
&amp#27;[35m[WD Proxy]&amp#27;[39m socket hang up
[debug] &amp#27;[35m[Instrumentation]&amp#27;[39m io.appium.uiautomator2.server.test.AppiumUiAutomator2Server:
[debug] &amp#27;[35m[WD Proxy]&amp#27;[39m Matched '/status' to command name 'getStatus'
[debug] &amp#27;[35m[WD Proxy]&amp#27;[39m Proxying [GET /status] to [GET http://127.0.0.1:8200/wd/hub/status] with no body
&amp#27;[35m[WD Proxy]&amp#27;[39m socket hang up
[debug] &amp#27;[35m[WD Proxy]&amp#27;[39m Matched '/status' to command name 'getStatus'
[debug] &amp#27;[35m[WD Proxy]&amp#27;[39m Proxying [GET /status] to [GET http://127.0.0.1:8200/wd/hub/status] with no body
[debug] &amp#27;[35m[WD Proxy]&amp#27;[39m Got response with status 200: {"sessionId":"None","value":{"message":"UiAutomator2 Server is ready to accept commands","ready":true}}
[debug] &amp#27;[35m[UiAutomator2]&amp#27;[39m The initialization of the instrumentation process took 2042ms
[debug] &amp#27;[35m[WD Proxy]&amp#27;[39m Matched '/session' to command name 'createSession'
[debug] &amp#27;[35m[WD Proxy]&amp#27;[39m Proxying [POST /session] to [POST http://127.0.0.1:8200/wd/hub/session] with body: {"capabilities":{"firstMatch":[{"platform":"LINUX","webStorageEnabled":false,"takesScreenshot":true,"javascriptEnabled":true,"databaseEnabled":false,"networkConnectionEnabled":true,"locationContextEnabled":false,"warnings":{},"desired":{"platformName":"ANDROID","appActivity":".launch.LaunchSplashActivity","appPackage":"com.tencent.wework","autoGrantPermissions":true,"automationName":"UiAutomator2","deviceName":"8c5f5f92","newCommandTimeout":300000,"noReset":true,"platformVersion":"13.0.0","printPageSourceOnFindFailure":true,"udid":"8c5f5f92"},"platformName":"ANDROID","appActivity":".launch.LaunchSplashActivity","appPackage":"com.tencent.wework","autoGrantPermissions":true,"automationName":"UiAutomator2","deviceName":"8c5f5f92","newCommandTimeout":300000,"noReset":true,"platformVersion":"13.0.0","printPageSourceOnFindFailure":true,"udid":"8c5f5f92","deviceUDID":"8c5f5f92"}],"alwaysMatch":{}}}
[debug] &amp#27;[35m[WD Proxy]&amp#27;[39m Got response with status 200: {"sessionId":"2e74e7b9-85a6-478f-8ae2-621a49ed711a","value":{"capabilities":{"firstMatch":[{"platform":"LINUX","webStorageEnabled":false,"takesScreenshot":true,"javascriptEnabled":true,"databaseEnabled":false,"networkConnectionEnabled":true,"locationContextEnabled":false,"warnings":{},"desired":{"platformName":"ANDROID","appActivity":".launch.LaunchSplashActivity","appPackage":"com.tencent.wework","autoGrantPermissions":true,"automationName":"UiAutomator2","deviceName":"8c5f5f92","newCommandTimeout":300000,"noReset":true,"platformVersion":"13.0.0","printPageSourceOnFindFailure":true,"udid":"8c5f5f92"},"platformName":"ANDROID","appActivity":".launch.LaunchSplashActivity","appPackage":"com.tencent.wework","autoGrantPermissions":true,"automationName":"UiAutomator2","deviceName":"8c5f5f92","newCommandTimeout":300000,"noReset":true,"platformVersion":"13.0.0","printPageSourceOnFindFailure":true,"udid":"8c5f5f92","deviceUDID":"8c5f5f92"}],"alwaysMatch":{}},"sessionId":"2e74e7b9-85a6-478f-8ae2-621a49ed711a"}}
&amp#27;[35m[WD Proxy]&amp#27;[39m Determined the downstream protocol as 'W3C'
[debug] &amp#27;[35m[WD Proxy]&amp#27;[39m Proxying [GET /appium/device/info] to [GET http://127.0.0.1:8200/wd/hub/session/2e74e7b9-85a6-478f-8ae2-621a49ed711a/appium/device/info] with no body
[debug] &amp#27;[35m[WD Proxy]&amp#27;[39m Got response with status 200: {"sessionId":"2e74e7b9-85a6-478f-8ae2-621a49ed711a","value":{"androidId":"c4541127625f3cc5","apiVersion":"33","bluetooth":{"state":"ON"},"brand":"Redmi","carrierName":"中国联通","displayDensity":440,"locale":"zh_CN","manufacturer":"Xiaomi","model":"M2012K11C","networks":[{"capabilities":{"SSID":null,"linkDownBandwidthKbps":6129,"linkUpstreamBandwidthKbps":6129,"networkCapabilities":"NET_CAPABILITY_IMS,NET_CAPABILITY_NOT_METERED,NET_CAPABILITY_TRUSTED,NET_CAPABILITY_NOT_VPN,NET_CAPABILITY_VALIDATED,NET_CAPABILITY_NOT_ROAMING,NET_CAPABILITY_FOREGROUND,NET_CAPABILITY_NOT_CONGESTED,NET_CAPABILITY_NOT_SUSPENDED","signalStrength":-2147483648,"transportTypes":"TRANSPORT_CELLULAR"},"detailedState":"CONNECTED","extraInfo":"ims","isAvailable":true,"isConnected":true,"isFailover":false,"isRoaming":false,"state":"CONNECTED","subtype":20,"subtypeName":"NR","type":0,"typeName":"MOBILE"},{"capabilities":{"SSID":null,"linkDownBandwidthKbps":148550,"linkUpstreamBandwidthKbps":60000,"networkCapabilities":"NET_CAPABILITY_IMS,NET...
[debug] &amp#27;[35m[ADB]&amp#27;[39m Running '/Users/gaigai/Library/Android/sdk/platform-tools/adb -P 5037 -s 8c5f5f92 shell dumpsys window'
&amp#27;[35m[AndroidDriver]&amp#27;[39m Screen already unlocked, doing nothing
&amp#27;[35m[UiAutomator2]&amp#27;[39m Starting 'com.tencent.wework/.launch.LaunchSplashActivity and waiting for 'com.tencent.wework/.launch.LaunchSplashActivity'
[debug] &amp#27;[35m[ADB]&amp#27;[39m Running '/Users/gaigai/Library/Android/sdk/platform-tools/adb -P 5037 -s 8c5f5f92 shell am start -W -n com.tencent.wework/.launch.LaunchSplashActivity -S -a android.intent.action.MAIN -c android.intent.category.LAUNCHER -f 0x10200000'
[debug] &amp#27;[35m[WD Proxy]&amp#27;[39m Proxying [GET /appium/device/pixel_ratio] to [GET http://127.0.0.1:8200/wd/hub/session/2e74e7b9-85a6-478f-8ae2-621a49ed711a/appium/device/pixel_ratio] with no body
[debug] &amp#27;[35m[WD Proxy]&amp#27;[39m Got response with status 200: {"sessionId":"2e74e7b9-85a6-478f-8ae2-621a49ed711a","value":2.75}
[debug] &amp#27;[35m[WD Proxy]&amp#27;[39m Matched '/appium/device/system_bars' to command name 'getSystemBars'
[debug] &amp#27;[35m[WD Proxy]&amp#27;[39m Proxying [GET /appium/device/system_bars] to [GET http://127.0.0.1:8200/wd/hub/session/2e74e7b9-85a6-478f-8ae2-621a49ed711a/appium/device/system_bars] with no body
[debug] &amp#27;[35m[WD Proxy]&amp#27;[39m Got response with status 200: {"sessionId":"2e74e7b9-85a6-478f-8ae2-621a49ed711a","value":{"statusBar":80}}
[debug] &amp#27;[35m[WD Proxy]&amp#27;[39m Matched '/window/current/size' to command name 'getWindowSize'
[debug] &amp#27;[35m[WD Proxy]&amp#27;[39m Proxying [GET /window/current/size] to [GET http://127.0.0.1:8200/wd/hub/session/2e74e7b9-85a6-478f-8ae2-621a49ed711a/window/current/size] with no body
[debug] &amp#27;[35m[WD Proxy]&amp#27;[39m Got response with status 200: {"sessionId":"2e74e7b9-85a6-478f-8ae2-621a49ed711a","value":{"height":2276,"width":1080}}
&amp#27;[35m[Appium]&amp#27;[39m New AndroidUiautomator2Driver session created successfully, session da2896bd-438a-4f7f-9343-bd96e6f29722 added to master session list
[debug] &amp#27;[35m[BaseDriver]&amp#27;[39m Event 'newSessionStarted' logged at 1685236538344 (09:15:38 GMT+0800 (China Standard Time))
[debug] &amp#27;[35m[W3C (da2896bd)]&amp#27;[39m Cached the protocol value 'W3C' for the new session da2896bd-438a-4f7f-9343-bd96e6f29722
[debug] &amp#27;[35m[W3C (da2896bd)]&amp#27;[39m Responding to client with driver.createSession() result: {"capabilities":{"platform":"LINUX","webStorageEnabled":false,"takesScreenshot":true,"javascriptEnabled":true,"databaseEnabled":false,"networkConnectionEnabled":true,"locationContextEnabled":false,"warnings":{},"desired":{"platformName":"ANDROID","appActivity":".launch.LaunchSplashActivity","appPackage":"com.tencent.wework","autoGrantPermissions":true,"automationName":"UiAutomator2","deviceName":"8c5f5f92","newCommandTimeout":300000,"noReset":true,"platformVersion":"13.0.0","printPageSourceOnFindFailure":true,"udid":"8c5f5f92"},"platformName":"ANDROID","appActivity":".launch.LaunchSplashActivity","appPackage":"com.tencent.wework","autoGrantPermissions":true,"automationName":"UiAutomator2","deviceName":"8c5f5f92","newCommandTimeout":300000,"noReset":true,"platformVersion":"13","printPageSourceOnFindFailure":true,"udid":"8c5f5f92","deviceUDID":"8c5f5f92","deviceApiLevel":33,"deviceScreenSize":"1080x2400","deviceScreenDensity":440,"deviceModel":"M2012K11C","deviceManufacturer":"Xiaomi","pixelRatio":2.75,"stat...
&amp#27;[35m[HTTP]&amp#27;[39m &amp#27;[37m<-- POST /wd/hub/session &amp#27;[39m&amp#27;[32m200&amp#27;[39m &amp#27;[90m4851 ms - 1159&amp#27;[39m
&amp#27;[35m[HTTP]&amp#27;[39m &amp#27;[90m&amp#27;[39m
&amp#27;[35m[HTTP]&amp#27;[39m &amp#27;[37m-->&amp#27;[39m &amp#27;[37mPOST&amp#27;[39m &amp#27;[37m/wd/hub/session/da2896bd-438a-4f7f-9343-bd96e6f29722/timeouts&amp#27;[39m
&amp#27;[35m[HTTP]&amp#27;[39m &amp#27;[90m{"implicit":20000}&amp#27;[39m
[debug] &amp#27;[35m[W3C (da2896bd)]&amp#27;[39m Calling AppiumDriver.timeouts() with args: [null,null,null,null,20000,"da2896bd-438a-4f7f-9343-bd96e6f29722"]
[debug] &amp#27;[35m[BaseDriver]&amp#27;[39m W3C timeout argument: {"implicit":20000}}
[debug] &amp#27;[35m[BaseDriver]&amp#27;[39m Set implicit wait to 20000ms
[debug] &amp#27;[35m[W3C (da2896bd)]&amp#27;[39m Responding to client with driver.timeouts() result: null
&amp#27;[35m[HTTP]&amp#27;[39m &amp#27;[37m<-- POST /wd/hub/session/da2896bd-438a-4f7f-9343-bd96e6f29722/timeouts &amp#27;[39m&amp#27;[32m200&amp#27;[39m &amp#27;[90m1 ms - 14&amp#27;[39m
&amp#27;[35m[HTTP]&amp#27;[39m &amp#27;[90m&amp#27;[39m
&amp#27;[35m[HTTP]&amp#27;[39m &amp#27;[37m-->&amp#27;[39m &amp#27;[37mPOST&amp#27;[39m &amp#27;[37m/wd/hub/session/da2896bd-438a-4f7f-9343-bd96e6f29722/element&amp#27;[39m
&amp#27;[35m[HTTP]&amp#27;[39m &amp#27;[90m{"using":"xpath","value":"//*[@text=\"通讯录\"]"}&amp#27;[39m
[debug] &amp#27;[35m[W3C (da2896bd)]&amp#27;[39m Calling AppiumDriver.findElement() with args: ["xpath","//*[@text=\"通讯录\"]","da2896bd-438a-4f7f-9343-bd96e6f29722"]
[debug] &amp#27;[35m[BaseDriver]&amp#27;[39m Valid locator strategies for this request: xpath, id, class name, accessibility id, css selector, -android uiautomator
[debug] &amp#27;[35m[BaseDriver]&amp#27;[39m Waiting up to 20000 ms for condition
[debug] &amp#27;[35m[WD Proxy]&amp#27;[39m Matched '/element' to command name 'findElement'
[debug] &amp#27;[35m[WD Proxy]&amp#27;[39m Proxying [POST /element] to [POST http://127.0.0.1:8200/wd/hub/session/2e74e7b9-85a6-478f-8ae2-621a49ed711a/element] with body: {"strategy":"xpath","selector":"//*[@text=\"通讯录\"]","context":"","multiple":false}
[debug] &amp#27;[35m[WD Proxy]&amp#27;[39m Got response with status 200: {"sessionId":"2e74e7b9-85a6-478f-8ae2-621a49ed711a","value":{"ELEMENT":"00000000-0000-0aad-ffff-ffff000000d6","element-6066-11e4-a52e-4f735466cecf":"00000000-0000-0aad-ffff-ffff000000d6"}}
[debug] &amp#27;[35m[W3C (da2896bd)]&amp#27;[39m Responding to client with driver.findElement() result: {"element-6066-11e4-a52e-4f735466cecf":"00000000-0000-0aad-ffff-ffff000000d6","ELEMENT":"00000000-0000-0aad-ffff-ffff000000d6"}
&amp#27;[35m[HTTP]&amp#27;[39m &amp#27;[37m<-- POST /wd/hub/session/da2896bd-438a-4f7f-9343-bd96e6f29722/element &amp#27;[39m&amp#27;[32m200&amp#27;[39m &amp#27;[90m2471 ms - 137&amp#27;[39m
&amp#27;[35m[HTTP]&amp#27;[39m &amp#27;[90m&amp#27;[39m
2023-05-28 09:15:41  &amp#27;[34m&amp#27;[0;39mINFO  &amp#27;[35m[main]&amp#27;[0;39m &amp#27;[33mtop.testeru.page.AppBasePage.find(AppBasePage.java:105)&amp#27;[0;39m -- 元素定位：By.xpath: //*[@text="通讯录"]
&amp#27;[35m[HTTP]&amp#27;[39m &amp#27;[37m-->&amp#27;[39m &amp#27;[37mGET&amp#27;[39m &amp#27;[37m/wd/hub/session/da2896bd-438a-4f7f-9343-bd96e6f29722/screenshot&amp#27;[39m
&amp#27;[35m[HTTP]&amp#27;[39m &amp#27;[90m{}&amp#27;[39m
[debug] &amp#27;[35m[W3C (da2896bd)]&amp#27;[39m Calling AppiumDriver.getScreenshot() with args: ["da2896bd-438a-4f7f-9343-bd96e6f29722"]
[debug] &amp#27;[35m[WD Proxy]&amp#27;[39m Matched '/screenshot' to command name 'getScreenshot'
[debug] &amp#27;[35m[WD Proxy]&amp#27;[39m Proxying [GET /screenshot] to [GET http://127.0.0.1:8200/wd/hub/session/2e74e7b9-85a6-478f-8ae2-621a49ed711a/screenshot] with no body
[debug] &amp#27;[35m[WD Proxy]&amp#27;[39m Got response with status 200: {"sessionId":"2e74e7b9-85a6-478f-8ae2-621a49ed711a","value":"iVBORw0KGgoAAAANSUhEUgAABDgAAAlgCAYAAABtGofVAAAAAXNSR0IArs4c6QAAAARzQklUCAgI\nCHwIZIgAACAASURBVHic7N13fBz1mT/wz2xv0hb13ixbllywXLCxLbCJDbjRcQgtCRDIpQAJOQhH\nfsklXMqF4yCBXEK5Cz2ml2DAdNuAbVxwLypWsXpf7a52tWV+f6zaalfSSlppd+XP+/Xyy97RzOyM\nvmtp5pnn+zzCsp99IYKIiIiIiIiIKIpJwn0AREREREREREQTxQAHEREREREREUU9BjiIiIiIiIiI\nKOoxwEFEREREREREUY8BDiIiIiIiIiKKegxwEBEREREREVHUY4CDiIiIiIiIiKIeAxxERERERERE\nFPUY4CAiIiIiIiKiqMcABxERERERERFFPQY4iIiIiIiIiCjqMcBBRERERERERFGPAQ4iIiIiIiIi\ninoMcBARERERERFR1GOAg4iIiIiIiIiiHgMcRERERERERBT1GOAgIiIiIiIioqjHAAcRERERERER\nRT0GOIiIiIiIiIgo6jHAQURERERERERRjwEOIiIiIiIiIop6DHAQERERERERUdRjgIOIiIiIiIiI\noh4DHEREREREREQU9RjgICIiIiIiIqKoxwAHEREREREREUU9BjiIiIiIiIiIKOoxwEFERERERERE\nUY8BDiIiIiIiIiKKegxwEBEREREREVHUY4CDiIiIiIiIiKIeAxxEREREREREFPUY4CAiIiIiIiKi\nqCcL9wFEqtXz4pCTpO5/fbiyC3tKO6fs/R+4fiYkAnCosgtfnuxAVVP3lL03TQ1BAIoyYzAnU4ck\ngxJJBgUaO3pQ3+7A4aouHK+xDLutWiHFRcXxOFJlQVm9dQqPmoiIiKJRkkGJ9HgV5FIBNS121Lba\nw31IFGIcYyIGOIa1ZKYBywsM...
[debug] &amp#27;[35m[W3C (da2896bd)]&amp#27;[39m Responding to client with driver.getScreenshot() result: "iVBORw0KGgoAAAANSUhEUgAABDgAAAlgCAYAAABtGofVAAAAAXNSR0IArs4c6QAAAARzQklUCAgI\nCHwIZIgAACAASURBVHic7N13fBz1mT/wz2xv0hb13ixbllywXLCxLbCJDbjRcQgtCRDIpQAJOQhH\nfsklXMqF4yCBXEK5Cz2ml2DAdNuAbVxwLypWsXpf7a52tWV+f6zaalfSSlppd+XP+/Xyy97RzOyM\nvmtp5pnn+zzCsp99IYKIiIiIiIiIKIpJwn0AREREREREREQTxQAHEREREREREUU9BjiIiIiIiIiI\nKOoxwEFEREREREREUY8BDiIiIiIiIiKKegxwEBEREREREVHUY4CDiIiIiIiIiKIeAxxERERERERE\nFPUY4CAiIiIiIiKiqMcABxERERERERFFPQY4iIiIiIiIiCjqMcBBRERERERERFGPAQ4iIiIiIiIi\ninoMcBARERERERFR1GOAg4iIiIiIiIiiHgMcRERERERERBT1GOAgIiIiIiIioqjHAAcRERERERER\nRT0GOIiIiIiIiIgo6jHAQURERERERERRjwEOIiIiIiIiIop6DHAQERERERERUdRjgIOIiIiIiIiI\noh4DHEREREREREQU9RjgICIiIiIiIqKoxwAHEREREREREUU9BjiIiIiIiIiIKOoxwEFERERERERE\nUY8BDiIiIiIiIiKKegxwEBEREREREVHUY4CDiIiIiIiIiKIeAxxEREREREREFPUY4CAiIiIiIiKi\nqCcL9wFEqtXz4pCTpO5/fbiyC3tKO6fs/R+4fiYkAnCosgtfnuxAVVP3lL03TQ1BAIoyYzAnU4ck\ngxJJBgUaO3pQ3+7A4aouHK+xDLutWiHFRcXxOFJlQVm9dQqPmoiIiKJRkkGJ9HgV5FIBNS121Lba\nw31IFGIcYyIGOIa1ZKYBywsM/a/dHkxZgGNWmhbzsmMgAJibFYOrlifj5j8dRqfNNSXvT5Pv7stz\nsKzACI...
&amp#27;[35m[HTTP]&amp#27;[39m &amp#27;[37m<-- GET /wd/hub/session/da2896bd-438a-4f7f-9343-bd96e6f29722/screenshot &amp#27;[39m&amp#27;[32m200&amp#27;[39m &amp#27;[90m277 ms - 424058&amp#27;[39m
&amp#27;[35m[HTTP]&amp#27;[39m &amp#27;[90m&amp#27;[39m
&amp#27;[35m[HTTP]&amp#27;[39m &amp#27;[37m-->&amp#27;[39m &amp#27;[37mGET&amp#27;[39m &amp#27;[37m/wd/hub/session/da2896bd-438a-4f7f-9343-bd96e6f29722/element/00000000-0000-0aad-ffff-ffff000000d6/rect&amp#27;[39m
&amp#27;[35m[HTTP]&amp#27;[39m &amp#27;[90m{}&amp#27;[39m
&amp#27;[35m[W3C (da2896bd)]&amp#27;[39m Driver proxy active, passing request on via HTTP proxy
[debug] &amp#27;[35m[WD Proxy]&amp#27;[39m Matched '/wd/hub/session/da2896bd-438a-4f7f-9343-bd96e6f29722/element/00000000-0000-0aad-ffff-ffff000000d6/rect' to command name 'getElementRect'
[debug] &amp#27;[35m[WD Proxy]&amp#27;[39m Proxying [GET /wd/hub/session/da2896bd-438a-4f7f-9343-bd96e6f29722/element/00000000-0000-0aad-ffff-ffff000000d6/rect] to [GET http://127.0.0.1:8200/wd/hub/session/2e74e7b9-85a6-478f-8ae2-621a49ed711a/element/00000000-0000-0aad-ffff-ffff000000d6/rect] with no body
[debug] &amp#27;[35m[WD Proxy]&amp#27;[39m Got response with status 200: {"sessionId":"2e74e7b9-85a6-478f-8ae2-621a49ed711a","value":{"height":51,"width":216,"x":864,"y":2225}}
&amp#27;[35m[WD Proxy]&amp#27;[39m Replacing sessionId 2e74e7b9-85a6-478f-8ae2-621a49ed711a with da2896bd-438a-4f7f-9343-bd96e6f29722
&amp#27;[35m[HTTP]&amp#27;[39m &amp#27;[37m<-- GET /wd/hub/session/da2896bd-438a-4f7f-9343-bd96e6f29722/element/00000000-0000-0aad-ffff-ffff000000d6/rect &amp#27;[39m&amp#27;[32m200&amp#27;[39m &amp#27;[90m14 ms - 103&amp#27;[39m
&amp#27;[35m[HTTP]&amp#27;[39m &amp#27;[90m&amp#27;[39m
&amp#27;[35m[HTTP]&amp#27;[39m &amp#27;[37m-->&amp#27;[39m &amp#27;[37mGET&amp#27;[39m &amp#27;[37m/wd/hub/session/da2896bd-438a-4f7f-9343-bd96e6f29722/element/00000000-0000-0aad-ffff-ffff000000d6/rect&amp#27;[39m
&amp#27;[35m[HTTP]&amp#27;[39m &amp#27;[90m{}&amp#27;[39m
&amp#27;[35m[W3C (da2896bd)]&amp#27;[39m Driver proxy active, passing request on via HTTP proxy
[debug] &amp#27;[35m[WD Proxy]&amp#27;[39m Matched '/wd/hub/session/da2896bd-438a-4f7f-9343-bd96e6f29722/element/00000000-0000-0aad-ffff-ffff000000d6/rect' to command name 'getElementRect'
[debug] &amp#27;[35m[WD Proxy]&amp#27;[39m Proxying [GET /wd/hub/session/da2896bd-438a-4f7f-9343-bd96e6f29722/element/00000000-0000-0aad-ffff-ffff000000d6/rect] to [GET http://127.0.0.1:8200/wd/hub/session/2e74e7b9-85a6-478f-8ae2-621a49ed711a/element/00000000-0000-0aad-ffff-ffff000000d6/rect] with no body
[debug] &amp#27;[35m[WD Proxy]&amp#27;[39m Got response with status 200: {"sessionId":"2e74e7b9-85a6-478f-8ae2-621a49ed711a","value":{"height":51,"width":216,"x":864,"y":2225}}
&amp#27;[35m[WD Proxy]&amp#27;[39m Replacing sessionId 2e74e7b9-85a6-478f-8ae2-621a49ed711a with da2896bd-438a-4f7f-9343-bd96e6f29722
&amp#27;[35m[HTTP]&amp#27;[39m &amp#27;[37m<-- GET /wd/hub/session/da2896bd-438a-4f7f-9343-bd96e6f29722/element/00000000-0000-0aad-ffff-ffff000000d6/rect &amp#27;[39m&amp#27;[32m200&amp#27;[39m &amp#27;[90m8 ms - 103&amp#27;[39m
&amp#27;[35m[HTTP]&amp#27;[39m &amp#27;[90m&amp#27;[39m
2023-05-28 09:15:41  &amp#27;[34m&amp#27;[0;39mINFO  &amp#27;[35m[main]&amp#27;[0;39m &amp#27;[33mtop.testeru.page.AppBasePage.ElementScreenBase(AppBasePage.java:211)&amp#27;[0;39m -- location=$(864, 2225) size=$(216, 51) x=$864 y=$2225 width=$216 height=$51
&amp#27;[35m[HTTP]&amp#27;[39m &amp#27;[37m-->&amp#27;[39m &amp#27;[37mPOST&amp#27;[39m &amp#27;[37m/wd/hub/session/da2896bd-438a-4f7f-9343-bd96e6f29722/element/00000000-0000-0aad-ffff-ffff000000d6/click&amp#27;[39m
&amp#27;[35m[HTTP]&amp#27;[39m &amp#27;[90m{"id":"00000000-0000-0aad-ffff-ffff000000d6"}&amp#27;[39m
[debug] &amp#27;[35m[W3C (da2896bd)]&amp#27;[39m Calling AppiumDriver.click() with args: ["00000000-0000-0aad-ffff-ffff000000d6","da2896bd-438a-4f7f-9343-bd96e6f29722"]
[debug] &amp#27;[35m[WD Proxy]&amp#27;[39m Matched '/element/00000000-0000-0aad-ffff-ffff000000d6/click' to command name 'click'
[debug] &amp#27;[35m[WD Proxy]&amp#27;[39m Proxying [POST /element/00000000-0000-0aad-ffff-ffff000000d6/click] to [POST http://127.0.0.1:8200/wd/hub/session/2e74e7b9-85a6-478f-8ae2-621a49ed711a/element/00000000-0000-0aad-ffff-ffff000000d6/click] with body: {"element":"00000000-0000-0aad-ffff-ffff000000d6"}
[debug] &amp#27;[35m[WD Proxy]&amp#27;[39m Got response with status 200: {"sessionId":"2e74e7b9-85a6-478f-8ae2-621a49ed711a","value":null}
[debug] &amp#27;[35m[W3C (da2896bd)]&amp#27;[39m Responding to client with driver.click() result: null
&amp#27;[35m[HTTP]&amp#27;[39m &amp#27;[37m<-- POST /wd/hub/session/da2896bd-438a-4f7f-9343-bd96e6f29722/element/00000000-0000-0aad-ffff-ffff000000d6/click &amp#27;[39m&amp#27;[32m200&amp#27;[39m &amp#27;[90m38 ms - 14&amp#27;[39m
&amp#27;[35m[HTTP]&amp#27;[39m &amp#27;[90m&amp#27;[39m
&amp#27;[35m[HTTP]&amp#27;[39m &amp#27;[37m-->&amp#27;[39m &amp#27;[37mGET&amp#27;[39m &amp#27;[37m/wd/hub/session/da2896bd-438a-4f7f-9343-bd96e6f29722/source&amp#27;[39m
&amp#27;[35m[HTTP]&amp#27;[39m &amp#27;[90m{}&amp#27;[39m
&amp#27;[35m[W3C (da2896bd)]&amp#27;[39m Driver proxy active, passing request on via HTTP proxy
[debug] &amp#27;[35m[WD Proxy]&amp#27;[39m Matched '/wd/hub/session/da2896bd-438a-4f7f-9343-bd96e6f29722/source' to command name 'getPageSource'
[debug] &amp#27;[35m[WD Proxy]&amp#27;[39m Proxying [GET /wd/hub/session/da2896bd-438a-4f7f-9343-bd96e6f29722/source] to [GET http://127.0.0.1:8200/wd/hub/session/2e74e7b9-85a6-478f-8ae2-621a49ed711a/source] with no body
[debug] &amp#27;[35m[WD Proxy]&amp#27;[39m Got response with status 200: {"sessionId":"2e74e7b9-85a6-478f-8ae2-621a49ed711a","value":"<?xml version='1.0' encoding='UTF-8' standalone='yes' ?>\r\n<hierarchy index=\"0\" class=\"hierarchy\" rotation=\"0\" width=\"1080\" height=\"2276\">\r\n  <android.widget.FrameLayout index=\"0\" package=\"com.tencent.wework\" class=\"android.widget.FrameLayout\" text=\"\" checkable=\"false\" checked=\"false\" clickable=\"false\" enabled=\"true\" focusable=\"false\" focused=\"false\" long-clickable=\"false\" password=\"false\" scrollable=\"false\" selected=\"false\" bounds=\"[0,0][1080,2276]\" displayed=\"true\">\r\n    <android.widget.LinearLayout index=\"0\" package=\"com.tencent.wework\" class=\"android.widget.LinearLayout\" text=\"\" checkable=\"false\" checked=\"false\" clickable=\"false\" enabled=\"true\" focusable=\"false\" focused=\"false\" long-clickable=\"false\" password=\"false\" scrollable=\"false\" selected=\"false\" bounds=\"[0,0][1080,2276]\" displayed=\"true\">\r\n      <android.widget.FrameLayout index=\"0\" package=\"com.tencent...
&amp#27;[35m[WD Proxy]&amp#27;[39m Replacing sessionId 2e74e7b9-85a6-478f-8ae2-621a49ed711a with da2896bd-438a-4f7f-9343-bd96e6f29722
&amp#27;[35m[HTTP]&amp#27;[39m &amp#27;[37m<-- GET /wd/hub/session/da2896bd-438a-4f7f-9343-bd96e6f29722/source &amp#27;[39m&amp#27;[32m200&amp#27;[39m &amp#27;[90m1480 ms - 57977&amp#27;[39m
&amp#27;[35m[HTTP]&amp#27;[39m &amp#27;[90m&amp#27;[39m
&amp#27;[35m[HTTP]&amp#27;[39m &amp#27;[37m-->&amp#27;[39m &amp#27;[37mPOST&amp#27;[39m &amp#27;[37m/wd/hub/session/da2896bd-438a-4f7f-9343-bd96e6f29722/element&amp#27;[39m
&amp#27;[35m[HTTP]&amp#27;[39m &amp#27;[90m{"using":"css selector","value":"[text=\"添加成员\"]"}&amp#27;[39m
[debug] &amp#27;[35m[W3C (da2896bd)]&amp#27;[39m Calling AppiumDriver.findElement() with args: ["css selector","[text=\"添加成员\"]","da2896bd-438a-4f7f-9343-bd96e6f29722"]
[debug] &amp#27;[35m[BaseDriver]&amp#27;[39m Valid locator strategies for this request: xpath, id, class name, accessibility id, css selector, -android uiautomator
[debug] &amp#27;[35m[BaseDriver]&amp#27;[39m Waiting up to 20000 ms for condition
[debug] &amp#27;[35m[WD Proxy]&amp#27;[39m Matched '/element' to command name 'findElement'
[debug] &amp#27;[35m[WD Proxy]&amp#27;[39m Proxying [POST /element] to [POST http://127.0.0.1:8200/wd/hub/session/2e74e7b9-85a6-478f-8ae2-621a49ed711a/element] with body: {"strategy":"-android uiautomator","selector":"new UiSelector().text(\"添加成员\")","context":"","multiple":false}
&amp#27;[35m[WD Proxy]&amp#27;[39m Got response with status 404: {"sessionId":"2e74e7b9-85a6-478f-8ae2-621a49ed711a","value":{"error":"no such element","message":"An element could not be located on the page using the given search parameters","stacktrace":"io.appium.uiautomator2.common.exceptions.ElementNotFoundException: An element could not be located on the page using the given search parameters\n\tat io.appium.uiautomator2.handler.FindElement.safeHandle(FindElement.java:70)\n\tat io.appium.uiautomator2.handler.request.SafeRequestHandler.handle(SafeRequestHandler.java:59)\n\tat io.appium.uiautomator2.server.AppiumServlet.handleRequest(AppiumServlet.java:266)\n\tat io.appium.uiautomator2.server.AppiumServlet.handleHttpRequest(AppiumServlet.java:260)\n\tat io.appium.uiautomator2.http.ServerHandler.channelRead(ServerHandler.java:68)\n\tat io.netty.channel.AbstractChannelHandlerContext.invokeChannelRead(AbstractChannelHandlerContext.java:366)\n\tat io.netty.channel.AbstractChannelHandlerContext.invokeChannelRead(AbstractChannelHandlerContext.java:352)\n\tat io.netty.chann...
[debug] &amp#27;[35m[W3C]&amp#27;[39m Matched W3C error code 'no such element' to NoSuchElementError
[debug] &amp#27;[35m[BaseDriver]&amp#27;[39m Waited for 44 ms so far
[debug] &amp#27;[35m[WD Proxy]&amp#27;[39m Matched '/element' to command name 'findElement'
[debug] &amp#27;[35m[WD Proxy]&amp#27;[39m Proxying [POST /element] to [POST http://127.0.0.1:8200/wd/hub/session/2e74e7b9-85a6-478f-8ae2-621a49ed711a/element] with body: {"strategy":"-android uiautomator","selector":"new UiSelector().text(\"添加成员\")","context":"","multiple":false}
&amp#27;[35m[WD Proxy]&amp#27;[39m Got response with status 404: {"sessionId":"2e74e7b9-85a6-478f-8ae2-621a49ed711a","value":{"error":"no such element","message":"An element could not be located on the page using the given search parameters","stacktrace":"io.appium.uiautomator2.common.exceptions.ElementNotFoundException: An element could not be located on the page using the given search parameters\n\tat io.appium.uiautomator2.handler.FindElement.safeHandle(FindElement.java:70)\n\tat io.appium.uiautomator2.handler.request.SafeRequestHandler.handle(SafeRequestHandler.java:59)\n\tat io.appium.uiautomator2.server.AppiumServlet.handleRequest(AppiumServlet.java:266)\n\tat io.appium.uiautomator2.server.AppiumServlet.handleHttpRequest(AppiumServlet.java:260)\n\tat io.appium.uiautomator2.http.ServerHandler.channelRead(ServerHandler.java:68)\n\tat io.netty.channel.AbstractChannelHandlerContext.invokeChannelRead(AbstractChannelHandlerContext.java:366)\n\tat io.netty.channel.AbstractChannelHandlerContext.invokeChannelRead(AbstractChannelHandlerContext.java:352)\n\tat io.netty.chann...
[debug] &amp#27;[35m[W3C]&amp#27;[39m Matched W3C error code 'no such element' to NoSuchElementError
[debug] &amp#27;[35m[BaseDriver]&amp#27;[39m Waited for 598 ms so far
[debug] &amp#27;[35m[WD Proxy]&amp#27;[39m Matched '/element' to command name 'findElement'
[debug] &amp#27;[35m[WD Proxy]&amp#27;[39m Proxying [POST /element] to [POST http://127.0.0.1:8200/wd/hub/session/2e74e7b9-85a6-478f-8ae2-621a49ed711a/element] with body: {"strategy":"-android uiautomator","selector":"new UiSelector().text(\"添加成员\")","context":"","multiple":false}
&amp#27;[35m[WD Proxy]&amp#27;[39m Got response with status 404: {"sessionId":"2e74e7b9-85a6-478f-8ae2-621a49ed711a","value":{"error":"no such element","message":"An element could not be located on the page using the given search parameters","stacktrace":"io.appium.uiautomator2.common.exceptions.ElementNotFoundException: An element could not be located on the page using the given search parameters\n\tat io.appium.uiautomator2.handler.FindElement.safeHandle(FindElement.java:70)\n\tat io.appium.uiautomator2.handler.request.SafeRequestHandler.handle(SafeRequestHandler.java:59)\n\tat io.appium.uiautomator2.server.AppiumServlet.handleRequest(AppiumServlet.java:266)\n\tat io.appium.uiautomator2.server.AppiumServlet.handleHttpRequest(AppiumServlet.java:260)\n\tat io.appium.uiautomator2.http.ServerHandler.channelRead(ServerHandler.java:68)\n\tat io.netty.channel.AbstractChannelHandlerContext.invokeChannelRead(AbstractChannelHandlerContext.java:366)\n\tat io.netty.channel.AbstractChannelHandlerContext.invokeChannelRead(AbstractChannelHandlerContext.java:352)\n\tat io.netty.chann...
[debug] &amp#27;[35m[W3C]&amp#27;[39m Matched W3C error code 'no such element' to NoSuchElementError
[debug] &amp#27;[35m[BaseDriver]&amp#27;[39m Waited for 1144 ms so far
[debug] &amp#27;[35m[WD Proxy]&amp#27;[39m Matched '/element' to command name 'findElement'
[debug] &amp#27;[35m[WD Proxy]&amp#27;[39m Proxying [POST /element] to [POST http://127.0.0.1:8200/wd/hub/session/2e74e7b9-85a6-478f-8ae2-621a49ed711a/element] with body: {"strategy":"-android uiautomator","selector":"new UiSelector().text(\"添加成员\")","context":"","multiple":false}
&amp#27;[35m[WD Proxy]&amp#27;[39m Got response with status 404: {"sessionId":"2e74e7b9-85a6-478f-8ae2-621a49ed711a","value":{"error":"no such element","message":"An element could not be located on the page using the given search parameters","stacktrace":"io.appium.uiautomator2.common.exceptions.ElementNotFoundException: An element could not be located on the page using the given search parameters\n\tat io.appium.uiautomator2.handler.FindElement.safeHandle(FindElement.java:70)\n\tat io.appium.uiautomator2.handler.request.SafeRequestHandler.handle(SafeRequestHandler.java:59)\n\tat io.appium.uiautomator2.server.AppiumServlet.handleRequest(AppiumServlet.java:266)\n\tat io.appium.uiautomator2.server.AppiumServlet.handleHttpRequest(AppiumServlet.java:260)\n\tat io.appium.uiautomator2.http.ServerHandler.channelRead(ServerHandler.java:68)\n\tat io.netty.channel.AbstractChannelHandlerContext.invokeChannelRead(AbstractChannelHandlerContext.java:366)\n\tat io.netty.channel.AbstractChannelHandlerContext.invokeChannelRead(AbstractChannelHandlerContext.java:352)\n\tat io.netty.chann...
[debug] &amp#27;[35m[W3C]&amp#27;[39m Matched W3C error code 'no such element' to NoSuchElementError
[debug] &amp#27;[35m[BaseDriver]&amp#27;[39m Waited for 1696 ms so far
[debug] &amp#27;[35m[WD Proxy]&amp#27;[39m Matched '/element' to command name 'findElement'
[debug] &amp#27;[35m[WD Proxy]&amp#27;[39m Proxying [POST /element] to [POST http://127.0.0.1:8200/wd/hub/session/2e74e7b9-85a6-478f-8ae2-621a49ed711a/element] with body: {"strategy":"-android uiautomator","selector":"new UiSelector().text(\"添加成员\")","context":"","multiple":false}
&amp#27;[35m[WD Proxy]&amp#27;[39m Got response with status 404: {"sessionId":"2e74e7b9-85a6-478f-8ae2-621a49ed711a","value":{"error":"no such element","message":"An element could not be located on the page using the given search parameters","stacktrace":"io.appium.uiautomator2.common.exceptions.ElementNotFoundException: An element could not be located on the page using the given search parameters\n\tat io.appium.uiautomator2.handler.FindElement.safeHandle(FindElement.java:70)\n\tat io.appium.uiautomator2.handler.request.SafeRequestHandler.handle(SafeRequestHandler.java:59)\n\tat io.appium.uiautomator2.server.AppiumServlet.handleRequest(AppiumServlet.java:266)\n\tat io.appium.uiautomator2.server.AppiumServlet.handleHttpRequest(AppiumServlet.java:260)\n\tat io.appium.uiautomator2.http.ServerHandler.channelRead(ServerHandler.java:68)\n\tat io.netty.channel.AbstractChannelHandlerContext.invokeChannelRead(AbstractChannelHandlerContext.java:366)\n\tat io.netty.channel.AbstractChannelHandlerContext.invokeChannelRead(AbstractChannelHandlerContext.java:352)\n\tat io.netty.chann...
[debug] &amp#27;[35m[W3C]&amp#27;[39m Matched W3C error code 'no such element' to NoSuchElementError
[debug] &amp#27;[35m[BaseDriver]&amp#27;[39m Waited for 2247 ms so far
[debug] &amp#27;[35m[WD Proxy]&amp#27;[39m Matched '/element' to command name 'findElement'
[debug] &amp#27;[35m[WD Proxy]&amp#27;[39m Proxying [POST /element] to [POST http://127.0.0.1:8200/wd/hub/session/2e74e7b9-85a6-478f-8ae2-621a49ed711a/element] with body: {"strategy":"-android uiautomator","selector":"new UiSelector().text(\"添加成员\")","context":"","multiple":false}
&amp#27;[35m[WD Proxy]&amp#27;[39m Got response with status 404: {"sessionId":"2e74e7b9-85a6-478f-8ae2-621a49ed711a","value":{"error":"no such element","message":"An element could not be located on the page using the given search parameters","stacktrace":"io.appium.uiautomator2.common.exceptions.ElementNotFoundException: An element could not be located on the page using the given search parameters\n\tat io.appium.uiautomator2.handler.FindElement.safeHandle(FindElement.java:70)\n\tat io.appium.uiautomator2.handler.request.SafeRequestHandler.handle(SafeRequestHandler.java:59)\n\tat io.appium.uiautomator2.server.AppiumServlet.handleRequest(AppiumServlet.java:266)\n\tat io.appium.uiautomator2.server.AppiumServlet.handleHttpRequest(AppiumServlet.java:260)\n\tat io.appium.uiautomator2.http.ServerHandler.channelRead(ServerHandler.java:68)\n\tat io.netty.channel.AbstractChannelHandlerContext.invokeChannelRead(AbstractChannelHandlerContext.java:366)\n\tat io.netty.channel.AbstractChannelHandlerContext.invokeChannelRead(AbstractChannelHandlerContext.java:352)\n\tat io.netty.chann...
[debug] &amp#27;[35m[W3C]&amp#27;[39m Matched W3C error code 'no such element' to NoSuchElementError
[debug] &amp#27;[35m[BaseDriver]&amp#27;[39m Waited for 2800 ms so far
[debug] &amp#27;[35m[WD Proxy]&amp#27;[39m Matched '/element' to command name 'findElement'
[debug] &amp#27;[35m[WD Proxy]&amp#27;[39m Proxying [POST /element] to [POST http://127.0.0.1:8200/wd/hub/session/2e74e7b9-85a6-478f-8ae2-621a49ed711a/element] with body: {"strategy":"-android uiautomator","selector":"new UiSelector().text(\"添加成员\")","context":"","multiple":false}
&amp#27;[35m[WD Proxy]&amp#27;[39m Got response with status 404: {"sessionId":"2e74e7b9-85a6-478f-8ae2-621a49ed711a","value":{"error":"no such element","message":"An element could not be located on the page using the given search parameters","stacktrace":"io.appium.uiautomator2.common.exceptions.ElementNotFoundException: An element could not be located on the page using the given search parameters\n\tat io.appium.uiautomator2.handler.FindElement.safeHandle(FindElement.java:70)\n\tat io.appium.uiautomator2.handler.request.SafeRequestHandler.handle(SafeRequestHandler.java:59)\n\tat io.appium.uiautomator2.server.AppiumServlet.handleRequest(AppiumServlet.java:266)\n\tat io.appium.uiautomator2.server.AppiumServlet.handleHttpRequest(AppiumServlet.java:260)\n\tat io.appium.uiautomator2.http.ServerHandler.channelRead(ServerHandler.java:68)\n\tat io.netty.channel.AbstractChannelHandlerContext.invokeChannelRead(AbstractChannelHandlerContext.java:366)\n\tat io.netty.channel.AbstractChannelHandlerContext.invokeChannelRead(AbstractChannelHandlerContext.java:352)\n\tat io.netty.chann...
[debug] &amp#27;[35m[W3C]&amp#27;[39m Matched W3C error code 'no such element' to NoSuchElementError
[debug] &amp#27;[35m[BaseDriver]&amp#27;[39m Waited for 3350 ms so far
[debug] &amp#27;[35m[WD Proxy]&amp#27;[39m Matched '/element' to command name 'findElement'
[debug] &amp#27;[35m[WD Proxy]&amp#27;[39m Proxying [POST /element] to [POST http://127.0.0.1:8200/wd/hub/session/2e74e7b9-85a6-478f-8ae2-621a49ed711a/element] with body: {"strategy":"-android uiautomator","selector":"new UiSelector().text(\"添加成员\")","context":"","multiple":false}
&amp#27;[35m[WD Proxy]&amp#27;[39m Got response with status 404: {"sessionId":"2e74e7b9-85a6-478f-8ae2-621a49ed711a","value":{"error":"no such element","message":"An element could not be located on the page using the given search parameters","stacktrace":"io.appium.uiautomator2.common.exceptions.ElementNotFoundException: An element could not be located on the page using the given search parameters\n\tat io.appium.uiautomator2.handler.FindElement.safeHandle(FindElement.java:70)\n\tat io.appium.uiautomator2.handler.request.SafeRequestHandler.handle(SafeRequestHandler.java:59)\n\tat io.appium.uiautomator2.server.AppiumServlet.handleRequest(AppiumServlet.java:266)\n\tat io.appium.uiautomator2.server.AppiumServlet.handleHttpRequest(AppiumServlet.java:260)\n\tat io.appium.uiautomator2.http.ServerHandler.channelRead(ServerHandler.java:68)\n\tat io.netty.channel.AbstractChannelHandlerContext.invokeChannelRead(AbstractChannelHandlerContext.java:366)\n\tat io.netty.channel.AbstractChannelHandlerContext.invokeChannelRead(AbstractChannelHandlerContext.java:352)\n\tat io.netty.chann...
[debug] &amp#27;[35m[W3C]&amp#27;[39m Matched W3C error code 'no such element' to NoSuchElementError
[debug] &amp#27;[35m[BaseDriver]&amp#27;[39m Waited for 3896 ms so far
[debug] &amp#27;[35m[WD Proxy]&amp#27;[39m Matched '/element' to command name 'findElement'
[debug] &amp#27;[35m[WD Proxy]&amp#27;[39m Proxying [POST /element] to [POST http://127.0.0.1:8200/wd/hub/session/2e74e7b9-85a6-478f-8ae2-621a49ed711a/element] with body: {"strategy":"-android uiautomator","selector":"new UiSelector().text(\"添加成员\")","context":"","multiple":false}
&amp#27;[35m[WD Proxy]&amp#27;[39m Got response with status 404: {"sessionId":"2e74e7b9-85a6-478f-8ae2-621a49ed711a","value":{"error":"no such element","message":"An element could not be located on the page using the given search parameters","stacktrace":"io.appium.uiautomator2.common.exceptions.ElementNotFoundException: An element could not be located on the page using the given search parameters\n\tat io.appium.uiautomator2.handler.FindElement.safeHandle(FindElement.java:70)\n\tat io.appium.uiautomator2.handler.request.SafeRequestHandler.handle(SafeRequestHandler.java:59)\n\tat io.appium.uiautomator2.server.AppiumServlet.handleRequest(AppiumServlet.java:266)\n\tat io.appium.uiautomator2.server.AppiumServlet.handleHttpRequest(AppiumServlet.java:260)\n\tat io.appium.uiautomator2.http.ServerHandler.channelRead(ServerHandler.java:68)\n\tat io.netty.channel.AbstractChannelHandlerContext.invokeChannelRead(AbstractChannelHandlerContext.java:366)\n\tat io.netty.channel.AbstractChannelHandlerContext.invokeChannelRead(AbstractChannelHandlerContext.java:352)\n\tat io.netty.chann...
[debug] &amp#27;[35m[W3C]&amp#27;[39m Matched W3C error code 'no such element' to NoSuchElementError
[debug] &amp#27;[35m[BaseDriver]&amp#27;[39m Waited for 4446 ms so far
[debug] &amp#27;[35m[WD Proxy]&amp#27;[39m Matched '/element' to command name 'findElement'
[debug] &amp#27;[35m[WD Proxy]&amp#27;[39m Proxying [POST /element] to [POST http://127.0.0.1:8200/wd/hub/session/2e74e7b9-85a6-478f-8ae2-621a49ed711a/element] with body: {"strategy":"-android uiautomator","selector":"new UiSelector().text(\"添加成员\")","context":"","multiple":false}
&amp#27;[35m[WD Proxy]&amp#27;[39m Got response with status 404: {"sessionId":"2e74e7b9-85a6-478f-8ae2-621a49ed711a","value":{"error":"no such element","message":"An element could not be located on the page using the given search parameters","stacktrace":"io.appium.uiautomator2.common.exceptions.ElementNotFoundException: An element could not be located on the page using the given search parameters\n\tat io.appium.uiautomator2.handler.FindElement.safeHandle(FindElement.java:70)\n\tat io.appium.uiautomator2.handler.request.SafeRequestHandler.handle(SafeRequestHandler.java:59)\n\tat io.appium.uiautomator2.server.AppiumServlet.handleRequest(AppiumServlet.java:266)\n\tat io.appium.uiautomator2.server.AppiumServlet.handleHttpRequest(AppiumServlet.java:260)\n\tat io.appium.uiautomator2.http.ServerHandler.channelRead(ServerHandler.java:68)\n\tat io.netty.channel.AbstractChannelHandlerContext.invokeChannelRead(AbstractChannelHandlerContext.java:366)\n\tat io.netty.channel.AbstractChannelHandlerContext.invokeChannelRead(AbstractChannelHandlerContext.java:352)\n\tat io.netty.chann...
[debug] &amp#27;[35m[W3C]&amp#27;[39m Matched W3C error code 'no such element' to NoSuchElementError
[debug] &amp#27;[35m[BaseDriver]&amp#27;[39m Waited for 4997 ms so far
[debug] &amp#27;[35m[WD Proxy]&amp#27;[39m Matched '/element' to command name 'findElement'
[debug] &amp#27;[35m[WD Proxy]&amp#27;[39m Proxying [POST /element] to [POST http://127.0.0.1:8200/wd/hub/session/2e74e7b9-85a6-478f-8ae2-621a49ed711a/element] with body: {"strategy":"-android uiautomator","selector":"new UiSelector().text(\"添加成员\")","context":"","multiple":false}
&amp#27;[35m[WD Proxy]&amp#27;[39m Got response with status 404: {"sessionId":"2e74e7b9-85a6-478f-8ae2-621a49ed711a","value":{"error":"no such element","message":"An element could not be located on the page using the given search parameters","stacktrace":"io.appium.uiautomator2.common.exceptions.ElementNotFoundException: An element could not be located on the page using the given search parameters\n\tat io.appium.uiautomator2.handler.FindElement.safeHandle(FindElement.java:70)\n\tat io.appium.uiautomator2.handler.request.SafeRequestHandler.handle(SafeRequestHandler.java:59)\n\tat io.appium.uiautomator2.server.AppiumServlet.handleRequest(AppiumServlet.java:266)\n\tat io.appium.uiautomator2.server.AppiumServlet.handleHttpRequest(AppiumServlet.java:260)\n\tat io.appium.uiautomator2.http.ServerHandler.channelRead(ServerHandler.java:68)\n\tat io.netty.channel.AbstractChannelHandlerContext.invokeChannelRead(AbstractChannelHandlerContext.java:366)\n\tat io.netty.channel.AbstractChannelHandlerContext.invokeChannelRead(AbstractChannelHandlerContext.java:352)\n\tat io.netty.chann...
[debug] &amp#27;[35m[W3C]&amp#27;[39m Matched W3C error code 'no such element' to NoSuchElementError
[debug] &amp#27;[35m[BaseDriver]&amp#27;[39m Waited for 6077 ms so far
[debug] &amp#27;[35m[WD Proxy]&amp#27;[39m Matched '/element' to command name 'findElement'
[debug] &amp#27;[35m[WD Proxy]&amp#27;[39m Proxying [POST /element] to [POST http://127.0.0.1:8200/wd/hub/session/2e74e7b9-85a6-478f-8ae2-621a49ed711a/element] with body: {"strategy":"-android uiautomator","selector":"new UiSelector().text(\"添加成员\")","context":"","multiple":false}
&amp#27;[35m[WD Proxy]&amp#27;[39m Got response with status 404: {"sessionId":"2e74e7b9-85a6-478f-8ae2-621a49ed711a","value":{"error":"no such element","message":"An element could not be located on the page using the given search parameters","stacktrace":"io.appium.uiautomator2.common.exceptions.ElementNotFoundException: An element could not be located on the page using the given search parameters\n\tat io.appium.uiautomator2.handler.FindElement.safeHandle(FindElement.java:70)\n\tat io.appium.uiautomator2.handler.request.SafeRequestHandler.handle(SafeRequestHandler.java:59)\n\tat io.appium.uiautomator2.server.AppiumServlet.handleRequest(AppiumServlet.java:266)\n\tat io.appium.uiautomator2.server.AppiumServlet.handleHttpRequest(AppiumServlet.java:260)\n\tat io.appium.uiautomator2.http.ServerHandler.channelRead(ServerHandler.java:68)\n\tat io.netty.channel.AbstractChannelHandlerContext.invokeChannelRead(AbstractChannelHandlerContext.java:366)\n\tat io.netty.channel.AbstractChannelHandlerContext.invokeChannelRead(AbstractChannelHandlerContext.java:352)\n\tat io.netty.chann...
[debug] &amp#27;[35m[W3C]&amp#27;[39m Matched W3C error code 'no such element' to NoSuchElementError
[debug] &amp#27;[35m[BaseDriver]&amp#27;[39m Waited for 6623 ms so far
[debug] &amp#27;[35m[WD Proxy]&amp#27;[39m Matched '/element' to command name 'findElement'
[debug] &amp#27;[35m[WD Proxy]&amp#27;[39m Proxying [POST /element] to [POST http://127.0.0.1:8200/wd/hub/session/2e74e7b9-85a6-478f-8ae2-621a49ed711a/element] with body: {"strategy":"-android uiautomator","selector":"new UiSelector().text(\"添加成员\")","context":"","multiple":false}
&amp#27;[35m[WD Proxy]&amp#27;[39m Got response with status 404: {"sessionId":"2e74e7b9-85a6-478f-8ae2-621a49ed711a","value":{"error":"no such element","message":"An element could not be located on the page using the given search parameters","stacktrace":"io.appium.uiautomator2.common.exceptions.ElementNotFoundException: An element could not be located on the page using the given search parameters\n\tat io.appium.uiautomator2.handler.FindElement.safeHandle(FindElement.java:70)\n\tat io.appium.uiautomator2.handler.request.SafeRequestHandler.handle(SafeRequestHandler.java:59)\n\tat io.appium.uiautomator2.server.AppiumServlet.handleRequest(AppiumServlet.java:266)\n\tat io.appium.uiautomator2.server.AppiumServlet.handleHttpRequest(AppiumServlet.java:260)\n\tat io.appium.uiautomator2.http.ServerHandler.channelRead(ServerHandler.java:68)\n\tat io.netty.channel.AbstractChannelHandlerContext.invokeChannelRead(AbstractChannelHandlerContext.java:366)\n\tat io.netty.channel.AbstractChannelHandlerContext.invokeChannelRead(AbstractChannelHandlerContext.java:352)\n\tat io.netty.chann...
[debug] &amp#27;[35m[W3C]&amp#27;[39m Matched W3C error code 'no such element' to NoSuchElementError
[debug] &amp#27;[35m[BaseDriver]&amp#27;[39m Waited for 7769 ms so far
[debug] &amp#27;[35m[WD Proxy]&amp#27;[39m Matched '/element' to command name 'findElement'
[debug] &amp#27;[35m[WD Proxy]&amp#27;[39m Proxying [POST /element] to [POST http://127.0.0.1:8200/wd/hub/session/2e74e7b9-85a6-478f-8ae2-621a49ed711a/element] with body: {"strategy":"-android uiautomator","selector":"new UiSelector().text(\"添加成员\")","context":"","multiple":false}
&amp#27;[35m[WD Proxy]&amp#27;[39m Got response with status 404: {"sessionId":"2e74e7b9-85a6-478f-8ae2-621a49ed711a","value":{"error":"no such element","message":"An element could not be located on the page using the given search parameters","stacktrace":"io.appium.uiautomator2.common.exceptions.ElementNotFoundException: An element could not be located on the page using the given search parameters\n\tat io.appium.uiautomator2.handler.FindElement.safeHandle(FindElement.java:70)\n\tat io.appium.uiautomator2.handler.request.SafeRequestHandler.handle(SafeRequestHandler.java:59)\n\tat io.appium.uiautomator2.server.AppiumServlet.handleRequest(AppiumServlet.java:266)\n\tat io.appium.uiautomator2.server.AppiumServlet.handleHttpRequest(AppiumServlet.java:260)\n\tat io.appium.uiautomator2.http.ServerHandler.channelRead(ServerHandler.java:68)\n\tat io.netty.channel.AbstractChannelHandlerContext.invokeChannelRead(AbstractChannelHandlerContext.java:366)\n\tat io.netty.channel.AbstractChannelHandlerContext.invokeChannelRead(AbstractChannelHandlerContext.java:352)\n\tat io.netty.chann...
[debug] &amp#27;[35m[W3C]&amp#27;[39m Matched W3C error code 'no such element' to NoSuchElementError
[debug] &amp#27;[35m[BaseDriver]&amp#27;[39m Waited for 8318 ms so far
[debug] &amp#27;[35m[WD Proxy]&amp#27;[39m Matched '/element' to command name 'findElement'
[debug] &amp#27;[35m[WD Proxy]&amp#27;[39m Proxying [POST /element] to [POST http://127.0.0.1:8200/wd/hub/session/2e74e7b9-85a6-478f-8ae2-621a49ed711a/element] with body: {"strategy":"-android uiautomator","selector":"new UiSelector().text(\"添加成员\")","context":"","multiple":false}
&amp#27;[35m[WD Proxy]&amp#27;[39m Got response with status 404: {"sessionId":"2e74e7b9-85a6-478f-8ae2-621a49ed711a","value":{"error":"no such element","message":"An element could not be located on the page using the given search parameters","stacktrace":"io.appium.uiautomator2.common.exceptions.ElementNotFoundException: An element could not be located on the page using the given search parameters\n\tat io.appium.uiautomator2.handler.FindElement.safeHandle(FindElement.java:70)\n\tat io.appium.uiautomator2.handler.request.SafeRequestHandler.handle(SafeRequestHandler.java:59)\n\tat io.appium.uiautomator2.server.AppiumServlet.handleRequest(AppiumServlet.java:266)\n\tat io.appium.uiautomator2.server.AppiumServlet.handleHttpRequest(AppiumServlet.java:260)\n\tat io.appium.uiautomator2.http.ServerHandler.channelRead(ServerHandler.java:68)\n\tat io.netty.channel.AbstractChannelHandlerContext.invokeChannelRead(AbstractChannelHandlerContext.java:366)\n\tat io.netty.channel.AbstractChannelHandlerContext.invokeChannelRead(AbstractChannelHandlerContext.java:352)\n\tat io.netty.chann...
[debug] &amp#27;[35m[W3C]&amp#27;[39m Matched W3C error code 'no such element' to NoSuchElementError
[debug] &amp#27;[35m[BaseDriver]&amp#27;[39m Waited for 9086 ms so far
[debug] &amp#27;[35m[WD Proxy]&amp#27;[39m Matched '/element' to command name 'findElement'
[debug] &amp#27;[35m[WD Proxy]&amp#27;[39m Proxying [POST /element] to [POST http://127.0.0.1:8200/wd/hub/session/2e74e7b9-85a6-478f-8ae2-621a49ed711a/element] with body: {"strategy":"-android uiautomator","selector":"new UiSelector().text(\"添加成员\")","context":"","multiple":false}
&amp#27;[35m[WD Proxy]&amp#27;[39m Got response with status 404: {"sessionId":"2e74e7b9-85a6-478f-8ae2-621a49ed711a","value":{"error":"no such element","message":"An element could not be located on the page using the given search parameters","stacktrace":"io.appium.uiautomator2.common.exceptions.ElementNotFoundException: An element could not be located on the page using the given search parameters\n\tat io.appium.uiautomator2.handler.FindElement.safeHandle(FindElement.java:70)\n\tat io.appium.uiautomator2.handler.request.SafeRequestHandler.handle(SafeRequestHandler.java:59)\n\tat io.appium.uiautomator2.server.AppiumServlet.handleRequest(AppiumServlet.java:266)\n\tat io.appium.uiautomator2.server.AppiumServlet.handleHttpRequest(AppiumServlet.java:260)\n\tat io.appium.uiautomator2.http.ServerHandler.channelRead(ServerHandler.java:68)\n\tat io.netty.channel.AbstractChannelHandlerContext.invokeChannelRead(AbstractChannelHandlerContext.java:366)\n\tat io.netty.channel.AbstractChannelHandlerContext.invokeChannelRead(AbstractChannelHandlerContext.java:352)\n\tat io.netty.chann...
[debug] &amp#27;[35m[W3C]&amp#27;[39m Matched W3C error code 'no such element' to NoSuchElementError
[debug] &amp#27;[35m[BaseDriver]&amp#27;[39m Waited for 9633 ms so far
[debug] &amp#27;[35m[WD Proxy]&amp#27;[39m Matched '/element' to command name 'findElement'
[debug] &amp#27;[35m[WD Proxy]&amp#27;[39m Proxying [POST /element] to [POST http://127.0.0.1:8200/wd/hub/session/2e74e7b9-85a6-478f-8ae2-621a49ed711a/element] with body: {"strategy":"-android uiautomator","selector":"new UiSelector().text(\"添加成员\")","context":"","multiple":false}
&amp#27;[35m[WD Proxy]&amp#27;[39m Got response with status 404: {"sessionId":"2e74e7b9-85a6-478f-8ae2-621a49ed711a","value":{"error":"no such element","message":"An element could not be located on the page using the given search parameters","stacktrace":"io.appium.uiautomator2.common.exceptions.ElementNotFoundException: An element could not be located on the page using the given search parameters\n\tat io.appium.uiautomator2.handler.FindElement.safeHandle(FindElement.java:70)\n\tat io.appium.uiautomator2.handler.request.SafeRequestHandler.handle(SafeRequestHandler.java:59)\n\tat io.appium.uiautomator2.server.AppiumServlet.handleRequest(AppiumServlet.java:266)\n\tat io.appium.uiautomator2.server.AppiumServlet.handleHttpRequest(AppiumServlet.java:260)\n\tat io.appium.uiautomator2.http.ServerHandler.channelRead(ServerHandler.java:68)\n\tat io.netty.channel.AbstractChannelHandlerContext.invokeChannelRead(AbstractChannelHandlerContext.java:366)\n\tat io.netty.channel.AbstractChannelHandlerContext.invokeChannelRead(AbstractChannelHandlerContext.java:352)\n\tat io.netty.chann...
[debug] &amp#27;[35m[W3C]&amp#27;[39m Matched W3C error code 'no such element' to NoSuchElementError
[debug] &amp#27;[35m[BaseDriver]&amp#27;[39m Waited for 10178 ms so far
[debug] &amp#27;[35m[WD Proxy]&amp#27;[39m Matched '/element' to command name 'findElement'
[debug] &amp#27;[35m[WD Proxy]&amp#27;[39m Proxying [POST /element] to [POST http://127.0.0.1:8200/wd/hub/session/2e74e7b9-85a6-478f-8ae2-621a49ed711a/element] with body: {"strategy":"-android uiautomator","selector":"new UiSelector().text(\"添加成员\")","context":"","multiple":false}
&amp#27;[35m[WD Proxy]&amp#27;[39m Got response with status 404: {"sessionId":"2e74e7b9-85a6-478f-8ae2-621a49ed711a","value":{"error":"no such element","message":"An element could not be located on the page using the given search parameters","stacktrace":"io.appium.uiautomator2.common.exceptions.ElementNotFoundException: An element could not be located on the page using the given search parameters\n\tat io.appium.uiautomator2.handler.FindElement.safeHandle(FindElement.java:70)\n\tat io.appium.uiautomator2.handler.request.SafeRequestHandler.handle(SafeRequestHandler.java:59)\n\tat io.appium.uiautomator2.server.AppiumServlet.handleRequest(AppiumServlet.java:266)\n\tat io.appium.uiautomator2.server.AppiumServlet.handleHttpRequest(AppiumServlet.java:260)\n\tat io.appium.uiautomator2.http.ServerHandler.channelRead(ServerHandler.java:68)\n\tat io.netty.channel.AbstractChannelHandlerContext.invokeChannelRead(AbstractChannelHandlerContext.java:366)\n\tat io.netty.channel.AbstractChannelHandlerContext.invokeChannelRead(AbstractChannelHandlerContext.java:352)\n\tat io.netty.chann...
[debug] &amp#27;[35m[W3C]&amp#27;[39m Matched W3C error code 'no such element' to NoSuchElementError
[debug] &amp#27;[35m[BaseDriver]&amp#27;[39m Waited for 10723 ms so far
[debug] &amp#27;[35m[WD Proxy]&amp#27;[39m Matched '/element' to command name 'findElement'
[debug] &amp#27;[35m[WD Proxy]&amp#27;[39m Proxying [POST /element] to [POST http://127.0.0.1:8200/wd/hub/session/2e74e7b9-85a6-478f-8ae2-621a49ed711a/element] with body: {"strategy":"-android uiautomator","selector":"new UiSelector().text(\"添加成员\")","context":"","multiple":false}
&amp#27;[35m[WD Proxy]&amp#27;[39m Got response with status 404: {"sessionId":"2e74e7b9-85a6-478f-8ae2-621a49ed711a","value":{"error":"no such element","message":"An element could not be located on the page using the given search parameters","stacktrace":"io.appium.uiautomator2.common.exceptions.ElementNotFoundException: An element could not be located on the page using the given search parameters\n\tat io.appium.uiautomator2.handler.FindElement.safeHandle(FindElement.java:70)\n\tat io.appium.uiautomator2.handler.request.SafeRequestHandler.handle(SafeRequestHandler.java:59)\n\tat io.appium.uiautomator2.server.AppiumServlet.handleRequest(AppiumServlet.java:266)\n\tat io.appium.uiautomator2.server.AppiumServlet.handleHttpRequest(AppiumServlet.java:260)\n\tat io.appium.uiautomator2.http.ServerHandler.channelRead(ServerHandler.java:68)\n\tat io.netty.channel.AbstractChannelHandlerContext.invokeChannelRead(AbstractChannelHandlerContext.java:366)\n\tat io.netty.channel.AbstractChannelHandlerContext.invokeChannelRead(AbstractChannelHandlerContext.java:352)\n\tat io.netty.chann...
[debug] &amp#27;[35m[W3C]&amp#27;[39m Matched W3C error code 'no such element' to NoSuchElementError
[debug] &amp#27;[35m[BaseDriver]&amp#27;[39m Waited for 11268 ms so far
[debug] &amp#27;[35m[WD Proxy]&amp#27;[39m Matched '/element' to command name 'findElement'
[debug] &amp#27;[35m[WD Proxy]&amp#27;[39m Proxying [POST /element] to [POST http://127.0.0.1:8200/wd/hub/session/2e74e7b9-85a6-478f-8ae2-621a49ed711a/element] with body: {"strategy":"-android uiautomator","selector":"new UiSelector().text(\"添加成员\")","context":"","multiple":false}
&amp#27;[35m[WD Proxy]&amp#27;[39m Got response with status 404: {"sessionId":"2e74e7b9-85a6-478f-8ae2-621a49ed711a","value":{"error":"no such element","message":"An element could not be located on the page using the given search parameters","stacktrace":"io.appium.uiautomator2.common.exceptions.ElementNotFoundException: An element could not be located on the page using the given search parameters\n\tat io.appium.uiautomator2.handler.FindElement.safeHandle(FindElement.java:70)\n\tat io.appium.uiautomator2.handler.request.SafeRequestHandler.handle(SafeRequestHandler.java:59)\n\tat io.appium.uiautomator2.server.AppiumServlet.handleRequest(AppiumServlet.java:266)\n\tat io.appium.uiautomator2.server.AppiumServlet.handleHttpRequest(AppiumServlet.java:260)\n\tat io.appium.uiautomator2.http.ServerHandler.channelRead(ServerHandler.java:68)\n\tat io.netty.channel.AbstractChannelHandlerContext.invokeChannelRead(AbstractChannelHandlerContext.java:366)\n\tat io.netty.channel.AbstractChannelHandlerContext.invokeChannelRead(AbstractChannelHandlerContext.java:352)\n\tat io.netty.chann...
[debug] &amp#27;[35m[W3C]&amp#27;[39m Matched W3C error code 'no such element' to NoSuchElementError
[debug] &amp#27;[35m[BaseDriver]&amp#27;[39m Waited for 11814 ms so far
[debug] &amp#27;[35m[WD Proxy]&amp#27;[39m Matched '/element' to command name 'findElement'
[debug] &amp#27;[35m[WD Proxy]&amp#27;[39m Proxying [POST /element] to [POST http://127.0.0.1:8200/wd/hub/session/2e74e7b9-85a6-478f-8ae2-621a49ed711a/element] with body: {"strategy":"-android uiautomator","selector":"new UiSelector().text(\"添加成员\")","context":"","multiple":false}
&amp#27;[35m[WD Proxy]&amp#27;[39m Got response with status 404: {"sessionId":"2e74e7b9-85a6-478f-8ae2-621a49ed711a","value":{"error":"no such element","message":"An element could not be located on the page using the given search parameters","stacktrace":"io.appium.uiautomator2.common.exceptions.ElementNotFoundException: An element could not be located on the page using the given search parameters\n\tat io.appium.uiautomator2.handler.FindElement.safeHandle(FindElement.java:70)\n\tat io.appium.uiautomator2.handler.request.SafeRequestHandler.handle(SafeRequestHandler.java:59)\n\tat io.appium.uiautomator2.server.AppiumServlet.handleRequest(AppiumServlet.java:266)\n\tat io.appium.uiautomator2.server.AppiumServlet.handleHttpRequest(AppiumServlet.java:260)\n\tat io.appium.uiautomator2.http.ServerHandler.channelRead(ServerHandler.java:68)\n\tat io.netty.channel.AbstractChannelHandlerContext.invokeChannelRead(AbstractChannelHandlerContext.java:366)\n\tat io.netty.channel.AbstractChannelHandlerContext.invokeChannelRead(AbstractChannelHandlerContext.java:352)\n\tat io.netty.chann...
[debug] &amp#27;[35m[W3C]&amp#27;[39m Matched W3C error code 'no such element' to NoSuchElementError
[debug] &amp#27;[35m[BaseDriver]&amp#27;[39m Waited for 12359 ms so far
[debug] &amp#27;[35m[WD Proxy]&amp#27;[39m Matched '/element' to command name 'findElement'
[debug] &amp#27;[35m[WD Proxy]&amp#27;[39m Proxying [POST /element] to [POST http://127.0.0.1:8200/wd/hub/session/2e74e7b9-85a6-478f-8ae2-621a49ed711a/element] with body: {"strategy":"-android uiautomator","selector":"new UiSelector().text(\"添加成员\")","context":"","multiple":false}
&amp#27;[35m[WD Proxy]&amp#27;[39m Got response with status 404: {"sessionId":"2e74e7b9-85a6-478f-8ae2-621a49ed711a","value":{"error":"no such element","message":"An element could not be located on the page using the given search parameters","stacktrace":"io.appium.uiautomator2.common.exceptions.ElementNotFoundException: An element could not be located on the page using the given search parameters\n\tat io.appium.uiautomator2.handler.FindElement.safeHandle(FindElement.java:70)\n\tat io.appium.uiautomator2.handler.request.SafeRequestHandler.handle(SafeRequestHandler.java:59)\n\tat io.appium.uiautomator2.server.AppiumServlet.handleRequest(AppiumServlet.java:266)\n\tat io.appium.uiautomator2.server.AppiumServlet.handleHttpRequest(AppiumServlet.java:260)\n\tat io.appium.uiautomator2.http.ServerHandler.channelRead(ServerHandler.java:68)\n\tat io.netty.channel.AbstractChannelHandlerContext.invokeChannelRead(AbstractChannelHandlerContext.java:366)\n\tat io.netty.channel.AbstractChannelHandlerContext.invokeChannelRead(AbstractChannelHandlerContext.java:352)\n\tat io.netty.chann...
[debug] &amp#27;[35m[W3C]&amp#27;[39m Matched W3C error code 'no such element' to NoSuchElementError
[debug] &amp#27;[35m[BaseDriver]&amp#27;[39m Waited for 12908 ms so far
[debug] &amp#27;[35m[WD Proxy]&amp#27;[39m Matched '/element' to command name 'findElement'
[debug] &amp#27;[35m[WD Proxy]&amp#27;[39m Proxying [POST /element] to [POST http://127.0.0.1:8200/wd/hub/session/2e74e7b9-85a6-478f-8ae2-621a49ed711a/element] with body: {"strategy":"-android uiautomator","selector":"new UiSelector().text(\"添加成员\")","context":"","multiple":false}
&amp#27;[35m[WD Proxy]&amp#27;[39m Got response with status 404: {"sessionId":"2e74e7b9-85a6-478f-8ae2-621a49ed711a","value":{"error":"no such element","message":"An element could not be located on the page using the given search parameters","stacktrace":"io.appium.uiautomator2.common.exceptions.ElementNotFoundException: An element could not be located on the page using the given search parameters\n\tat io.appium.uiautomator2.handler.FindElement.safeHandle(FindElement.java:70)\n\tat io.appium.uiautomator2.handler.request.SafeRequestHandler.handle(SafeRequestHandler.java:59)\n\tat io.appium.uiautomator2.server.AppiumServlet.handleRequest(AppiumServlet.java:266)\n\tat io.appium.uiautomator2.server.AppiumServlet.handleHttpRequest(AppiumServlet.java:260)\n\tat io.appium.uiautomator2.http.ServerHandler.channelRead(ServerHandler.java:68)\n\tat io.netty.channel.AbstractChannelHandlerContext.invokeChannelRead(AbstractChannelHandlerContext.java:366)\n\tat io.netty.channel.AbstractChannelHandlerContext.invokeChannelRead(AbstractChannelHandlerContext.java:352)\n\tat io.netty.chann...
[debug] &amp#27;[35m[W3C]&amp#27;[39m Matched W3C error code 'no such element' to NoSuchElementError
[debug] &amp#27;[35m[BaseDriver]&amp#27;[39m Waited for 13460 ms so far
[debug] &amp#27;[35m[WD Proxy]&amp#27;[39m Matched '/element' to command name 'findElement'
[debug] &amp#27;[35m[WD Proxy]&amp#27;[39m Proxying [POST /element] to [POST http://127.0.0.1:8200/wd/hub/session/2e74e7b9-85a6-478f-8ae2-621a49ed711a/element] with body: {"strategy":"-android uiautomator","selector":"new UiSelector().text(\"添加成员\")","context":"","multiple":false}
&amp#27;[35m[WD Proxy]&amp#27;[39m Got response with status 404: {"sessionId":"2e74e7b9-85a6-478f-8ae2-621a49ed711a","value":{"error":"no such element","message":"An element could not be located on the page using the given search parameters","stacktrace":"io.appium.uiautomator2.common.exceptions.ElementNotFoundException: An element could not be located on the page using the given search parameters\n\tat io.appium.uiautomator2.handler.FindElement.safeHandle(FindElement.java:70)\n\tat io.appium.uiautomator2.handler.request.SafeRequestHandler.handle(SafeRequestHandler.java:59)\n\tat io.appium.uiautomator2.server.AppiumServlet.handleRequest(AppiumServlet.java:266)\n\tat io.appium.uiautomator2.server.AppiumServlet.handleHttpRequest(AppiumServlet.java:260)\n\tat io.appium.uiautomator2.http.ServerHandler.channelRead(ServerHandler.java:68)\n\tat io.netty.channel.AbstractChannelHandlerContext.invokeChannelRead(AbstractChannelHandlerContext.java:366)\n\tat io.netty.channel.AbstractChannelHandlerContext.invokeChannelRead(AbstractChannelHandlerContext.java:352)\n\tat io.netty.chann...
[debug] &amp#27;[35m[W3C]&amp#27;[39m Matched W3C error code 'no such element' to NoSuchElementError
[debug] &amp#27;[35m[BaseDriver]&amp#27;[39m Waited for 14004 ms so far
[debug] &amp#27;[35m[WD Proxy]&amp#27;[39m Matched '/element' to command name 'findElement'
[debug] &amp#27;[35m[WD Proxy]&amp#27;[39m Proxying [POST /element] to [POST http://127.0.0.1:8200/wd/hub/session/2e74e7b9-85a6-478f-8ae2-621a49ed711a/element] with body: {"strategy":"-android uiautomator","selector":"new UiSelector().text(\"添加成员\")","context":"","multiple":false}
&amp#27;[35m[WD Proxy]&amp#27;[39m Got response with status 404: {"sessionId":"2e74e7b9-85a6-478f-8ae2-621a49ed711a","value":{"error":"no such element","message":"An element could not be located on the page using the given search parameters","stacktrace":"io.appium.uiautomator2.common.exceptions.ElementNotFoundException: An element could not be located on the page using the given search parameters\n\tat io.appium.uiautomator2.handler.FindElement.safeHandle(FindElement.java:70)\n\tat io.appium.uiautomator2.handler.request.SafeRequestHandler.handle(SafeRequestHandler.java:59)\n\tat io.appium.uiautomator2.server.AppiumServlet.handleRequest(AppiumServlet.java:266)\n\tat io.appium.uiautomator2.server.AppiumServlet.handleHttpRequest(AppiumServlet.java:260)\n\tat io.appium.uiautomator2.http.ServerHandler.channelRead(ServerHandler.java:68)\n\tat io.netty.channel.AbstractChannelHandlerContext.invokeChannelRead(AbstractChannelHandlerContext.java:366)\n\tat io.netty.channel.AbstractChannelHandlerContext.invokeChannelRead(AbstractChannelHandlerContext.java:352)\n\tat io.netty.chann...
[debug] &amp#27;[35m[W3C]&amp#27;[39m Matched W3C error code 'no such element' to NoSuchElementError
[debug] &amp#27;[35m[BaseDriver]&amp#27;[39m Waited for 14551 ms so far
[debug] &amp#27;[35m[WD Proxy]&amp#27;[39m Matched '/element' to command name 'findElement'
[debug] &amp#27;[35m[WD Proxy]&amp#27;[39m Proxying [POST /element] to [POST http://127.0.0.1:8200/wd/hub/session/2e74e7b9-85a6-478f-8ae2-621a49ed711a/element] with body: {"strategy":"-android uiautomator","selector":"new UiSelector().text(\"添加成员\")","context":"","multiple":false}
&amp#27;[35m[WD Proxy]&amp#27;[39m Got response with status 404: {"sessionId":"2e74e7b9-85a6-478f-8ae2-621a49ed711a","value":{"error":"no such element","message":"An element could not be located on the page using the given search parameters","stacktrace":"io.appium.uiautomator2.common.exceptions.ElementNotFoundException: An element could not be located on the page using the given search parameters\n\tat io.appium.uiautomator2.handler.FindElement.safeHandle(FindElement.java:70)\n\tat io.appium.uiautomator2.handler.request.SafeRequestHandler.handle(SafeRequestHandler.java:59)\n\tat io.appium.uiautomator2.server.AppiumServlet.handleRequest(AppiumServlet.java:266)\n\tat io.appium.uiautomator2.server.AppiumServlet.handleHttpRequest(AppiumServlet.java:260)\n\tat io.appium.uiautomator2.http.ServerHandler.channelRead(ServerHandler.java:68)\n\tat io.netty.channel.AbstractChannelHandlerContext.invokeChannelRead(AbstractChannelHandlerContext.java:366)\n\tat io.netty.channel.AbstractChannelHandlerContext.invokeChannelRead(AbstractChannelHandlerContext.java:352)\n\tat io.netty.chann...
[debug] &amp#27;[35m[W3C]&amp#27;[39m Matched W3C error code 'no such element' to NoSuchElementError
[debug] &amp#27;[35m[BaseDriver]&amp#27;[39m Waited for 15095 ms so far
[debug] &amp#27;[35m[WD Proxy]&amp#27;[39m Matched '/element' to command name 'findElement'
[debug] &amp#27;[35m[WD Proxy]&amp#27;[39m Proxying [POST /element] to [POST http://127.0.0.1:8200/wd/hub/session/2e74e7b9-85a6-478f-8ae2-621a49ed711a/element] with body: {"strategy":"-android uiautomator","selector":"new UiSelector().text(\"添加成员\")","context":"","multiple":false}
[...]
[debug] &amp#27;[35m[WD Proxy]&amp#27;[39m Got response with status 200: {"sessionId":"2e74e7b9-85a6-478f-8ae2-621a49ed711a","value":{"ELEMENT":"00000000-0000-0ab2-ffff-ffff0000052c","element-6066-11e4-a52e-4f735466cecf":"00000000-0000-0ab2-ffff-ffff0000052c"}}
[debug] &amp#27;[35m[W3C (da2896bd)]&amp#27;[39m Responding to client with driver.findElement() result: {"element-6066-11e4-a52e-4f735466cecf":"00000000-0000-0ab2-ffff-ffff0000052c","ELEMENT":"00000000-0000-0ab2-ffff-ffff0000052c"}
&amp#27;[35m[HTTP]&amp#27;[39m &amp#27;[37m<-- POST /wd/hub/session/da2896bd-438a-4f7f-9343-bd96e6f29722/element &amp#27;[39m&amp#27;[32m200&amp#27;[39m &amp#27;[90m613 ms - 137&amp#27;[39m
&amp#27;[35m[HTTP]&amp#27;[39m &amp#27;[90m&amp#27;[39m
2023-05-28 09:17:10  &amp#27;[34m&amp#27;[0;39mINFO  &amp#27;[35m[main]&amp#27;[0;39m &amp#27;[33mtop.testeru.page.AppBasePage.back(AppBasePage.java:147)&amp#27;[0;39m -- 滑动返回
&amp#27;[35m[HTTP]&amp#27;[39m &amp#27;[37m-->&amp#27;[39m &amp#27;[37mGET&amp#27;[39m &amp#27;[37m/wd/hub/session/da2896bd-438a-4f7f-9343-bd96e6f29722/window/rect&amp#27;[39m
&amp#27;[35m[HTTP]&amp#27;[39m &amp#27;[90m{}&amp#27;[39m
[debug] &amp#27;[35m[W3C (da2896bd)]&amp#27;[39m Calling AppiumDriver.getWindowRect() with args: ["da2896bd-438a-4f7f-9343-bd96e6f29722"]
[debug] &amp#27;[35m[WD Proxy]&amp#27;[39m Matched '/window/current/size' to command name 'getWindowSize'
[debug] &amp#27;[35m[WD Proxy]&amp#27;[39m Proxying [GET /window/current/size] to [GET http://127.0.0.1:8200/wd/hub/session/2e74e7b9-85a6-478f-8ae2-621a49ed711a/window/current/size] with no body
[debug] &amp#27;[35m[WD Proxy]&amp#27;[39m Got response with status 200: {"sessionId":"2e74e7b9-85a6-478f-8ae2-621a49ed711a","value":{"height":2276,"width":1080}}
[debug] &amp#27;[35m[W3C (da2896bd)]&amp#27;[39m Responding to client with driver.getWindowRect() result: {"width":1080,"height":2276,"x":0,"y":0}
&amp#27;[35m[HTTP]&amp#27;[39m &amp#27;[37m<-- GET /wd/hub/session/da2896bd-438a-4f7f-9343-bd96e6f29722/window/rect &amp#27;[39m&amp#27;[32m200&amp#27;[39m &amp#27;[90m4 ms - 50&amp#27;[39m
&amp#27;[35m[HTTP]&amp#27;[39m &amp#27;[90m&amp#27;[39m
&amp#27;[35m[HTTP]&amp#27;[39m &amp#27;[37m-->&amp#27;[39m &amp#27;[37mPOST&amp#27;[39m &amp#27;[37m/wd/hub/session/da2896bd-438a-4f7f-9343-bd96e6f29722/actions&amp#27;[39m
&amp#27;[35m[HTTP]&amp#27;[39m &amp#27;[90m{"actions":[{"id":"finger1","type":"pointer","parameters":{"pointerType":"touch"},"actions":[{"duration":0,"type":"pause"},{"duration":0,"x":0,"y":1138,"type":"pointerMove","origin":"viewport"},{"button":0,"type":"pointerDown"},{"duration":1000,"x":972,"y":1138,"type":"pointerMove","origin":"viewport"},{"button":0,"type":"pointerUp"}]}]}&amp#27;[39m
[debug] &amp#27;[35m[W3C (da2896bd)]&amp#27;[39m Calling AppiumDriver.performActions() with args: [[{"id":"finger1","type":"pointer","parameters":{"pointerType":"touch"},"actions":[{"duration":0,"type":"pause"},{"duration":0,"x":0,"y":1138,"type":"pointerMove","origin":"viewport"},{"button":0,"type":"pointerDown"},{"duration":1000,"x":972,"y":1138,"type":"pointerMove","origin":"viewport"},{"button":0,"type":"pointerUp"}]}],"da2896bd-438a-4f7f-9343-bd96e6f29722"]
[debug] &amp#27;[35m[UiAutomator2]&amp#27;[39m Received the following W3C actions: [
[debug] &amp#27;[35m[UiAutomator2]&amp#27;[39m   {
[debug] &amp#27;[35m[UiAutomator2]&amp#27;[39m     "id": "finger1",
[debug] &amp#27;[35m[UiAutomator2]&amp#27;[39m     "type": "pointer",
[debug] &amp#27;[35m[UiAutomator2]&amp#27;[39m     "parameters": {
[debug] &amp#27;[35m[UiAutomator2]&amp#27;[39m       "pointerType": "touch"
[debug] &amp#27;[35m[UiAutomator2]&amp#27;[39m     },
[debug] &amp#27;[35m[UiAutomator2]&amp#27;[39m     "actions": [
[debug] &amp#27;[35m[UiAutomator2]&amp#27;[39m       {
[debug] &amp#27;[35m[UiAutomator2]&amp#27;[39m         "duration": 0,
[debug] &amp#27;[35m[UiAutomator2]&amp#27;[39m         "type": "pause"
[debug] &amp#27;[35m[UiAutomator2]&amp#27;[39m       },
[debug] &amp#27;[35m[UiAutomator2]&amp#27;[39m       {
[debug] &amp#27;[35m[UiAutomator2]&amp#27;[39m         "duration": 0,
[debug] &amp#27;[35m[UiAutomator2]&amp#27;[39m         "x": 0,
[debug] &amp#27;[35m[UiAutomator2]&amp#27;[39m         "y": 1138,
[debug] &amp#27;[35m[UiAutomator2]&amp#27;[39m         "type": "pointerMove",
[debug] &amp#27;[35m[UiAutomator2]&amp#27;[39m         "origin": "viewport"
[debug] &amp#27;[35m[UiAutomator2]&amp#27;[39m       },
[debug] &amp#27;[35m[UiAutomator2]&amp#27;[39m       {
[debug] &amp#27;[35m[UiAutomator2]&amp#27;[39m         "button": 0,
[debug] &amp#27;[35m[UiAutomator2]&amp#27;[39m         "type": "pointerDown"
[debug] &amp#27;[35m[UiAutomator2]&amp#27;[39m       },
[debug] &amp#27;[35m[UiAutomator2]&amp#27;[39m       {
[debug] &amp#27;[35m[UiAutomator2]&amp#27;[39m         "duration": 1000,
[debug] &amp#27;[35m[UiAutomator2]&amp#27;[39m         "x": 972,
[debug] &amp#27;[35m[UiAutomator2]&amp#27;[39m         "y": 1138,
[debug] &amp#27;[35m[UiAutomator2]&amp#27;[39m         "type": "pointerMove",
[debug] &amp#27;[35m[UiAutomator2]&amp#27;[39m         "origin": "viewport"
[debug] &amp#27;[35m[UiAutomator2]&amp#27;[39m       },
[debug] &amp#27;[35m[UiAutomator2]&amp#27;[39m       {
[debug] &amp#27;[35m[UiAutomator2]&amp#27;[39m         "button": 0,
[debug] &amp#27;[35m[UiAutomator2]&amp#27;[39m         "type": "pointerUp"
[debug] &amp#27;[35m[UiAutomator2]&amp#27;[39m       }
[debug] &amp#27;[35m[UiAutomator2]&amp#27;[39m     ]
[debug] &amp#27;[35m[UiAutomator2]&amp#27;[39m   }
[debug] &amp#27;[35m[UiAutomator2]&amp#27;[39m ]
[debug] &amp#27;[35m[UiAutomator2]&amp#27;[39m Preprocessed actions: [
[debug] &amp#27;[35m[UiAutomator2]&amp#27;[39m   {
[debug] &amp#27;[35m[UiAutomator2]&amp#27;[39m     "id": "finger1",
[debug] &amp#27;[35m[UiAutomator2]&amp#27;[39m     "type": "pointer",
[debug] &amp#27;[35m[UiAutomator2]&amp#27;[39m     "parameters": {
[debug] &amp#27;[35m[UiAutomator2]&amp#27;[39m       "pointerType": "touch"
[debug] &amp#27;[35m[UiAutomator2]&amp#27;[39m     },
[debug] &amp#27;[35m[UiAutomator2]&amp#27;[39m     "actions": [
[debug] &amp#27;[35m[UiAutomator2]&amp#27;[39m       {
[debug] &amp#27;[35m[UiAutomator2]&amp#27;[39m         "duration": 0,
[debug] &amp#27;[35m[UiAutomator2]&amp#27;[39m         "type": "pause"
[debug] &amp#27;[35m[UiAutomator2]&amp#27;[39m       },
[debug] &amp#27;[35m[UiAutomator2]&amp#27;[39m       {
[debug] &amp#27;[35m[UiAutomator2]&amp#27;[39m         "duration": 0,
[debug] &amp#27;[35m[UiAutomator2]&amp#27;[39m         "x": 0,
[debug] &amp#27;[35m[UiAutomator2]&amp#27;[39m         "y": 1138,
[debug] &amp#27;[35m[UiAutomator2]&amp#27;[39m         "type": "pointerMove",
[debug] &amp#27;[35m[UiAutomator2]&amp#27;[39m         "origin": "viewport"
[debug] &amp#27;[35m[UiAutomator2]&amp#27;[39m       },
[debug] &amp#27;[35m[UiAutomator2]&amp#27;[39m       {
[debug] &amp#27;[35m[UiAutomator2]&amp#27;[39m         "button": 0,
[debug] &amp#27;[35m[UiAutomator2]&amp#27;[39m         "type": "pointerDown"
[debug] &amp#27;[35m[UiAutomator2]&amp#27;[39m       },
[debug] &amp#27;[35m[UiAutomator2]&amp#27;[39m       {
[debug] &amp#27;[35m[UiAutomator2]&amp#27;[39m         "duration": 1000,
[debug] &amp#27;[35m[UiAutomator2]&amp#27;[39m         "x": 972,
[debug] &amp#27;[35m[UiAutomator2]&amp#27;[39m         "y": 1138,
[debug] &amp#27;[35m[UiAutomator2]&amp#27;[39m         "type": "pointerMove",
[debug] &amp#27;[35m[UiAutomator2]&amp#27;[39m         "origin": "viewport"
[debug] &amp#27;[35m[UiAutomator2]&amp#27;[39m       },
[debug] &amp#27;[35m[UiAutomator2]&amp#27;[39m       {
[debug] &amp#27;[35m[UiAutomator2]&amp#27;[39m         "button": 0,
[debug] &amp#27;[35m[UiAutomator2]&amp#27;[39m         "type": "pointerUp"
[debug] &amp#27;[35m[UiAutomator2]&amp#27;[39m       }
[debug] &amp#27;[35m[UiAutomator2]&amp#27;[39m     ]
[debug] &amp#27;[35m[UiAutomator2]&amp#27;[39m   }
[debug] &amp#27;[35m[UiAutomator2]&amp#27;[39m ]
[debug] &amp#27;[35m[WD Proxy]&amp#27;[39m Matched '/actions' to command name 'performActions'
[debug] &amp#27;[35m[WD Proxy]&amp#27;[39m Proxying [POST /actions] to [POST http://127.0.0.1:8200/wd/hub/session/2e74e7b9-85a6-478f-8ae2-621a49ed711a/actions] with body: {"actions":[{"id":"finger1","type":"pointer","parameters":{"pointerType":"touch"},"actions":[{"duration":0,"type":"pause"},{"duration":0,"x":0,"y":1138,"type":"pointerMove","origin":"viewport"},{"button":0,"type":"pointerDown"},{"duration":1000,"x":972,"y":1138,"type":"pointerMove","origin":"viewport"},{"button":0,"type":"pointerUp"}]}]}
[debug] &amp#27;[35m[WD Proxy]&amp#27;[39m Got response with status 200: {"sessionId":"2e74e7b9-85a6-478f-8ae2-621a49ed711a","value":null}
[debug] &amp#27;[35m[W3C (da2896bd)]&amp#27;[39m Responding to client with driver.performActions() result: null
&amp#27;[35m[HTTP]&amp#27;[39m &amp#27;[37m<-- POST /wd/hub/session/da2896bd-438a-4f7f-9343-bd96e6f29722/actions &amp#27;[39m&amp#27;[32m200&amp#27;[39m &amp#27;[90m1025 ms - 14&amp#27;[39m
&amp#27;[35m[HTTP]&amp#27;[39m &amp#27;[90m&amp#27;[39m
2023-05-28 09:17:11  &amp#27;[34m&amp#27;[0;39mINFO  &amp#27;[35m[main]&amp#27;[0;39m &amp#27;[33mtop.testeru.page.AppBasePage.upAndDown(AppBasePage.java:156)&amp#27;[0;39m -- 上下滑动
&amp#27;[35m[HTTP]&amp#27;[39m &amp#27;[37m-->&amp#27;[39m &amp#27;[37mGET&amp#27;[39m &amp#27;[37m/wd/hub/session/da2896bd-438a-4f7f-9343-bd96e6f29722/window/rect&amp#27;[39m
&amp#27;[35m[HTTP]&amp#27;[39m &amp#27;[90m{}&amp#27;[39m
[debug] &amp#27;[35m[W3C (da2896bd)]&amp#27;[39m Calling AppiumDriver.getWindowRect() with args: ["da2896bd-438a-4f7f-9343-bd96e6f29722"]
[debug] &amp#27;[35m[WD Proxy]&amp#27;[39m Matched '/window/current/size' to command name 'getWindowSize'
[debug] &amp#27;[35m[WD Proxy]&amp#27;[39m Proxying [GET /window/current/size] to [GET http://127.0.0.1:8200/wd/hub/session/2e74e7b9-85a6-478f-8ae2-621a49ed711a/window/current/size] with no body
[debug] &amp#27;[35m[WD Proxy]&amp#27;[39m Got response with status 200: {"sessionId":"2e74e7b9-85a6-478f-8ae2-621a49ed711a","value":{"height":2276,"width":1080}}
[debug] &amp#27;[35m[W3C (da2896bd)]&amp#27;[39m Responding to client with driver.getWindowRect() result: {"width":1080,"height":2276,"x":0,"y":0}
&amp#27;[35m[HTTP]&amp#27;[39m &amp#27;[37m<-- GET /wd/hub/session/da2896bd-438a-4f7f-9343-bd96e6f29722/window/rect &amp#27;[39m&amp#27;[32m200&amp#27;[39m &amp#27;[90m5 ms - 50&amp#27;[39m
&amp#27;[35m[HTTP]&amp#27;[39m &amp#27;[90m&amp#27;[39m
2023-05-28 09:17:11  &amp#27;[34m&amp#27;[0;39mINFO  &amp#27;[35m[main]&amp#27;[0;39m &amp#27;[33mtop.testeru.page.AppBasePage.upAndDown(AppBasePage.java:163)&amp#27;[0;39m -- 从(540, 1820)滑动到(540, 455)
&amp#27;[35m[HTTP]&amp#27;[39m &amp#27;[37m-->&amp#27;[39m &amp#27;[37mPOST&amp#27;[39m &amp#27;[37m/wd/hub/session/da2896bd-438a-4f7f-9343-bd96e6f29722/actions&amp#27;[39m
&amp#27;[35m[HTTP]&amp#27;[39m &amp#27;[90m{"actions":[{"id":"finger1","type":"pointer","parameters":{"pointerType":"touch"},"actions":[{"duration":0,"type":"pause"},{"duration":0,"x":540,"y":1820,"type":"pointerMove","origin":"viewport"},{"button":0,"type":"pointerDown"},{"duration":1000,"x":540,"y":455,"type":"pointerMove","origin":"viewport"},{"button":0,"type":"pointerUp"}]}]}&amp#27;[39m
[debug] &amp#27;[35m[W3C (da2896bd)]&amp#27;[39m Calling AppiumDriver.performActions() with args: [[{"id":"finger1","type":"pointer","parameters":{"pointerType":"touch"},"actions":[{"duration":0,"type":"pause"},{"duration":0,"x":540,"y":1820,"type":"pointerMove","origin":"viewport"},{"button":0,"type":"pointerDown"},{"duration":1000,"x":540,"y":455,"type":"pointerMove","origin":"viewport"},{"button":0,"type":"pointerUp"}]}],"da2896bd-438a-4f7f-9343-bd96e6f29722"]
[debug] &amp#27;[35m[UiAutomator2]&amp#27;[39m Received the following W3C actions: [
[debug] &amp#27;[35m[UiAutomator2]&amp#27;[39m   {
[debug] &amp#27;[35m[UiAutomator2]&amp#27;[39m     "id": "finger1",
[debug] &amp#27;[35m[UiAutomator2]&amp#27;[39m     "type": "pointer",
[debug] &amp#27;[35m[UiAutomator2]&amp#27;[39m     "parameters": {
[debug] &amp#27;[35m[UiAutomator2]&amp#27;[39m       "pointerType": "touch"
[debug] &amp#27;[35m[UiAutomator2]&amp#27;[39m     },
[debug] &amp#27;[35m[UiAutomator2]&amp#27;[39m     "actions": [
[debug] &amp#27;[35m[UiAutomator2]&amp#27;[39m       {
[debug] &amp#27;[35m[UiAutomator2]&amp#27;[39m         "duration": 0,
[debug] &amp#27;[35m[UiAutomator2]&amp#27;[39m         "type": "pause"
[debug] &amp#27;[35m[UiAutomator2]&amp#27;[39m       },
[debug] &amp#27;[35m[UiAutomator2]&amp#27;[39m       {
[debug] &amp#27;[35m[UiAutomator2]&amp#27;[39m         "duration": 0,
[debug] &amp#27;[35m[UiAutomator2]&amp#27;[39m         "x": 540,
[debug] &amp#27;[35m[UiAutomator2]&amp#27;[39m         "y": 1820,
[debug] &amp#27;[35m[UiAutomator2]&amp#27;[39m         "type": "pointerMove",
[debug] &amp#27;[35m[UiAutomator2]&amp#27;[39m         "origin": "viewport"
[debug] &amp#27;[35m[UiAutomator2]&amp#27;[39m       },
[debug] &amp#27;[35m[UiAutomator2]&amp#27;[39m       {
[debug] &amp#27;[35m[UiAutomator2]&amp#27;[39m         "button": 0,
[debug] &amp#27;[35m[UiAutomator2]&amp#27;[39m         "type": "pointerDown"
[debug] &amp#27;[35m[UiAutomator2]&amp#27;[39m       },
[debug] &amp#27;[35m[UiAutomator2]&amp#27;[39m       {
[debug] &amp#27;[35m[UiAutomator2]&amp#27;[39m         "duration": 1000,
[debug] &amp#27;[35m[UiAutomator2]&amp#27;[39m         "x": 540,
[debug] &amp#27;[35m[UiAutomator2]&amp#27;[39m         "y": 455,
[debug] &amp#27;[35m[UiAutomator2]&amp#27;[39m         "type": "pointerMove",
[debug] &amp#27;[35m[UiAutomator2]&amp#27;[39m         "origin": "viewport"
[debug] &amp#27;[35m[UiAutomator2]&amp#27;[39m       },
[debug] &amp#27;[35m[UiAutomator2]&amp#27;[39m       {
[debug] &amp#27;[35m[UiAutomator2]&amp#27;[39m         "button": 0,
[debug] &amp#27;[35m[UiAutomator2]&amp#27;[39m         "type": "pointerUp"
[debug] &amp#27;[35m[UiAutomator2]&amp#27;[39m       }
[debug] &amp#27;[35m[UiAutomator2]&amp#27;[39m     ]
[debug] &amp#27;[35m[UiAutomator2]&amp#27;[39m   }
[debug] &amp#27;[35m[UiAutomator2]&amp#27;[39m ]
[debug] &amp#27;[35m[UiAutomator2]&amp#27;[39m Preprocessed actions: [
[debug] &amp#27;[35m[UiAutomator2]&amp#27;[39m   {
[debug] &amp#27;[35m[UiAutomator2]&amp#27;[39m     "id": "finger1",
[debug] &amp#27;[35m[UiAutomator2]&amp#27;[39m     "type": "pointer",
[debug] &amp#27;[35m[UiAutomator2]&amp#27;[39m     "parameters": {
[debug] &amp#27;[35m[UiAutomator2]&amp#27;[39m       "pointerType": "touch"
[debug] &amp#27;[35m[UiAutomator2]&amp#27;[39m     },
[debug] &amp#27;[35m[UiAutomator2]&amp#27;[39m     "actions": [
[debug] &amp#27;[35m[UiAutomator2]&amp#27;[39m       {
[debug] &amp#27;[35m[UiAutomator2]&amp#27;[39m         "duration": 0,
[debug] &amp#27;[35m[UiAutomator2]&amp#27;[39m         "type": "pause"
[debug] &amp#27;[35m[UiAutomator2]&amp#27;[39m       },
[debug] &amp#27;[35m[UiAutomator2]&amp#27;[39m       {
[debug] &amp#27;[35m[UiAutomator2]&amp#27;[39m         "duration": 0,
[debug] &amp#27;[35m[UiAutomator2]&amp#27;[39m         "x": 540,
[debug] &amp#27;[35m[UiAutomator2]&amp#27;[39m         "y": 1820,
[debug] &amp#27;[35m[UiAutomator2]&amp#27;[39m         "type": "pointerMove",
[debug] &amp#27;[35m[UiAutomator2]&amp#27;[39m         "origin": "viewport"
[debug] &amp#27;[35m[UiAutomator2]&amp#27;[39m       },
[debug] &amp#27;[35m[UiAutomator2]&amp#27;[39m       {
[debug] &amp#27;[35m[UiAutomator2]&amp#27;[39m         "button": 0,
[debug] &amp#27;[35m[UiAutomator2]&amp#27;[39m         "type": "pointerDown"
[debug] &amp#27;[35m[UiAutomator2]&amp#27;[39m       },
[debug] &amp#27;[35m[UiAutomator2]&amp#27;[39m       {
[debug] &amp#27;[35m[UiAutomator2]&amp#27;[39m         "duration": 1000,
[debug] &amp#27;[35m[UiAutomator2]&amp#27;[39m         "x": 540,
[debug] &amp#27;[35m[UiAutomator2]&amp#27;[39m         "y": 455,
[debug] &amp#27;[35m[UiAutomator2]&amp#27;[39m         "type": "pointerMove",
[debug] &amp#27;[35m[UiAutomator2]&amp#27;[39m         "origin": "viewport"
[debug] &amp#27;[35m[UiAutomator2]&amp#27;[39m       },
[debug] &amp#27;[35m[UiAutomator2]&amp#27;[39m       {
[debug] &amp#27;[35m[UiAutomator2]&amp#27;[39m         "button": 0,
[debug] &amp#27;[35m[UiAutomator2]&amp#27;[39m         "type": "pointerUp"
[debug] &amp#27;[35m[UiAutomator2]&amp#27;[39m       }
[debug] &amp#27;[35m[UiAutomator2]&amp#27;[39m     ]
[debug] &amp#27;[35m[UiAutomator2]&amp#27;[39m   }
[debug] &amp#27;[35m[UiAutomator2]&amp#27;[39m ]
[debug] &amp#27;[35m[WD Proxy]&amp#27;[39m Matched '/actions' to command name 'performActions'
[debug] &amp#27;[35m[WD Proxy]&amp#27;[39m Proxying [POST /actions] to [POST http://127.0.0.1:8200/wd/hub/session/2e74e7b9-85a6-478f-8ae2-621a49ed711a/actions] with body: {"actions":[{"id":"finger1","type":"pointer","parameters":{"pointerType":"touch"},"actions":[{"duration":0,"type":"pause"},{"duration":0,"x":540,"y":1820,"type":"pointerMove","origin":"viewport"},{"button":0,"type":"pointerDown"},{"duration":1000,"x":540,"y":455,"type":"pointerMove","origin":"viewport"},{"button":0,"type":"pointerUp"}]}]}
[debug] &amp#27;[35m[WD Proxy]&amp#27;[39m Got response with status 200: {"sessionId":"2e74e7b9-85a6-478f-8ae2-621a49ed711a","value":null}
[debug] &amp#27;[35m[W3C (da2896bd)]&amp#27;[39m Responding to client with driver.performActions() result: null
&amp#27;[35m[HTTP]&amp#27;[39m &amp#27;[37m<-- POST /wd/hub/session/da2896bd-438a-4f7f-9343-bd96e6f29722/actions &amp#27;[39m&amp#27;[32m200&amp#27;[39m &amp#27;[90m1092 ms - 14&amp#27;[39m
&amp#27;[35m[HTTP]&amp#27;[39m &amp#27;[90m&amp#27;[39m
&amp#27;[35m[HTTP]&amp#27;[39m &amp#27;[37m-->&amp#27;[39m &amp#27;[37mGET&amp#27;[39m &amp#27;[37m/wd/hub/session/da2896bd-438a-4f7f-9343-bd96e6f29722/source&amp#27;[39m
&amp#27;[35m[HTTP]&amp#27;[39m &amp#27;[90m{}&amp#27;[39m
&amp#27;[35m[W3C (da2896bd)]&amp#27;[39m Driver proxy active, passing request on via HTTP proxy
[debug] &amp#27;[35m[WD Proxy]&amp#27;[39m Matched '/wd/hub/session/da2896bd-438a-4f7f-9343-bd96e6f29722/source' to command name 'getPageSource'
[debug] &amp#27;[35m[WD Proxy]&amp#27;[39m Proxying [GET /wd/hub/session/da2896bd-438a-4f7f-9343-bd96e6f29722/source] to [GET http://127.0.0.1:8200/wd/hub/session/2e74e7b9-85a6-478f-8ae2-621a49ed711a/source] with no body
[debug] &amp#27;[35m[WD Proxy]&amp#27;[39m Got response with status 200: {"sessionId":"2e74e7b9-85a6-478f-8ae2-621a49ed711a","value":"<?xml version='1.0' encoding='UTF-8' standalone='yes' ?>\r\n<hierarchy index=\"0\" class=\"hierarchy\" rotation=\"0\" width=\"1080\" height=\"2276\">\r\n  <android.widget.FrameLayout index=\"0\" package=\"com.tencent.wework\" class=\"android.widget.FrameLayout\" text=\"\" checkable=\"false\" checked=\"false\" clickable=\"false\" enabled=\"true\" focusable=\"false\" focused=\"false\" long-clickable=\"false\" password=\"false\" scrollable=\"false\" selected=\"false\" bounds=\"[0,0][1080,2276]\" displayed=\"true\">\r\n    <android.widget.LinearLayout index=\"0\" package=\"com.tencent.wework\" class=\"android.widget.LinearLayout\" text=\"\" checkable=\"false\" checked=\"false\" clickable=\"false\" enabled=\"true\" focusable=\"false\" focused=\"false\" long-clickable=\"false\" password=\"false\" scrollable=\"false\" selected=\"false\" bounds=\"[0,0][1080,2276]\" displayed=\"true\">\r\n      <android.widget.FrameLayout index=\"0\" package=\"com.tencent...
&amp#27;[35m[WD Proxy]&amp#27;[39m Replacing sessionId 2e74e7b9-85a6-478f-8ae2-621a49ed711a with da2896bd-438a-4f7f-9343-bd96e6f29722
&amp#27;[35m[HTTP]&amp#27;[39m &amp#27;[37m<-- GET /wd/hub/session/da2896bd-438a-4f7f-9343-bd96e6f29722/source &amp#27;[39m&amp#27;[32m200&amp#27;[39m &amp#27;[90m63 ms - 54130&amp#27;[39m
&amp#27;[35m[HTTP]&amp#27;[39m &amp#27;[90m&amp#27;[39m
]]></system-out>
  </testcase>
</testsuite>